[0.009s] Invoking command in '/home/shesha/robot_ws/build/velodyne_simulator': AMENT_PREFIX_PATH=/home/shesha/robot_ws/install/velodyne_gazebo_plugins:/home/shesha/robot_ws/install/velodyne_description:${AMENT_PREFIX_PATH} CMAKE_PREFIX_PATH=/home/shesha/robot_ws/install/velodyne_gazebo_plugins:/home/shesha/robot_ws/install/velodyne_description:/opt/ros/humble LD_LIBRARY_PATH=/home/shesha/robot_ws/install/velodyne_gazebo_plugins/lib:${LD_LIBRARY_PATH} /usr/bin/cmake /home/shesha/robot_ws/src/velodyne_simulator/velodyne_simulator -DCMAKE_INSTALL_PREFIX=/home/shesha/robot_ws/install/velodyne_simulator
[0.068s] -- The C compiler identification is GNU 11.4.0
[0.126s] -- The CXX compiler identification is GNU 11.4.0
[0.134s] -- Detecting C compiler ABI info
[0.210s] -- Detecting C compiler ABI info - done
[0.217s] -- Check for working C compiler: /usr/bin/cc - skipped
[0.217s] -- Detecting C compile features
[0.218s] -- Detecting C compile features - done
[0.220s] -- Detecting CXX compiler ABI info
[0.306s] -- Detecting CXX compiler ABI info - done
[0.313s] -- Check for working CXX compiler: /usr/bin/c++ - skipped
[0.313s] -- Detecting CXX compile features
[0.313s] -- Detecting CXX compile features - done
[0.316s] -- Found ament_cmake: 1.3.12 (/opt/ros/humble/share/ament_cmake/cmake)
[0.459s] -- Found Python3: /usr/bin/python3 (found version "3.10.12") found components: Interpreter 
[0.546s] -- Found ament_lint_auto: 0.12.14 (/opt/ros/humble/share/ament_lint_auto/cmake)
[0.609s] -- Configuring done
[0.612s] -- Generating done
[0.614s] -- Build files have been written to: /home/shesha/robot_ws/build/velodyne_simulator
[0.618s] Invoked command in '/home/shesha/robot_ws/build/velodyne_simulator' returned '0': AMENT_PREFIX_PATH=/home/shesha/robot_ws/install/velodyne_gazebo_plugins:/home/shesha/robot_ws/install/velodyne_description:${AMENT_PREFIX_PATH} CMAKE_PREFIX_PATH=/home/shesha/robot_ws/install/velodyne_gazebo_plugins:/home/shesha/robot_ws/install/velodyne_description:/opt/ros/humble LD_LIBRARY_PATH=/home/shesha/robot_ws/install/velodyne_gazebo_plugins/lib:${LD_LIBRARY_PATH} /usr/bin/cmake /home/shesha/robot_ws/src/velodyne_simulator/velodyne_simulator -DCMAKE_INSTALL_PREFIX=/home/shesha/robot_ws/install/velodyne_simulator
[0.620s] Invoking command in '/home/shesha/robot_ws/build/velodyne_simulator': AMENT_PREFIX_PATH=/home/shesha/robot_ws/install/velodyne_gazebo_plugins:/home/shesha/robot_ws/install/velodyne_description:${AMENT_PREFIX_PATH} CMAKE_PREFIX_PATH=/home/shesha/robot_ws/install/velodyne_gazebo_plugins:/home/shesha/robot_ws/install/velodyne_description:/opt/ros/humble LD_LIBRARY_PATH=/home/shesha/robot_ws/install/velodyne_gazebo_plugins/lib:${LD_LIBRARY_PATH} /usr/bin/cmake --build /home/shesha/robot_ws/build/velodyne_simulator -- -j16 -l16
[0.662s] Invoked command in '/home/shesha/robot_ws/build/velodyne_simulator' returned '0': AMENT_PREFIX_PATH=/home/shesha/robot_ws/install/velodyne_gazebo_plugins:/home/shesha/robot_ws/install/velodyne_description:${AMENT_PREFIX_PATH} CMAKE_PREFIX_PATH=/home/shesha/robot_ws/install/velodyne_gazebo_plugins:/home/shesha/robot_ws/install/velodyne_description:/opt/ros/humble LD_LIBRARY_PATH=/home/shesha/robot_ws/install/velodyne_gazebo_plugins/lib:${LD_LIBRARY_PATH} /usr/bin/cmake --build /home/shesha/robot_ws/build/velodyne_simulator -- -j16 -l16
[0.663s] Invoking command in '/home/shesha/robot_ws/build/velodyne_simulator': AMENT_PREFIX_PATH=/home/shesha/robot_ws/install/velodyne_gazebo_plugins:/home/shesha/robot_ws/install/velodyne_description:${AMENT_PREFIX_PATH} CMAKE_PREFIX_PATH=/home/shesha/robot_ws/install/velodyne_gazebo_plugins:/home/shesha/robot_ws/install/velodyne_description:/opt/ros/humble LD_LIBRARY_PATH=/home/shesha/robot_ws/install/velodyne_gazebo_plugins/lib:${LD_LIBRARY_PATH} /usr/bin/cmake --install /home/shesha/robot_ws/build/velodyne_simulator
[0.671s] -- Install configuration: ""
[0.671s] -- Installing: /home/shesha/robot_ws/install/velodyne_simulator/share/ament_index/resource_index/package_run_dependencies/velodyne_simulator
[0.671s] -- Installing: /home/shesha/robot_ws/install/velodyne_simulator/share/ament_index/resource_index/parent_prefix_path/velodyne_simulator
[0.672s] -- Installing: /home/shesha/robot_ws/install/velodyne_simulator/share/velodyne_simulator/environment/ament_prefix_path.sh
[0.672s] -- Installing: /home/shesha/robot_ws/install/velodyne_simulator/share/velodyne_simulator/environment/ament_prefix_path.dsv
[0.672s] -- Installing: /home/shesha/robot_ws/install/velodyne_simulator/share/velodyne_simulator/environment/path.sh
[0.672s] -- Installing: /home/shesha/robot_ws/install/velodyne_simulator/share/velodyne_simulator/environment/path.dsv
[0.672s] -- Installing: /home/shesha/robot_ws/install/velodyne_simulator/share/velodyne_simulator/local_setup.bash
[0.672s] -- Installing: /home/shesha/robot_ws/install/velodyne_simulator/share/velodyne_simulator/local_setup.sh
[0.672s] -- Installing: /home/shesha/robot_ws/install/velodyne_simulator/share/velodyne_simulator/local_setup.zsh
[0.673s] -- Installing: /home/shesha/robot_ws/install/velodyne_simulator/share/velodyne_simulator/local_setup.dsv
[0.673s] -- Installing: /home/shesha/robot_ws/install/velodyne_simulator/share/velodyne_simulator/package.dsv
[0.673s] -- Installing: /home/shesha/robot_ws/install/velodyne_simulator/share/ament_index/resource_index/packages/velodyne_simulator
[0.673s] -- Installing: /home/shesha/robot_ws/install/velodyne_simulator/share/velodyne_simulator/cmake/velodyne_simulatorConfig.cmake
[0.673s] -- Installing: /home/shesha/robot_ws/install/velodyne_simulator/share/velodyne_simulator/cmake/velodyne_simulatorConfig-version.cmake
[0.673s] -- Installing: /home/shesha/robot_ws/install/velodyne_simulator/share/velodyne_simulator/package.xml
[0.677s] Invoked command in '/home/shesha/robot_ws/build/velodyne_simulator' returned '0': AMENT_PREFIX_PATH=/home/shesha/robot_ws/install/velodyne_gazebo_plugins:/home/shesha/robot_ws/install/velodyne_description:${AMENT_PREFIX_PATH} CMAKE_PREFIX_PATH=/home/shesha/robot_ws/install/velodyne_gazebo_plugins:/home/shesha/robot_ws/install/velodyne_description:/opt/ros/humble LD_LIBRARY_PATH=/home/shesha/robot_ws/install/velodyne_gazebo_plugins/lib:${LD_LIBRARY_PATH} /usr/bin/cmake --install /home/shesha/robot_ws/build/velodyne_simulator
