[0.010s] Invoking command in '/home/shesha/robot_ws/build/td3': CMAKE_PREFIX_PATH=/opt/ros/humble /usr/bin/cmake /home/shesha/robot_ws/src/td3 -DAMENT_CMAKE_SYMLINK_INSTALL=1 -DCMAKE_INSTALL_PREFIX=/home/shesha/robot_ws/install/td3
[0.062s] -- The C compiler identification is GNU 11.4.0
[0.114s] -- The CXX compiler identification is GNU 11.4.0
[0.121s] -- Detecting C compiler ABI info
[0.189s] -- Detecting C compiler ABI info - done
[0.195s] -- Check for working C compiler: /usr/bin/cc - skipped
[0.196s] -- Detecting C compile features
[0.196s] -- Detecting C compile features - done
[0.198s] -- Detecting CXX compiler ABI info
[0.275s] -- Detecting CXX compiler ABI info - done
[0.282s] -- Check for working CXX compiler: /usr/bin/c++ - skipped
[0.282s] -- Detecting CXX compile features
[0.282s] -- Detecting CXX compile features - done
[0.284s] -- Found ament_cmake: 1.3.12 (/opt/ros/humble/share/ament_cmake/cmake)
[0.415s] -- Found Python3: /usr/bin/python3 (found version "3.10.12") found components: Interpreter 
[0.468s] -- Override CMake install command with custom implementation using symlinks instead of copying resources
[0.491s] -- Found ament_lint_auto: 0.12.14 (/opt/ros/humble/share/ament_lint_auto/cmake)
[0.559s] -- Added test 'copyright' to check source files copyright and LICENSE
[0.581s] -- Added test 'flake8' to check Python code syntax and style conventions
[0.583s] -- Added test 'lint_cmake' to check CMake code style
[0.585s] -- Added test 'pep257' to check Python code against some of the docstring style conventions in PEP 257
[0.596s] -- Added test 'xmllint' to check XML markup files
[0.597s] -- Configuring done
[0.600s] -- Generating done
[0.601s] -- Build files have been written to: /home/shesha/robot_ws/build/td3
[0.606s] Invoked command in '/home/shesha/robot_ws/build/td3' returned '0': CMAKE_PREFIX_PATH=/opt/ros/humble /usr/bin/cmake /home/shesha/robot_ws/src/td3 -DAMENT_CMAKE_SYMLINK_INSTALL=1 -DCMAKE_INSTALL_PREFIX=/home/shesha/robot_ws/install/td3
[0.608s] Invoking command in '/home/shesha/robot_ws/build/td3': CMAKE_PREFIX_PATH=/opt/ros/humble /usr/bin/cmake --build /home/shesha/robot_ws/build/td3 -- -j16 -l16
[0.647s] Invoked command in '/home/shesha/robot_ws/build/td3' returned '0': CMAKE_PREFIX_PATH=/opt/ros/humble /usr/bin/cmake --build /home/shesha/robot_ws/build/td3 -- -j16 -l16
[0.658s] Invoking command in '/home/shesha/robot_ws/build/td3': CMAKE_PREFIX_PATH=/opt/ros/humble /usr/bin/cmake --install /home/shesha/robot_ws/build/td3
[0.664s] -- Install configuration: ""
[0.664s] -- Execute custom install script
[0.665s] -- Symlinking: /home/shesha/robot_ws/install/td3/share/td3//launch/multi_robot_scenario.launch.py
[0.674s] -- Symlinking: /home/shesha/robot_ws/install/td3/share/td3//launch/pioneer3dx.rviz
[0.683s] -- Symlinking: /home/shesha/robot_ws/install/td3/share/td3//launch/robot_state_publisher.launch.py
[0.692s] -- Symlinking: /home/shesha/robot_ws/install/td3/share/td3//launch/test_simulation.launch.py
[0.701s] -- Symlinking: /home/shesha/robot_ws/install/td3/share/td3//launch/training_simulation.launch.py
[0.711s] -- Symlinking: /home/shesha/robot_ws/install/td3/share/td3//models/td_robot/meshes/laser/hokuyo.dae
[0.720s] -- Symlinking: /home/shesha/robot_ws/install/td3/share/td3//models/td_robot/meshes/p3dx/Coordinates
[0.729s] -- Symlinking: /home/shesha/robot_ws/install/td3/share/td3//models/td_robot/meshes/p3dx/back_rim.stl
[0.738s] -- Symlinking: /home/shesha/robot_ws/install/td3/share/td3//models/td_robot/meshes/p3dx/back_sonar.stl
[0.747s] -- Symlinking: /home/shesha/robot_ws/install/td3/share/td3//models/td_robot/meshes/p3dx/center_hubcap.stl
[0.757s] -- Symlinking: /home/shesha/robot_ws/install/td3/share/td3//models/td_robot/meshes/p3dx/center_wheel.stl
[0.765s] -- Symlinking: /home/shesha/robot_ws/install/td3/share/td3//models/td_robot/meshes/p3dx/chassis.stl
[0.775s] -- Symlinking: /home/shesha/robot_ws/install/td3/share/td3//models/td_robot/meshes/p3dx/front_rim.stl
[0.783s] -- Symlinking: /home/shesha/robot_ws/install/td3/share/td3//models/td_robot/meshes/p3dx/front_sonar.stl
[0.792s] -- Symlinking: /home/shesha/robot_ws/install/td3/share/td3//models/td_robot/meshes/p3dx/left_hubcap.stl
[0.801s] -- Symlinking: /home/shesha/robot_ws/install/td3/share/td3//models/td_robot/meshes/p3dx/left_wheel.stl
[0.810s] -- Symlinking: /home/shesha/robot_ws/install/td3/share/td3//models/td_robot/meshes/p3dx/right_hubcap.stl
[0.819s] -- Symlinking: /home/shesha/robot_ws/install/td3/share/td3//models/td_robot/meshes/p3dx/right_wheel.stl
[0.829s] -- Symlinking: /home/shesha/robot_ws/install/td3/share/td3//models/td_robot/meshes/p3dx/swivel.stl
[0.838s] -- Symlinking: /home/shesha/robot_ws/install/td3/share/td3//models/td_robot/meshes/p3dx/top.stl
[0.847s] -- Symlinking: /home/shesha/robot_ws/install/td3/share/td3//models/td_robot/model.config
[0.857s] -- Symlinking: /home/shesha/robot_ws/install/td3/share/td3//models/td_robot/td_robot.sdf
[0.866s] -- Symlinking: /home/shesha/robot_ws/install/td3/share/td3//models/td_robot/velodyne_description/CHANGELOG.rst
[0.875s] -- Symlinking: /home/shesha/robot_ws/install/td3/share/td3//models/td_robot/velodyne_description/CMakeLists.txt
[0.886s] -- Symlinking: /home/shesha/robot_ws/install/td3/share/td3//models/td_robot/velodyne_description/launch/example-launch.py
[0.895s] -- Symlinking: /home/shesha/robot_ws/install/td3/share/td3//models/td_robot/velodyne_description/meshes/HDL32E_base.dae
[0.906s] -- Symlinking: /home/shesha/robot_ws/install/td3/share/td3//models/td_robot/velodyne_description/meshes/HDL32E_base.stl
[0.914s] -- Symlinking: /home/shesha/robot_ws/install/td3/share/td3//models/td_robot/velodyne_description/meshes/HDL32E_scan.dae
[0.924s] -- Symlinking: /home/shesha/robot_ws/install/td3/share/td3//models/td_robot/velodyne_description/meshes/HDL32E_scan.stl
[0.933s] -- Symlinking: /home/shesha/robot_ws/install/td3/share/td3//models/td_robot/velodyne_description/meshes/VLP16_base_1.dae
[0.942s] -- Symlinking: /home/shesha/robot_ws/install/td3/share/td3//models/td_robot/velodyne_description/meshes/VLP16_base_1.stl
[0.951s] -- Symlinking: /home/shesha/robot_ws/install/td3/share/td3//models/td_robot/velodyne_description/meshes/VLP16_base_2.dae
[0.960s] -- Symlinking: /home/shesha/robot_ws/install/td3/share/td3//models/td_robot/velodyne_description/meshes/VLP16_base_2.stl
[0.970s] -- Symlinking: /home/shesha/robot_ws/install/td3/share/td3//models/td_robot/velodyne_description/meshes/VLP16_scan.dae
[0.979s] -- Symlinking: /home/shesha/robot_ws/install/td3/share/td3//models/td_robot/velodyne_description/meshes/VLP16_scan.stl
[0.988s] -- Symlinking: /home/shesha/robot_ws/install/td3/share/td3//models/td_robot/velodyne_description/models/rs_robot/meshes/DAE/base/base_link.dae
[0.997s] -- Symlinking: /home/shesha/robot_ws/install/td3/share/td3//models/td_robot/velodyne_description/models/rs_robot/meshes/DAE/base/base_linkOLD.dae
[1.006s] -- Symlinking: /home/shesha/robot_ws/install/td3/share/td3//models/td_robot/velodyne_description/models/rs_robot/meshes/DAE/lidar_base/YDlidar_base.dae
[1.015s] -- Symlinking: /home/shesha/robot_ws/install/td3/share/td3//models/td_robot/velodyne_description/models/rs_robot/meshes/DAE/lidar_head/YDlidar_head.dae
[1.024s] -- Symlinking: /home/shesha/robot_ws/install/td3/share/td3//models/td_robot/velodyne_description/models/rs_robot/meshes/DAE/sensors/camera/camera.dae
[1.033s] -- Symlinking: /home/shesha/robot_ws/install/td3/share/td3//models/td_robot/velodyne_description/models/rs_robot/meshes/DAE/sensors/front_lrf/front_lrf.dae
[1.042s] -- Symlinking: /home/shesha/robot_ws/install/td3/share/td3//models/td_robot/velodyne_description/models/rs_robot/meshes/DAE/sensors/front_lrf/lrf_texture.png
[1.053s] -- Symlinking: /home/shesha/robot_ws/install/td3/share/td3//models/td_robot/velodyne_description/models/rs_robot/meshes/DAE/sensors/gim30/gim30.dae
[1.061s] -- Symlinking: /home/shesha/robot_ws/install/td3/share/td3//models/td_robot/velodyne_description/models/rs_robot/meshes/DAE/sensors/gim30/gim30_lrf_texture.png
[1.070s] -- Symlinking: /home/shesha/robot_ws/install/td3/share/td3//models/td_robot/velodyne_description/models/rs_robot/meshes/DAE/sensors/gps/gps.dae
[1.079s] -- Symlinking: /home/shesha/robot_ws/install/td3/share/td3//models/td_robot/velodyne_description/models/rs_robot/meshes/DAE/sensors/gps/gps_texture.png
[1.088s] -- Symlinking: /home/shesha/robot_ws/install/td3/share/td3//models/td_robot/velodyne_description/models/rs_robot/meshes/DAE/sensors/rear_lrf/rear_lrf.dae
[1.097s] -- Symlinking: /home/shesha/robot_ws/install/td3/share/td3//models/td_robot/velodyne_description/models/rs_robot/meshes/DAE/sensors/rear_lrf/urg_texture.png
[1.106s] -- Symlinking: /home/shesha/robot_ws/install/td3/share/td3//models/td_robot/velodyne_description/models/rs_robot/meshes/DAE/suspension/front_left_link.dae
[1.115s] -- Symlinking: /home/shesha/robot_ws/install/td3/share/td3//models/td_robot/velodyne_description/models/rs_robot/meshes/DAE/suspension/front_right_link.dae
[1.124s] -- Symlinking: /home/shesha/robot_ws/install/td3/share/td3//models/td_robot/velodyne_description/models/rs_robot/meshes/DAE/suspension/rear_left_link.dae
[1.133s] -- Symlinking: /home/shesha/robot_ws/install/td3/share/td3//models/td_robot/velodyne_description/models/rs_robot/meshes/DAE/suspension/rear_right_link.dae
[1.142s] -- Symlinking: /home/shesha/robot_ws/install/td3/share/td3//models/td_robot/velodyne_description/models/rs_robot/meshes/DAE/wheel/wheel_link.dae
[1.151s] -- Symlinking: /home/shesha/robot_ws/install/td3/share/td3//models/td_robot/velodyne_description/models/rs_robot/meshes/STL/base/base_link.stl
[1.160s] -- Symlinking: /home/shesha/robot_ws/install/td3/share/td3//models/td_robot/velodyne_description/models/rs_robot/meshes/STL/base/base_link_old.stl
[1.169s] -- Symlinking: /home/shesha/robot_ws/install/td3/share/td3//models/td_robot/velodyne_description/models/rs_robot/meshes/STL/lidar_base/YDlidar_base.stl
[1.178s] -- Symlinking: /home/shesha/robot_ws/install/td3/share/td3//models/td_robot/velodyne_description/models/rs_robot/meshes/STL/lidar_head/YDlidar_head v4.stl
[1.187s] -- Symlinking: /home/shesha/robot_ws/install/td3/share/td3//models/td_robot/velodyne_description/models/rs_robot/meshes/STL/sensors/front_lrf/front_lrf.stl
[1.196s] -- Symlinking: /home/shesha/robot_ws/install/td3/share/td3//models/td_robot/velodyne_description/models/rs_robot/meshes/STL/sensors/gim30/gim30.stl
[1.206s] -- Symlinking: /home/shesha/robot_ws/install/td3/share/td3//models/td_robot/velodyne_description/models/rs_robot/meshes/STL/sensors/gps/gps.stl
[1.214s] -- Symlinking: /home/shesha/robot_ws/install/td3/share/td3//models/td_robot/velodyne_description/models/rs_robot/meshes/STL/sensors/rear_lrf/rear_lrf.stl
[1.223s] -- Symlinking: /home/shesha/robot_ws/install/td3/share/td3//models/td_robot/velodyne_description/models/rs_robot/meshes/STL/suspension/FRONT_LEFT_LINKSTL.stl
[1.232s] -- Symlinking: /home/shesha/robot_ws/install/td3/share/td3//models/td_robot/velodyne_description/models/rs_robot/meshes/STL/suspension/FRONT_RIGHT_LINKSTL.stl
[1.242s] -- Symlinking: /home/shesha/robot_ws/install/td3/share/td3//models/td_robot/velodyne_description/models/rs_robot/meshes/STL/suspension/REAR_LEFT_LINKSTL.stl
[1.252s] -- Symlinking: /home/shesha/robot_ws/install/td3/share/td3//models/td_robot/velodyne_description/models/rs_robot/meshes/STL/suspension/REAR_RIGHT_LINKSTL.stl
[1.261s] -- Symlinking: /home/shesha/robot_ws/install/td3/share/td3//models/td_robot/velodyne_description/models/rs_robot/meshes/STL/suspension/sus_link.stl
[1.270s] -- Symlinking: /home/shesha/robot_ws/install/td3/share/td3//models/td_robot/velodyne_description/models/rs_robot/meshes/STL/wheel/robot_wheel.stl
[1.279s] -- Symlinking: /home/shesha/robot_ws/install/td3/share/td3//models/td_robot/velodyne_description/models/rs_robot/model.config
[1.288s] -- Symlinking: /home/shesha/robot_ws/install/td3/share/td3//models/td_robot/velodyne_description/models/rs_robot/rs_robot.sdf
[1.297s] -- Symlinking: /home/shesha/robot_ws/install/td3/share/td3//models/td_robot/velodyne_description/package.xml
[1.307s] -- Symlinking: /home/shesha/robot_ws/install/td3/share/td3//models/td_robot/velodyne_description/rviz/example.rviz
[1.316s] -- Symlinking: /home/shesha/robot_ws/install/td3/share/td3//models/td_robot/velodyne_description/urdf/HDL-32E.urdf.xacro
[1.325s] -- Symlinking: /home/shesha/robot_ws/install/td3/share/td3//models/td_robot/velodyne_description/urdf/VLP-16.urdf.xacro
[1.335s] -- Symlinking: /home/shesha/robot_ws/install/td3/share/td3//models/td_robot/velodyne_description/urdf/VLP-32C.urdf.xacro
[1.344s] -- Symlinking: /home/shesha/robot_ws/install/td3/share/td3//models/td_robot/velodyne_description/urdf/example.urdf.xacro
[1.353s] -- Symlinking: /home/shesha/robot_ws/install/td3/share/td3//models/td_robot/velodyne_description/world/example.world
[1.362s] -- Symlinking: /home/shesha/robot_ws/install/td3/share/td3//models/td_robot/velodyne_description/world/lio_sam.model
[1.371s] [33mCMake Warning (dev) at ament_cmake_symlink_install/ament_cmake_symlink_install.cmake:62 (file):
[1.372s]   Policy CMP0009 is not set: FILE GLOB_RECURSE calls should not follow
[1.372s]   symlinks by default.  Run "cmake --help-policy CMP0009" for policy details.
[1.372s]   Use the cmake_policy command to set the policy and suppress this warning.
[1.372s] Call Stack (most recent call first):
[1.372s]   ament_cmake_symlink_install/ament_cmake_symlink_install.cmake:314 (ament_cmake_symlink_install_directory)
[1.372s]   cmake_install.cmake:46 (include)
[1.372s] This warning is for project developers.  Use -Wno-dev to suppress it.
[1.372s] [0m
[1.372s] -- Symlinking: /home/shesha/robot_ws/install/td3/share/td3//scripts/__pycache__/point_cloud2.cpython-310.pyc
[1.380s] -- Symlinking: /home/shesha/robot_ws/install/td3/share/td3//scripts/__pycache__/replay_buffer.cpython-310.pyc
[1.389s] -- Symlinking: /home/shesha/robot_ws/install/td3/share/td3//scripts/build/.built_by
[1.398s] -- Symlinking: /home/shesha/robot_ws/install/td3/share/td3//scripts/build/COLCON_IGNORE
[1.408s] -- Symlinking: /home/shesha/robot_ws/install/td3/share/td3//scripts/install/.colcon_install_layout
[1.416s] -- Symlinking: /home/shesha/robot_ws/install/td3/share/td3//scripts/install/COLCON_IGNORE
[1.425s] -- Symlinking: /home/shesha/robot_ws/install/td3/share/td3//scripts/install/_local_setup_util_ps1.py
[1.434s] -- Symlinking: /home/shesha/robot_ws/install/td3/share/td3//scripts/install/_local_setup_util_sh.py
[1.443s] -- Symlinking: /home/shesha/robot_ws/install/td3/share/td3//scripts/install/local_setup.bash
[1.452s] -- Symlinking: /home/shesha/robot_ws/install/td3/share/td3//scripts/install/local_setup.ps1
[1.461s] -- Symlinking: /home/shesha/robot_ws/install/td3/share/td3//scripts/install/local_setup.sh
[1.470s] -- Symlinking: /home/shesha/robot_ws/install/td3/share/td3//scripts/install/local_setup.zsh
[1.479s] -- Symlinking: /home/shesha/robot_ws/install/td3/share/td3//scripts/install/setup.bash
[1.488s] -- Symlinking: /home/shesha/robot_ws/install/td3/share/td3//scripts/install/setup.ps1
[1.497s] -- Symlinking: /home/shesha/robot_ws/install/td3/share/td3//scripts/install/setup.sh
[1.506s] -- Symlinking: /home/shesha/robot_ws/install/td3/share/td3//scripts/install/setup.zsh
[1.515s] -- Symlinking: /home/shesha/robot_ws/install/td3/share/td3//scripts/log/COLCON_IGNORE
[1.523s] -- Symlinking: /home/shesha/robot_ws/install/td3/share/td3//scripts/log/build_2026-02-17_14-30-30/events.log
[1.533s] -- Symlinking: /home/shesha/robot_ws/install/td3/share/td3//scripts/log/build_2026-02-17_14-30-30/logger_all.log
[1.543s] -- Symlinking: /home/shesha/robot_ws/install/td3/share/td3//scripts/log/latest/events.log
[1.552s] -- Symlinking: /home/shesha/robot_ws/install/td3/share/td3//scripts/log/latest/logger_all.log
[1.561s] -- Symlinking: /home/shesha/robot_ws/install/td3/share/td3//scripts/log/latest_build/events.log
[1.570s] -- Symlinking: /home/shesha/robot_ws/install/td3/share/td3//scripts/log/latest_build/logger_all.log
[1.578s] -- Symlinking: /home/shesha/robot_ws/install/td3/share/td3//scripts/point_cloud2.py
[1.587s] -- Symlinking: /home/shesha/robot_ws/install/td3/share/td3//scripts/pytorch_models/td3_velodyne_actor.pth
[1.596s] -- Symlinking: /home/shesha/robot_ws/install/td3/share/td3//scripts/pytorch_models/td3_velodyne_critic.pth
[1.604s] -- Symlinking: /home/shesha/robot_ws/install/td3/share/td3//scripts/replay_buffer.py
[1.613s] -- Symlinking: /home/shesha/robot_ws/install/td3/share/td3//scripts/results/TD3_velodyne.npy
[1.622s] -- Symlinking: /home/shesha/robot_ws/install/td3/share/td3//scripts/runs/events.out.tfevents.1680403580.robotmania-MINIPC-PA90.28181.0
[1.631s] -- Symlinking: /home/shesha/robot_ws/install/td3/share/td3//scripts/runs/events.out.tfevents.1680403642.robotmania-MINIPC-PA90.28717.0
[1.640s] -- Symlinking: /home/shesha/robot_ws/install/td3/share/td3//scripts/test_velodyne_node.py
[1.649s] -- Symlinking: /home/shesha/robot_ws/install/td3/share/td3//scripts/train_velodyne_node.py
[1.659s] -- Symlinking: /home/shesha/robot_ws/install/td3/share/td3//urdf/meshes/laser/hokuyo.dae
[1.667s] -- Symlinking: /home/shesha/robot_ws/install/td3/share/td3//urdf/meshes/p3dx/Coordinates
[1.676s] -- Symlinking: /home/shesha/robot_ws/install/td3/share/td3//urdf/meshes/p3dx/back_rim.stl
[1.685s] -- Symlinking: /home/shesha/robot_ws/install/td3/share/td3//urdf/meshes/p3dx/back_sonar.stl
[1.693s] -- Symlinking: /home/shesha/robot_ws/install/td3/share/td3//urdf/meshes/p3dx/center_hubcap.stl
[1.701s] -- Symlinking: /home/shesha/robot_ws/install/td3/share/td3//urdf/meshes/p3dx/center_wheel.stl
[1.711s] -- Symlinking: /home/shesha/robot_ws/install/td3/share/td3//urdf/meshes/p3dx/chassis.stl
[1.721s] -- Symlinking: /home/shesha/robot_ws/install/td3/share/td3//urdf/meshes/p3dx/front_rim.stl
[1.731s] -- Symlinking: /home/shesha/robot_ws/install/td3/share/td3//urdf/meshes/p3dx/front_sonar.stl
[1.740s] -- Symlinking: /home/shesha/robot_ws/install/td3/share/td3//urdf/meshes/p3dx/left_hubcap.stl
[1.749s] -- Symlinking: /home/shesha/robot_ws/install/td3/share/td3//urdf/meshes/p3dx/left_wheel.stl
[1.758s] -- Symlinking: /home/shesha/robot_ws/install/td3/share/td3//urdf/meshes/p3dx/right_hubcap.stl
[1.767s] -- Symlinking: /home/shesha/robot_ws/install/td3/share/td3//urdf/meshes/p3dx/right_wheel.stl
[1.777s] -- Symlinking: /home/shesha/robot_ws/install/td3/share/td3//urdf/meshes/p3dx/swivel.stl
[1.786s] -- Symlinking: /home/shesha/robot_ws/install/td3/share/td3//urdf/meshes/p3dx/top.stl
[1.795s] -- Symlinking: /home/shesha/robot_ws/install/td3/share/td3//urdf/td_robot.urdf
[1.804s] -- Symlinking: /home/shesha/robot_ws/install/td3/share/td3//worlds/td3.world
[1.813s] -- Symlinking: /home/shesha/robot_ws/install/td3/lib/td3/replay_buffer.py
[1.822s] -- Symlinking: /home/shesha/robot_ws/install/td3/lib/td3/test_velodyne_node.py
[1.831s] -- Symlinking: /home/shesha/robot_ws/install/td3/lib/td3/train_velodyne_node.py
[1.840s] -- Symlinking: /home/shesha/robot_ws/install/td3/lib/td3/point_cloud2.py
[1.850s] -- Up-to-date symlink: /home/shesha/robot_ws/install/td3/share/td3/launch/multi_robot_scenario.launch.py
[1.850s] -- Up-to-date symlink: /home/shesha/robot_ws/install/td3/share/td3/launch/pioneer3dx.rviz
[1.851s] -- Up-to-date symlink: /home/shesha/robot_ws/install/td3/share/td3/launch/robot_state_publisher.launch.py
[1.851s] -- Up-to-date symlink: /home/shesha/robot_ws/install/td3/share/td3/launch/test_simulation.launch.py
[1.851s] -- Up-to-date symlink: /home/shesha/robot_ws/install/td3/share/td3/launch/training_simulation.launch.py
[1.852s] -- Up-to-date symlink: /home/shesha/robot_ws/install/td3/share/td3/models/td_robot/meshes/laser/hokuyo.dae
[1.852s] -- Up-to-date symlink: /home/shesha/robot_ws/install/td3/share/td3/models/td_robot/meshes/p3dx/Coordinates
[1.852s] -- Up-to-date symlink: /home/shesha/robot_ws/install/td3/share/td3/models/td_robot/meshes/p3dx/back_rim.stl
[1.852s] -- Up-to-date symlink: /home/shesha/robot_ws/install/td3/share/td3/models/td_robot/meshes/p3dx/back_sonar.stl
[1.852s] -- Up-to-date symlink: /home/shesha/robot_ws/install/td3/share/td3/models/td_robot/meshes/p3dx/center_hubcap.stl
[1.852s] -- Up-to-date symlink: /home/shesha/robot_ws/install/td3/share/td3/models/td_robot/meshes/p3dx/center_wheel.stl
[1.852s] -- Up-to-date symlink: /home/shesha/robot_ws/install/td3/share/td3/models/td_robot/meshes/p3dx/chassis.stl
[1.852s] -- Up-to-date symlink: /home/shesha/robot_ws/install/td3/share/td3/models/td_robot/meshes/p3dx/front_rim.stl
[1.852s] -- Up-to-date symlink: /home/shesha/robot_ws/install/td3/share/td3/models/td_robot/meshes/p3dx/front_sonar.stl
[1.852s] -- Up-to-date symlink: /home/shesha/robot_ws/install/td3/share/td3/models/td_robot/meshes/p3dx/left_hubcap.stl
[1.853s] -- Up-to-date symlink: /home/shesha/robot_ws/install/td3/share/td3/models/td_robot/meshes/p3dx/left_wheel.stl
[1.853s] -- Up-to-date symlink: /home/shesha/robot_ws/install/td3/share/td3/models/td_robot/meshes/p3dx/right_hubcap.stl
[1.853s] -- Up-to-date symlink: /home/shesha/robot_ws/install/td3/share/td3/models/td_robot/meshes/p3dx/right_wheel.stl
[1.853s] -- Up-to-date symlink: /home/shesha/robot_ws/install/td3/share/td3/models/td_robot/meshes/p3dx/swivel.stl
[1.853s] -- Up-to-date symlink: /home/shesha/robot_ws/install/td3/share/td3/models/td_robot/meshes/p3dx/top.stl
[1.853s] -- Up-to-date symlink: /home/shesha/robot_ws/install/td3/share/td3/models/td_robot/model.config
[1.853s] -- Up-to-date symlink: /home/shesha/robot_ws/install/td3/share/td3/models/td_robot/td_robot.sdf
[1.853s] -- Up-to-date symlink: /home/shesha/robot_ws/install/td3/share/td3/models/td_robot/velodyne_description/CHANGELOG.rst
[1.853s] -- Up-to-date symlink: /home/shesha/robot_ws/install/td3/share/td3/models/td_robot/velodyne_description/CMakeLists.txt
[1.853s] -- Up-to-date symlink: /home/shesha/robot_ws/install/td3/share/td3/models/td_robot/velodyne_description/launch/example-launch.py
[1.854s] -- Up-to-date symlink: /home/shesha/robot_ws/install/td3/share/td3/models/td_robot/velodyne_description/meshes/HDL32E_base.dae
[1.854s] -- Up-to-date symlink: /home/shesha/robot_ws/install/td3/share/td3/models/td_robot/velodyne_description/meshes/HDL32E_base.stl
[1.854s] -- Up-to-date symlink: /home/shesha/robot_ws/install/td3/share/td3/models/td_robot/velodyne_description/meshes/HDL32E_scan.dae
[1.854s] -- Up-to-date symlink: /home/shesha/robot_ws/install/td3/share/td3/models/td_robot/velodyne_description/meshes/HDL32E_scan.stl
[1.854s] -- Up-to-date symlink: /home/shesha/robot_ws/install/td3/share/td3/models/td_robot/velodyne_description/meshes/VLP16_base_1.dae
[1.854s] -- Up-to-date symlink: /home/shesha/robot_ws/install/td3/share/td3/models/td_robot/velodyne_description/meshes/VLP16_base_1.stl
[1.854s] -- Up-to-date symlink: /home/shesha/robot_ws/install/td3/share/td3/models/td_robot/velodyne_description/meshes/VLP16_base_2.dae
[1.854s] -- Up-to-date symlink: /home/shesha/robot_ws/install/td3/share/td3/models/td_robot/velodyne_description/meshes/VLP16_base_2.stl
[1.854s] -- Up-to-date symlink: /home/shesha/robot_ws/install/td3/share/td3/models/td_robot/velodyne_description/meshes/VLP16_scan.dae
[1.855s] -- Up-to-date symlink: /home/shesha/robot_ws/install/td3/share/td3/models/td_robot/velodyne_description/meshes/VLP16_scan.stl
[1.855s] -- Up-to-date symlink: /home/shesha/robot_ws/install/td3/share/td3/models/td_robot/velodyne_description/models/rs_robot/meshes/DAE/base/base_link.dae
[1.855s] -- Up-to-date symlink: /home/shesha/robot_ws/install/td3/share/td3/models/td_robot/velodyne_description/models/rs_robot/meshes/DAE/base/base_linkOLD.dae
[1.855s] -- Up-to-date symlink: /home/shesha/robot_ws/install/td3/share/td3/models/td_robot/velodyne_description/models/rs_robot/meshes/DAE/lidar_base/YDlidar_base.dae
[1.855s] -- Up-to-date symlink: /home/shesha/robot_ws/install/td3/share/td3/models/td_robot/velodyne_description/models/rs_robot/meshes/DAE/lidar_head/YDlidar_head.dae
[1.855s] -- Up-to-date symlink: /home/shesha/robot_ws/install/td3/share/td3/models/td_robot/velodyne_description/models/rs_robot/meshes/DAE/sensors/camera/camera.dae
[1.855s] -- Up-to-date symlink: /home/shesha/robot_ws/install/td3/share/td3/models/td_robot/velodyne_description/models/rs_robot/meshes/DAE/sensors/front_lrf/front_lrf.dae
[1.855s] -- Up-to-date symlink: /home/shesha/robot_ws/install/td3/share/td3/models/td_robot/velodyne_description/models/rs_robot/meshes/DAE/sensors/front_lrf/lrf_texture.png
[1.856s] -- Up-to-date symlink: /home/shesha/robot_ws/install/td3/share/td3/models/td_robot/velodyne_description/models/rs_robot/meshes/DAE/sensors/gim30/gim30.dae
[1.856s] -- Up-to-date symlink: /home/shesha/robot_ws/install/td3/share/td3/models/td_robot/velodyne_description/models/rs_robot/meshes/DAE/sensors/gim30/gim30_lrf_texture.png
[1.856s] -- Up-to-date symlink: /home/shesha/robot_ws/install/td3/share/td3/models/td_robot/velodyne_description/models/rs_robot/meshes/DAE/sensors/gps/gps.dae
[1.856s] -- Up-to-date symlink: /home/shesha/robot_ws/install/td3/share/td3/models/td_robot/velodyne_description/models/rs_robot/meshes/DAE/sensors/gps/gps_texture.png
[1.856s] -- Up-to-date symlink: /home/shesha/robot_ws/install/td3/share/td3/models/td_robot/velodyne_description/models/rs_robot/meshes/DAE/sensors/rear_lrf/rear_lrf.dae
[1.856s] -- Up-to-date symlink: /home/shesha/robot_ws/install/td3/share/td3/models/td_robot/velodyne_description/models/rs_robot/meshes/DAE/sensors/rear_lrf/urg_texture.png
[1.856s] -- Up-to-date symlink: /home/shesha/robot_ws/install/td3/share/td3/models/td_robot/velodyne_description/models/rs_robot/meshes/DAE/suspension/front_left_link.dae
[1.857s] -- Up-to-date symlink: /home/shesha/robot_ws/install/td3/share/td3/models/td_robot/velodyne_description/models/rs_robot/meshes/DAE/suspension/front_right_link.dae
[1.857s] -- Up-to-date symlink: /home/shesha/robot_ws/install/td3/share/td3/models/td_robot/velodyne_description/models/rs_robot/meshes/DAE/suspension/rear_left_link.dae
[1.857s] -- Up-to-date symlink: /home/shesha/robot_ws/install/td3/share/td3/models/td_robot/velodyne_description/models/rs_robot/meshes/DAE/suspension/rear_right_link.dae
[1.857s] -- Up-to-date symlink: /home/shesha/robot_ws/install/td3/share/td3/models/td_robot/velodyne_description/models/rs_robot/meshes/DAE/wheel/wheel_link.dae
[1.857s] -- Up-to-date symlink: /home/shesha/robot_ws/install/td3/share/td3/models/td_robot/velodyne_description/models/rs_robot/meshes/STL/base/base_link.stl
[1.857s] -- Up-to-date symlink: /home/shesha/robot_ws/install/td3/share/td3/models/td_robot/velodyne_description/models/rs_robot/meshes/STL/base/base_link_old.stl
[1.857s] -- Up-to-date symlink: /home/shesha/robot_ws/install/td3/share/td3/models/td_robot/velodyne_description/models/rs_robot/meshes/STL/lidar_base/YDlidar_base.stl
[1.857s] -- Up-to-date symlink: /home/shesha/robot_ws/install/td3/share/td3/models/td_robot/velodyne_description/models/rs_robot/meshes/STL/lidar_head/YDlidar_head v4.stl
[1.858s] -- Up-to-date symlink: /home/shesha/robot_ws/install/td3/share/td3/models/td_robot/velodyne_description/models/rs_robot/meshes/STL/sensors/front_lrf/front_lrf.stl
[1.858s] -- Up-to-date symlink: /home/shesha/robot_ws/install/td3/share/td3/models/td_robot/velodyne_description/models/rs_robot/meshes/STL/sensors/gim30/gim30.stl
[1.858s] -- Up-to-date symlink: /home/shesha/robot_ws/install/td3/share/td3/models/td_robot/velodyne_description/models/rs_robot/meshes/STL/sensors/gps/gps.stl
[1.858s] -- Up-to-date symlink: /home/shesha/robot_ws/install/td3/share/td3/models/td_robot/velodyne_description/models/rs_robot/meshes/STL/sensors/rear_lrf/rear_lrf.stl
[1.858s] -- Up-to-date symlink: /home/shesha/robot_ws/install/td3/share/td3/models/td_robot/velodyne_description/models/rs_robot/meshes/STL/suspension/FRONT_LEFT_LINKSTL.stl
[1.858s] -- Up-to-date symlink: /home/shesha/robot_ws/install/td3/share/td3/models/td_robot/velodyne_description/models/rs_robot/meshes/STL/suspension/FRONT_RIGHT_LINKSTL.stl
[1.858s] -- Up-to-date symlink: /home/shesha/robot_ws/install/td3/share/td3/models/td_robot/velodyne_description/models/rs_robot/meshes/STL/suspension/REAR_LEFT_LINKSTL.stl
[1.859s] -- Up-to-date symlink: /home/shesha/robot_ws/install/td3/share/td3/models/td_robot/velodyne_description/models/rs_robot/meshes/STL/suspension/REAR_RIGHT_LINKSTL.stl
[1.859s] -- Up-to-date symlink: /home/shesha/robot_ws/install/td3/share/td3/models/td_robot/velodyne_description/models/rs_robot/meshes/STL/suspension/sus_link.stl
[1.859s] -- Up-to-date symlink: /home/shesha/robot_ws/install/td3/share/td3/models/td_robot/velodyne_description/models/rs_robot/meshes/STL/wheel/robot_wheel.stl
[1.859s] -- Up-to-date symlink: /home/shesha/robot_ws/install/td3/share/td3/models/td_robot/velodyne_description/models/rs_robot/model.config
[1.859s] -- Up-to-date symlink: /home/shesha/robot_ws/install/td3/share/td3/models/td_robot/velodyne_description/models/rs_robot/rs_robot.sdf
[1.859s] -- Up-to-date symlink: /home/shesha/robot_ws/install/td3/share/td3/models/td_robot/velodyne_description/package.xml
[1.859s] -- Up-to-date symlink: /home/shesha/robot_ws/install/td3/share/td3/models/td_robot/velodyne_description/rviz/example.rviz
[1.859s] -- Up-to-date symlink: /home/shesha/robot_ws/install/td3/share/td3/models/td_robot/velodyne_description/urdf/HDL-32E.urdf.xacro
[1.860s] -- Up-to-date symlink: /home/shesha/robot_ws/install/td3/share/td3/models/td_robot/velodyne_description/urdf/VLP-16.urdf.xacro
[1.860s] -- Up-to-date symlink: /home/shesha/robot_ws/install/td3/share/td3/models/td_robot/velodyne_description/urdf/VLP-32C.urdf.xacro
[1.860s] -- Up-to-date symlink: /home/shesha/robot_ws/install/td3/share/td3/models/td_robot/velodyne_description/urdf/example.urdf.xacro
[1.860s] -- Up-to-date symlink: /home/shesha/robot_ws/install/td3/share/td3/models/td_robot/velodyne_description/world/example.world
[1.860s] -- Up-to-date symlink: /home/shesha/robot_ws/install/td3/share/td3/models/td_robot/velodyne_description/world/lio_sam.model
[1.860s] -- Up-to-date symlink: /home/shesha/robot_ws/install/td3/share/td3/urdf/meshes/laser/hokuyo.dae
[1.860s] -- Up-to-date symlink: /home/shesha/robot_ws/install/td3/share/td3/urdf/meshes/p3dx/Coordinates
[1.860s] -- Up-to-date symlink: /home/shesha/robot_ws/install/td3/share/td3/urdf/meshes/p3dx/back_rim.stl
[1.860s] -- Up-to-date symlink: /home/shesha/robot_ws/install/td3/share/td3/urdf/meshes/p3dx/back_sonar.stl
[1.861s] -- Up-to-date symlink: /home/shesha/robot_ws/install/td3/share/td3/urdf/meshes/p3dx/center_hubcap.stl
[1.861s] -- Up-to-date symlink: /home/shesha/robot_ws/install/td3/share/td3/urdf/meshes/p3dx/center_wheel.stl
[1.861s] -- Up-to-date symlink: /home/shesha/robot_ws/install/td3/share/td3/urdf/meshes/p3dx/chassis.stl
[1.861s] -- Up-to-date symlink: /home/shesha/robot_ws/install/td3/share/td3/urdf/meshes/p3dx/front_rim.stl
[1.861s] -- Up-to-date symlink: /home/shesha/robot_ws/install/td3/share/td3/urdf/meshes/p3dx/front_sonar.stl
[1.861s] -- Up-to-date symlink: /home/shesha/robot_ws/install/td3/share/td3/urdf/meshes/p3dx/left_hubcap.stl
[1.861s] -- Up-to-date symlink: /home/shesha/robot_ws/install/td3/share/td3/urdf/meshes/p3dx/left_wheel.stl
[1.861s] -- Up-to-date symlink: /home/shesha/robot_ws/install/td3/share/td3/urdf/meshes/p3dx/right_hubcap.stl
[1.861s] -- Up-to-date symlink: /home/shesha/robot_ws/install/td3/share/td3/urdf/meshes/p3dx/right_wheel.stl
[1.861s] -- Up-to-date symlink: /home/shesha/robot_ws/install/td3/share/td3/urdf/meshes/p3dx/swivel.stl
[1.861s] -- Up-to-date symlink: /home/shesha/robot_ws/install/td3/share/td3/urdf/meshes/p3dx/top.stl
[1.862s] -- Up-to-date symlink: /home/shesha/robot_ws/install/td3/share/td3/urdf/td_robot.urdf
[1.862s] -- Up-to-date symlink: /home/shesha/robot_ws/install/td3/share/td3/worlds/td3.world
[1.862s] -- Symlinking: /home/shesha/robot_ws/install/td3/share/ament_index/resource_index/package_run_dependencies/td3
[1.871s] -- Symlinking: /home/shesha/robot_ws/install/td3/share/ament_index/resource_index/parent_prefix_path/td3
[1.880s] -- Symlinking: /home/shesha/robot_ws/install/td3/share/td3/environment/ament_prefix_path.sh
[1.889s] -- Symlinking: /home/shesha/robot_ws/install/td3/share/td3/environment/ament_prefix_path.dsv
[1.898s] -- Symlinking: /home/shesha/robot_ws/install/td3/share/td3/environment/path.sh
[1.907s] -- Symlinking: /home/shesha/robot_ws/install/td3/share/td3/environment/path.dsv
[1.916s] -- Symlinking: /home/shesha/robot_ws/install/td3/share/td3/local_setup.bash
[1.925s] -- Symlinking: /home/shesha/robot_ws/install/td3/share/td3/local_setup.sh
[1.934s] -- Symlinking: /home/shesha/robot_ws/install/td3/share/td3/local_setup.zsh
[1.943s] -- Symlinking: /home/shesha/robot_ws/install/td3/share/td3/local_setup.dsv
[1.952s] -- Symlinking: /home/shesha/robot_ws/install/td3/share/td3/package.dsv
[1.963s] -- Symlinking: /home/shesha/robot_ws/install/td3/share/ament_index/resource_index/packages/td3
[1.972s] -- Symlinking: /home/shesha/robot_ws/install/td3/share/td3/cmake/td3Config.cmake
[1.981s] -- Symlinking: /home/shesha/robot_ws/install/td3/share/td3/cmake/td3Config-version.cmake
[1.990s] -- Symlinking: /home/shesha/robot_ws/install/td3/share/td3/package.xml
[2.001s] Invoked command in '/home/shesha/robot_ws/build/td3' returned '0': CMAKE_PREFIX_PATH=/opt/ros/humble /usr/bin/cmake --install /home/shesha/robot_ws/build/td3
