[0.101s] DEBUG:colcon:Command line arguments: ['/usr/bin/colcon', 'build']
[0.101s] DEBUG:colcon:Parsed command line arguments: Namespace(log_base=None, log_level=None, verb_name='build', build_base='build', install_base='install', merge_install=False, symlink_install=False, test_result_base=None, continue_on_error=False, executor='parallel', parallel_workers=16, event_handlers=None, ignore_user_meta=False, metas=['./colcon.meta'], base_paths=['.'], packages_ignore=None, packages_ignore_regex=None, paths=None, packages_up_to=None, packages_up_to_regex=None, packages_above=None, packages_above_and_dependencies=None, packages_above_depth=None, packages_select_by_dep=None, packages_skip_by_dep=None, packages_skip_up_to=None, packages_select_build_failed=False, packages_skip_build_finished=False, packages_select_test_failures=False, packages_skip_test_passed=False, packages_select=None, packages_skip=None, packages_select_regex=None, packages_skip_regex=None, packages_start=None, packages_end=None, allow_overriding=[], cmake_args=None, cmake_target=None, cmake_target_skip_unavailable=False, cmake_clean_cache=False, cmake_clean_first=False, cmake_force_configure=False, ament_cmake_args=None, catkin_cmake_args=None, catkin_skip_building_tests=False, mixin_files=None, mixin=None, verb_parser=<colcon_mixin.mixin.mixin_argument.MixinArgumentDecorator object at 0x7e95ede5b160>, verb_extension=<colcon_core.verb.build.BuildVerb object at 0x7e95edfa00d0>, main=<bound method BuildVerb.main of <colcon_core.verb.build.BuildVerb object at 0x7e95edfa00d0>>, mixin_verb=('build',))
[0.260s] Level 1:colcon.colcon_core.package_discovery:discover_packages(colcon_meta) check parameters
[0.260s] Level 1:colcon.colcon_core.package_discovery:discover_packages(recursive) check parameters
[0.260s] Level 1:colcon.colcon_core.package_discovery:discover_packages(ignore) check parameters
[0.260s] Level 1:colcon.colcon_core.package_discovery:discover_packages(path) check parameters
[0.260s] Level 1:colcon.colcon_core.package_discovery:discover_packages(colcon_meta) discover
[0.260s] Level 1:colcon.colcon_core.package_discovery:discover_packages(recursive) discover
[0.261s] INFO:colcon.colcon_core.package_discovery:Crawling recursively for packages in '/home/shesha/robot_ws'
[0.261s] Level 1:colcon.colcon_core.package_identification:_identify(.) by extensions ['ignore', 'ignore_ament_install']
[0.261s] Level 1:colcon.colcon_core.package_identification:_identify(.) by extension 'ignore'
[0.261s] Level 1:colcon.colcon_core.package_identification:_identify(.) by extension 'ignore_ament_install'
[0.261s] Level 1:colcon.colcon_core.package_identification:_identify(.) by extensions ['colcon_pkg']
[0.261s] Level 1:colcon.colcon_core.package_identification:_identify(.) by extension 'colcon_pkg'
[0.261s] Level 1:colcon.colcon_core.package_identification:_identify(.) by extensions ['colcon_meta']
[0.261s] Level 1:colcon.colcon_core.package_identification:_identify(.) by extension 'colcon_meta'
[0.261s] Level 1:colcon.colcon_core.package_identification:_identify(.) by extensions ['ros']
[0.261s] Level 1:colcon.colcon_core.package_identification:_identify(.) by extension 'ros'
[0.271s] Level 1:colcon.colcon_core.package_identification:_identify(.) by extensions ['cmake', 'python']
[0.271s] Level 1:colcon.colcon_core.package_identification:_identify(.) by extension 'cmake'
[0.271s] Level 1:colcon.colcon_core.package_identification:_identify(.) by extension 'python'
[0.271s] Level 1:colcon.colcon_core.package_identification:_identify(.) by extensions ['python_setup_py']
[0.271s] Level 1:colcon.colcon_core.package_identification:_identify(.) by extension 'python_setup_py'
[0.271s] Level 1:colcon.colcon_core.package_identification:_identify(DRL_robot_navigation_ros2) by extensions ['ignore', 'ignore_ament_install']
[0.271s] Level 1:colcon.colcon_core.package_identification:_identify(DRL_robot_navigation_ros2) by extension 'ignore'
[0.271s] Level 1:colcon.colcon_core.package_identification:_identify(DRL_robot_navigation_ros2) by extension 'ignore_ament_install'
[0.272s] Level 1:colcon.colcon_core.package_identification:_identify(DRL_robot_navigation_ros2) by extensions ['colcon_pkg']
[0.272s] Level 1:colcon.colcon_core.package_identification:_identify(DRL_robot_navigation_ros2) by extension 'colcon_pkg'
[0.272s] Level 1:colcon.colcon_core.package_identification:_identify(DRL_robot_navigation_ros2) by extensions ['colcon_meta']
[0.272s] Level 1:colcon.colcon_core.package_identification:_identify(DRL_robot_navigation_ros2) by extension 'colcon_meta'
[0.272s] Level 1:colcon.colcon_core.package_identification:_identify(DRL_robot_navigation_ros2) by extensions ['ros']
[0.272s] Level 1:colcon.colcon_core.package_identification:_identify(DRL_robot_navigation_ros2) by extension 'ros'
[0.272s] Level 1:colcon.colcon_core.package_identification:_identify(DRL_robot_navigation_ros2) by extensions ['cmake', 'python']
[0.272s] Level 1:colcon.colcon_core.package_identification:_identify(DRL_robot_navigation_ros2) by extension 'cmake'
[0.272s] Level 1:colcon.colcon_core.package_identification:_identify(DRL_robot_navigation_ros2) by extension 'python'
[0.272s] Level 1:colcon.colcon_core.package_identification:_identify(DRL_robot_navigation_ros2) by extensions ['python_setup_py']
[0.272s] Level 1:colcon.colcon_core.package_identification:_identify(DRL_robot_navigation_ros2) by extension 'python_setup_py'
[0.272s] Level 1:colcon.colcon_core.package_identification:_identify(DRL_robot_navigation_ros2/src) by extensions ['ignore', 'ignore_ament_install']
[0.272s] Level 1:colcon.colcon_core.package_identification:_identify(DRL_robot_navigation_ros2/src) by extension 'ignore'
[0.272s] Level 1:colcon.colcon_core.package_identification:_identify(DRL_robot_navigation_ros2/src) by extension 'ignore_ament_install'
[0.272s] Level 1:colcon.colcon_core.package_identification:_identify(DRL_robot_navigation_ros2/src) by extensions ['colcon_pkg']
[0.272s] Level 1:colcon.colcon_core.package_identification:_identify(DRL_robot_navigation_ros2/src) by extension 'colcon_pkg'
[0.272s] Level 1:colcon.colcon_core.package_identification:_identify(DRL_robot_navigation_ros2/src) by extensions ['colcon_meta']
[0.272s] Level 1:colcon.colcon_core.package_identification:_identify(DRL_robot_navigation_ros2/src) by extension 'colcon_meta'
[0.272s] Level 1:colcon.colcon_core.package_identification:_identify(DRL_robot_navigation_ros2/src) by extensions ['ros']
[0.272s] Level 1:colcon.colcon_core.package_identification:_identify(DRL_robot_navigation_ros2/src) by extension 'ros'
[0.272s] Level 1:colcon.colcon_core.package_identification:_identify(DRL_robot_navigation_ros2/src) by extensions ['cmake', 'python']
[0.272s] Level 1:colcon.colcon_core.package_identification:_identify(DRL_robot_navigation_ros2/src) by extension 'cmake'
[0.272s] Level 1:colcon.colcon_core.package_identification:_identify(DRL_robot_navigation_ros2/src) by extension 'python'
[0.272s] Level 1:colcon.colcon_core.package_identification:_identify(DRL_robot_navigation_ros2/src) by extensions ['python_setup_py']
[0.272s] Level 1:colcon.colcon_core.package_identification:_identify(DRL_robot_navigation_ros2/src) by extension 'python_setup_py'
[0.272s] Level 1:colcon.colcon_core.package_identification:_identify(DRL_robot_navigation_ros2/src/td3) by extensions ['ignore', 'ignore_ament_install']
[0.273s] Level 1:colcon.colcon_core.package_identification:_identify(DRL_robot_navigation_ros2/src/td3) by extension 'ignore'
[0.273s] Level 1:colcon.colcon_core.package_identification:_identify(DRL_robot_navigation_ros2/src/td3) by extension 'ignore_ament_install'
[0.273s] Level 1:colcon.colcon_core.package_identification:_identify(DRL_robot_navigation_ros2/src/td3) by extensions ['colcon_pkg']
[0.273s] Level 1:colcon.colcon_core.package_identification:_identify(DRL_robot_navigation_ros2/src/td3) by extension 'colcon_pkg'
[0.273s] Level 1:colcon.colcon_core.package_identification:_identify(DRL_robot_navigation_ros2/src/td3) by extensions ['colcon_meta']
[0.273s] Level 1:colcon.colcon_core.package_identification:_identify(DRL_robot_navigation_ros2/src/td3) by extension 'colcon_meta'
[0.273s] Level 1:colcon.colcon_core.package_identification:_identify(DRL_robot_navigation_ros2/src/td3) by extensions ['ros']
[0.273s] Level 1:colcon.colcon_core.package_identification:_identify(DRL_robot_navigation_ros2/src/td3) by extension 'ros'
[0.273s] Level 1:colcon.colcon_core.package_identification:_identify(DRL_robot_navigation_ros2/src/td3) by extensions ['cmake', 'python']
[0.273s] Level 1:colcon.colcon_core.package_identification:_identify(DRL_robot_navigation_ros2/src/td3) by extension 'cmake'
[0.273s] Level 1:colcon.colcon_core.package_identification:_identify(DRL_robot_navigation_ros2/src/td3) by extension 'python'
[0.273s] Level 1:colcon.colcon_core.package_identification:_identify(DRL_robot_navigation_ros2/src/td3) by extensions ['python_setup_py']
[0.273s] Level 1:colcon.colcon_core.package_identification:_identify(DRL_robot_navigation_ros2/src/td3) by extension 'python_setup_py'
[0.273s] Level 1:colcon.colcon_core.package_identification:_identify(DRL_robot_navigation_ros2/src/td3/scripts) by extensions ['ignore', 'ignore_ament_install']
[0.273s] Level 1:colcon.colcon_core.package_identification:_identify(DRL_robot_navigation_ros2/src/td3/scripts) by extension 'ignore'
[0.273s] Level 1:colcon.colcon_core.package_identification:_identify(DRL_robot_navigation_ros2/src/td3/scripts) by extension 'ignore_ament_install'
[0.273s] Level 1:colcon.colcon_core.package_identification:_identify(DRL_robot_navigation_ros2/src/td3/scripts) by extensions ['colcon_pkg']
[0.273s] Level 1:colcon.colcon_core.package_identification:_identify(DRL_robot_navigation_ros2/src/td3/scripts) by extension 'colcon_pkg'
[0.273s] Level 1:colcon.colcon_core.package_identification:_identify(DRL_robot_navigation_ros2/src/td3/scripts) by extensions ['colcon_meta']
[0.273s] Level 1:colcon.colcon_core.package_identification:_identify(DRL_robot_navigation_ros2/src/td3/scripts) by extension 'colcon_meta'
[0.273s] Level 1:colcon.colcon_core.package_identification:_identify(DRL_robot_navigation_ros2/src/td3/scripts) by extensions ['ros']
[0.273s] Level 1:colcon.colcon_core.package_identification:_identify(DRL_robot_navigation_ros2/src/td3/scripts) by extension 'ros'
[0.273s] Level 1:colcon.colcon_core.package_identification:_identify(DRL_robot_navigation_ros2/src/td3/scripts) by extensions ['cmake', 'python']
[0.273s] Level 1:colcon.colcon_core.package_identification:_identify(DRL_robot_navigation_ros2/src/td3/scripts) by extension 'cmake'
[0.273s] Level 1:colcon.colcon_core.package_identification:_identify(DRL_robot_navigation_ros2/src/td3/scripts) by extension 'python'
[0.273s] Level 1:colcon.colcon_core.package_identification:_identify(DRL_robot_navigation_ros2/src/td3/scripts) by extensions ['python_setup_py']
[0.273s] Level 1:colcon.colcon_core.package_identification:_identify(DRL_robot_navigation_ros2/src/td3/scripts) by extension 'python_setup_py'
[0.274s] Level 1:colcon.colcon_core.package_identification:_identify(DRL_robot_navigation_ros2/src/td3/scripts/runs) by extensions ['ignore', 'ignore_ament_install']
[0.274s] Level 1:colcon.colcon_core.package_identification:_identify(DRL_robot_navigation_ros2/src/td3/scripts/runs) by extension 'ignore'
[0.274s] Level 1:colcon.colcon_core.package_identification:_identify(DRL_robot_navigation_ros2/src/td3/scripts/runs) by extension 'ignore_ament_install'
[0.274s] Level 1:colcon.colcon_core.package_identification:_identify(DRL_robot_navigation_ros2/src/td3/scripts/runs) by extensions ['colcon_pkg']
[0.274s] Level 1:colcon.colcon_core.package_identification:_identify(DRL_robot_navigation_ros2/src/td3/scripts/runs) by extension 'colcon_pkg'
[0.274s] Level 1:colcon.colcon_core.package_identification:_identify(DRL_robot_navigation_ros2/src/td3/scripts/runs) by extensions ['colcon_meta']
[0.274s] Level 1:colcon.colcon_core.package_identification:_identify(DRL_robot_navigation_ros2/src/td3/scripts/runs) by extension 'colcon_meta'
[0.274s] Level 1:colcon.colcon_core.package_identification:_identify(DRL_robot_navigation_ros2/src/td3/scripts/runs) by extensions ['ros']
[0.274s] Level 1:colcon.colcon_core.package_identification:_identify(DRL_robot_navigation_ros2/src/td3/scripts/runs) by extension 'ros'
[0.274s] Level 1:colcon.colcon_core.package_identification:_identify(DRL_robot_navigation_ros2/src/td3/scripts/runs) by extensions ['cmake', 'python']
[0.274s] Level 1:colcon.colcon_core.package_identification:_identify(DRL_robot_navigation_ros2/src/td3/scripts/runs) by extension 'cmake'
[0.274s] Level 1:colcon.colcon_core.package_identification:_identify(DRL_robot_navigation_ros2/src/td3/scripts/runs) by extension 'python'
[0.274s] Level 1:colcon.colcon_core.package_identification:_identify(DRL_robot_navigation_ros2/src/td3/scripts/runs) by extensions ['python_setup_py']
[0.274s] Level 1:colcon.colcon_core.package_identification:_identify(DRL_robot_navigation_ros2/src/td3/scripts/runs) by extension 'python_setup_py'
[0.274s] Level 1:colcon.colcon_core.package_identification:_identify(build) by extensions ['ignore', 'ignore_ament_install']
[0.274s] Level 1:colcon.colcon_core.package_identification:_identify(build) by extension 'ignore'
[0.274s] Level 1:colcon.colcon_core.package_identification:_identify(build) ignored
[0.274s] Level 1:colcon.colcon_core.package_identification:_identify(install) by extensions ['ignore', 'ignore_ament_install']
[0.274s] Level 1:colcon.colcon_core.package_identification:_identify(install) by extension 'ignore'
[0.274s] Level 1:colcon.colcon_core.package_identification:_identify(install) ignored
[0.275s] Level 1:colcon.colcon_core.package_identification:_identify(log) by extensions ['ignore', 'ignore_ament_install']
[0.275s] Level 1:colcon.colcon_core.package_identification:_identify(log) by extension 'ignore'
[0.275s] Level 1:colcon.colcon_core.package_identification:_identify(log) ignored
[0.275s] Level 1:colcon.colcon_core.package_identification:_identify(pytorch_models) by extensions ['ignore', 'ignore_ament_install']
[0.275s] Level 1:colcon.colcon_core.package_identification:_identify(pytorch_models) by extension 'ignore'
[0.275s] Level 1:colcon.colcon_core.package_identification:_identify(pytorch_models) by extension 'ignore_ament_install'
[0.275s] Level 1:colcon.colcon_core.package_identification:_identify(pytorch_models) by extensions ['colcon_pkg']
[0.275s] Level 1:colcon.colcon_core.package_identification:_identify(pytorch_models) by extension 'colcon_pkg'
[0.275s] Level 1:colcon.colcon_core.package_identification:_identify(pytorch_models) by extensions ['colcon_meta']
[0.275s] Level 1:colcon.colcon_core.package_identification:_identify(pytorch_models) by extension 'colcon_meta'
[0.275s] Level 1:colcon.colcon_core.package_identification:_identify(pytorch_models) by extensions ['ros']
[0.275s] Level 1:colcon.colcon_core.package_identification:_identify(pytorch_models) by extension 'ros'
[0.275s] Level 1:colcon.colcon_core.package_identification:_identify(pytorch_models) by extensions ['cmake', 'python']
[0.275s] Level 1:colcon.colcon_core.package_identification:_identify(pytorch_models) by extension 'cmake'
[0.275s] Level 1:colcon.colcon_core.package_identification:_identify(pytorch_models) by extension 'python'
[0.275s] Level 1:colcon.colcon_core.package_identification:_identify(pytorch_models) by extensions ['python_setup_py']
[0.275s] Level 1:colcon.colcon_core.package_identification:_identify(pytorch_models) by extension 'python_setup_py'
[0.275s] Level 1:colcon.colcon_core.package_identification:_identify(results) by extensions ['ignore', 'ignore_ament_install']
[0.275s] Level 1:colcon.colcon_core.package_identification:_identify(results) by extension 'ignore'
[0.275s] Level 1:colcon.colcon_core.package_identification:_identify(results) by extension 'ignore_ament_install'
[0.275s] Level 1:colcon.colcon_core.package_identification:_identify(results) by extensions ['colcon_pkg']
[0.275s] Level 1:colcon.colcon_core.package_identification:_identify(results) by extension 'colcon_pkg'
[0.275s] Level 1:colcon.colcon_core.package_identification:_identify(results) by extensions ['colcon_meta']
[0.276s] Level 1:colcon.colcon_core.package_identification:_identify(results) by extension 'colcon_meta'
[0.276s] Level 1:colcon.colcon_core.package_identification:_identify(results) by extensions ['ros']
[0.276s] Level 1:colcon.colcon_core.package_identification:_identify(results) by extension 'ros'
[0.276s] Level 1:colcon.colcon_core.package_identification:_identify(results) by extensions ['cmake', 'python']
[0.276s] Level 1:colcon.colcon_core.package_identification:_identify(results) by extension 'cmake'
[0.276s] Level 1:colcon.colcon_core.package_identification:_identify(results) by extension 'python'
[0.276s] Level 1:colcon.colcon_core.package_identification:_identify(results) by extensions ['python_setup_py']
[0.276s] Level 1:colcon.colcon_core.package_identification:_identify(results) by extension 'python_setup_py'
[0.276s] Level 1:colcon.colcon_core.package_identification:_identify(src) by extensions ['ignore', 'ignore_ament_install']
[0.276s] Level 1:colcon.colcon_core.package_identification:_identify(src) by extension 'ignore'
[0.276s] Level 1:colcon.colcon_core.package_identification:_identify(src) by extension 'ignore_ament_install'
[0.276s] Level 1:colcon.colcon_core.package_identification:_identify(src) by extensions ['colcon_pkg']
[0.276s] Level 1:colcon.colcon_core.package_identification:_identify(src) by extension 'colcon_pkg'
[0.276s] Level 1:colcon.colcon_core.package_identification:_identify(src) by extensions ['colcon_meta']
[0.276s] Level 1:colcon.colcon_core.package_identification:_identify(src) by extension 'colcon_meta'
[0.276s] Level 1:colcon.colcon_core.package_identification:_identify(src) by extensions ['ros']
[0.276s] Level 1:colcon.colcon_core.package_identification:_identify(src) by extension 'ros'
[0.276s] Level 1:colcon.colcon_core.package_identification:_identify(src) by extensions ['cmake', 'python']
[0.276s] Level 1:colcon.colcon_core.package_identification:_identify(src) by extension 'cmake'
[0.276s] Level 1:colcon.colcon_core.package_identification:_identify(src) by extension 'python'
[0.276s] Level 1:colcon.colcon_core.package_identification:_identify(src) by extensions ['python_setup_py']
[0.276s] Level 1:colcon.colcon_core.package_identification:_identify(src) by extension 'python_setup_py'
[0.276s] Level 1:colcon.colcon_core.package_identification:_identify(src/td3) by extensions ['ignore', 'ignore_ament_install']
[0.276s] Level 1:colcon.colcon_core.package_identification:_identify(src/td3) by extension 'ignore'
[0.276s] Level 1:colcon.colcon_core.package_identification:_identify(src/td3) by extension 'ignore_ament_install'
[0.277s] Level 1:colcon.colcon_core.package_identification:_identify(src/td3) by extensions ['colcon_pkg']
[0.277s] Level 1:colcon.colcon_core.package_identification:_identify(src/td3) by extension 'colcon_pkg'
[0.277s] Level 1:colcon.colcon_core.package_identification:_identify(src/td3) by extensions ['colcon_meta']
[0.277s] Level 1:colcon.colcon_core.package_identification:_identify(src/td3) by extension 'colcon_meta'
[0.277s] Level 1:colcon.colcon_core.package_identification:_identify(src/td3) by extensions ['ros']
[0.277s] Level 1:colcon.colcon_core.package_identification:_identify(src/td3) by extension 'ros'
[0.291s] DEBUG:colcon.colcon_core.package_identification:Package 'src/td3' with type 'ros.ament_cmake' and name 'td3'
[0.291s] Level 1:colcon.colcon_core.package_identification:_identify(src/velodyne_simulator) by extensions ['ignore', 'ignore_ament_install']
[0.291s] Level 1:colcon.colcon_core.package_identification:_identify(src/velodyne_simulator) by extension 'ignore'
[0.291s] Level 1:colcon.colcon_core.package_identification:_identify(src/velodyne_simulator) by extension 'ignore_ament_install'
[0.291s] Level 1:colcon.colcon_core.package_identification:_identify(src/velodyne_simulator) by extensions ['colcon_pkg']
[0.291s] Level 1:colcon.colcon_core.package_identification:_identify(src/velodyne_simulator) by extension 'colcon_pkg'
[0.291s] Level 1:colcon.colcon_core.package_identification:_identify(src/velodyne_simulator) by extensions ['colcon_meta']
[0.291s] Level 1:colcon.colcon_core.package_identification:_identify(src/velodyne_simulator) by extension 'colcon_meta'
[0.292s] Level 1:colcon.colcon_core.package_identification:_identify(src/velodyne_simulator) by extensions ['ros']
[0.292s] Level 1:colcon.colcon_core.package_identification:_identify(src/velodyne_simulator) by extension 'ros'
[0.292s] Level 1:colcon.colcon_core.package_identification:_identify(src/velodyne_simulator) by extensions ['cmake', 'python']
[0.292s] Level 1:colcon.colcon_core.package_identification:_identify(src/velodyne_simulator) by extension 'cmake'
[0.292s] Level 1:colcon.colcon_core.package_identification:_identify(src/velodyne_simulator) by extension 'python'
[0.292s] Level 1:colcon.colcon_core.package_identification:_identify(src/velodyne_simulator) by extensions ['python_setup_py']
[0.292s] Level 1:colcon.colcon_core.package_identification:_identify(src/velodyne_simulator) by extension 'python_setup_py'
[0.292s] Level 1:colcon.colcon_core.package_identification:_identify(src/velodyne_simulator/img) by extensions ['ignore', 'ignore_ament_install']
[0.292s] Level 1:colcon.colcon_core.package_identification:_identify(src/velodyne_simulator/img) by extension 'ignore'
[0.292s] Level 1:colcon.colcon_core.package_identification:_identify(src/velodyne_simulator/img) by extension 'ignore_ament_install'
[0.292s] Level 1:colcon.colcon_core.package_identification:_identify(src/velodyne_simulator/img) by extensions ['colcon_pkg']
[0.292s] Level 1:colcon.colcon_core.package_identification:_identify(src/velodyne_simulator/img) by extension 'colcon_pkg'
[0.292s] Level 1:colcon.colcon_core.package_identification:_identify(src/velodyne_simulator/img) by extensions ['colcon_meta']
[0.292s] Level 1:colcon.colcon_core.package_identification:_identify(src/velodyne_simulator/img) by extension 'colcon_meta'
[0.292s] Level 1:colcon.colcon_core.package_identification:_identify(src/velodyne_simulator/img) by extensions ['ros']
[0.292s] Level 1:colcon.colcon_core.package_identification:_identify(src/velodyne_simulator/img) by extension 'ros'
[0.292s] Level 1:colcon.colcon_core.package_identification:_identify(src/velodyne_simulator/img) by extensions ['cmake', 'python']
[0.292s] Level 1:colcon.colcon_core.package_identification:_identify(src/velodyne_simulator/img) by extension 'cmake'
[0.292s] Level 1:colcon.colcon_core.package_identification:_identify(src/velodyne_simulator/img) by extension 'python'
[0.292s] Level 1:colcon.colcon_core.package_identification:_identify(src/velodyne_simulator/img) by extensions ['python_setup_py']
[0.292s] Level 1:colcon.colcon_core.package_identification:_identify(src/velodyne_simulator/img) by extension 'python_setup_py'
[0.292s] Level 1:colcon.colcon_core.package_identification:_identify(src/velodyne_simulator/velodyne_description) by extensions ['ignore', 'ignore_ament_install']
[0.293s] Level 1:colcon.colcon_core.package_identification:_identify(src/velodyne_simulator/velodyne_description) by extension 'ignore'
[0.293s] Level 1:colcon.colcon_core.package_identification:_identify(src/velodyne_simulator/velodyne_description) by extension 'ignore_ament_install'
[0.293s] Level 1:colcon.colcon_core.package_identification:_identify(src/velodyne_simulator/velodyne_description) by extensions ['colcon_pkg']
[0.293s] Level 1:colcon.colcon_core.package_identification:_identify(src/velodyne_simulator/velodyne_description) by extension 'colcon_pkg'
[0.293s] Level 1:colcon.colcon_core.package_identification:_identify(src/velodyne_simulator/velodyne_description) by extensions ['colcon_meta']
[0.293s] Level 1:colcon.colcon_core.package_identification:_identify(src/velodyne_simulator/velodyne_description) by extension 'colcon_meta'
[0.293s] Level 1:colcon.colcon_core.package_identification:_identify(src/velodyne_simulator/velodyne_description) by extensions ['ros']
[0.293s] Level 1:colcon.colcon_core.package_identification:_identify(src/velodyne_simulator/velodyne_description) by extension 'ros'
[0.294s] DEBUG:colcon.colcon_core.package_identification:Package 'src/velodyne_simulator/velodyne_description' with type 'ros.ament_cmake' and name 'velodyne_description'
[0.294s] Level 1:colcon.colcon_core.package_identification:_identify(src/velodyne_simulator/velodyne_gazebo_plugins) by extensions ['ignore', 'ignore_ament_install']
[0.294s] Level 1:colcon.colcon_core.package_identification:_identify(src/velodyne_simulator/velodyne_gazebo_plugins) by extension 'ignore'
[0.294s] Level 1:colcon.colcon_core.package_identification:_identify(src/velodyne_simulator/velodyne_gazebo_plugins) by extension 'ignore_ament_install'
[0.294s] Level 1:colcon.colcon_core.package_identification:_identify(src/velodyne_simulator/velodyne_gazebo_plugins) by extensions ['colcon_pkg']
[0.294s] Level 1:colcon.colcon_core.package_identification:_identify(src/velodyne_simulator/velodyne_gazebo_plugins) by extension 'colcon_pkg'
[0.294s] Level 1:colcon.colcon_core.package_identification:_identify(src/velodyne_simulator/velodyne_gazebo_plugins) by extensions ['colcon_meta']
[0.294s] Level 1:colcon.colcon_core.package_identification:_identify(src/velodyne_simulator/velodyne_gazebo_plugins) by extension 'colcon_meta'
[0.294s] Level 1:colcon.colcon_core.package_identification:_identify(src/velodyne_simulator/velodyne_gazebo_plugins) by extensions ['ros']
[0.294s] Level 1:colcon.colcon_core.package_identification:_identify(src/velodyne_simulator/velodyne_gazebo_plugins) by extension 'ros'
[0.295s] DEBUG:colcon.colcon_core.package_identification:Package 'src/velodyne_simulator/velodyne_gazebo_plugins' with type 'ros.ament_cmake' and name 'velodyne_gazebo_plugins'
[0.295s] Level 1:colcon.colcon_core.package_identification:_identify(src/velodyne_simulator/velodyne_simulator) by extensions ['ignore', 'ignore_ament_install']
[0.295s] Level 1:colcon.colcon_core.package_identification:_identify(src/velodyne_simulator/velodyne_simulator) by extension 'ignore'
[0.295s] Level 1:colcon.colcon_core.package_identification:_identify(src/velodyne_simulator/velodyne_simulator) by extension 'ignore_ament_install'
[0.295s] Level 1:colcon.colcon_core.package_identification:_identify(src/velodyne_simulator/velodyne_simulator) by extensions ['colcon_pkg']
[0.295s] Level 1:colcon.colcon_core.package_identification:_identify(src/velodyne_simulator/velodyne_simulator) by extension 'colcon_pkg'
[0.295s] Level 1:colcon.colcon_core.package_identification:_identify(src/velodyne_simulator/velodyne_simulator) by extensions ['colcon_meta']
[0.295s] Level 1:colcon.colcon_core.package_identification:_identify(src/velodyne_simulator/velodyne_simulator) by extension 'colcon_meta'
[0.295s] Level 1:colcon.colcon_core.package_identification:_identify(src/velodyne_simulator/velodyne_simulator) by extensions ['ros']
[0.295s] Level 1:colcon.colcon_core.package_identification:_identify(src/velodyne_simulator/velodyne_simulator) by extension 'ros'
[0.295s] DEBUG:colcon.colcon_core.package_identification:Package 'src/velodyne_simulator/velodyne_simulator' with type 'ros.ament_cmake' and name 'velodyne_simulator'
[0.295s] Level 1:colcon.colcon_core.package_discovery:discover_packages(recursive) using defaults
[0.296s] Level 1:colcon.colcon_core.package_discovery:discover_packages(ignore) discover
[0.296s] Level 1:colcon.colcon_core.package_discovery:discover_packages(ignore) using defaults
[0.296s] Level 1:colcon.colcon_core.package_discovery:discover_packages(path) discover
[0.296s] Level 1:colcon.colcon_core.package_discovery:discover_packages(path) using defaults
[0.312s] Level 1:colcon.colcon_core.package_discovery:discover_packages(prefix_path) check parameters
[0.312s] Level 1:colcon.colcon_core.package_discovery:discover_packages(prefix_path) discover
[0.315s] DEBUG:colcon.colcon_installed_package_information.package_discovery:Found 334 installed packages in /opt/ros/humble
[0.316s] Level 1:colcon.colcon_core.package_discovery:discover_packages(prefix_path) using defaults
[0.350s] Level 5:colcon.colcon_core.verb:set package 'td3' build argument 'cmake_args' from command line to 'None'
[0.350s] Level 5:colcon.colcon_core.verb:set package 'td3' build argument 'cmake_target' from command line to 'None'
[0.350s] Level 5:colcon.colcon_core.verb:set package 'td3' build argument 'cmake_target_skip_unavailable' from command line to 'False'
[0.350s] Level 5:colcon.colcon_core.verb:set package 'td3' build argument 'cmake_clean_cache' from command line to 'False'
[0.350s] Level 5:colcon.colcon_core.verb:set package 'td3' build argument 'cmake_clean_first' from command line to 'False'
[0.350s] Level 5:colcon.colcon_core.verb:set package 'td3' build argument 'cmake_force_configure' from command line to 'False'
[0.350s] Level 5:colcon.colcon_core.verb:set package 'td3' build argument 'ament_cmake_args' from command line to 'None'
[0.350s] Level 5:colcon.colcon_core.verb:set package 'td3' build argument 'catkin_cmake_args' from command line to 'None'
[0.350s] Level 5:colcon.colcon_core.verb:set package 'td3' build argument 'catkin_skip_building_tests' from command line to 'False'
[0.350s] DEBUG:colcon.colcon_core.verb:Building package 'td3' with the following arguments: {'ament_cmake_args': None, 'build_base': '/home/shesha/robot_ws/build/td3', 'catkin_cmake_args': None, 'catkin_skip_building_tests': False, 'cmake_args': None, 'cmake_clean_cache': False, 'cmake_clean_first': False, 'cmake_force_configure': False, 'cmake_target': None, 'cmake_target_skip_unavailable': False, 'install_base': '/home/shesha/robot_ws/install/td3', 'merge_install': False, 'path': '/home/shesha/robot_ws/src/td3', 'symlink_install': False, 'test_result_base': None}
[0.350s] Level 5:colcon.colcon_core.verb:set package 'velodyne_description' build argument 'cmake_args' from command line to 'None'
[0.350s] Level 5:colcon.colcon_core.verb:set package 'velodyne_description' build argument 'cmake_target' from command line to 'None'
[0.350s] Level 5:colcon.colcon_core.verb:set package 'velodyne_description' build argument 'cmake_target_skip_unavailable' from command line to 'False'
[0.350s] Level 5:colcon.colcon_core.verb:set package 'velodyne_description' build argument 'cmake_clean_cache' from command line to 'False'
[0.350s] Level 5:colcon.colcon_core.verb:set package 'velodyne_description' build argument 'cmake_clean_first' from command line to 'False'
[0.350s] Level 5:colcon.colcon_core.verb:set package 'velodyne_description' build argument 'cmake_force_configure' from command line to 'False'
[0.350s] Level 5:colcon.colcon_core.verb:set package 'velodyne_description' build argument 'ament_cmake_args' from command line to 'None'
[0.350s] Level 5:colcon.colcon_core.verb:set package 'velodyne_description' build argument 'catkin_cmake_args' from command line to 'None'
[0.350s] Level 5:colcon.colcon_core.verb:set package 'velodyne_description' build argument 'catkin_skip_building_tests' from command line to 'False'
[0.350s] DEBUG:colcon.colcon_core.verb:Building package 'velodyne_description' with the following arguments: {'ament_cmake_args': None, 'build_base': '/home/shesha/robot_ws/build/velodyne_description', 'catkin_cmake_args': None, 'catkin_skip_building_tests': False, 'cmake_args': None, 'cmake_clean_cache': False, 'cmake_clean_first': False, 'cmake_force_configure': False, 'cmake_target': None, 'cmake_target_skip_unavailable': False, 'install_base': '/home/shesha/robot_ws/install/velodyne_description', 'merge_install': False, 'path': '/home/shesha/robot_ws/src/velodyne_simulator/velodyne_description', 'symlink_install': False, 'test_result_base': None}
[0.351s] Level 5:colcon.colcon_core.verb:set package 'velodyne_gazebo_plugins' build argument 'cmake_args' from command line to 'None'
[0.351s] Level 5:colcon.colcon_core.verb:set package 'velodyne_gazebo_plugins' build argument 'cmake_target' from command line to 'None'
[0.351s] Level 5:colcon.colcon_core.verb:set package 'velodyne_gazebo_plugins' build argument 'cmake_target_skip_unavailable' from command line to 'False'
[0.351s] Level 5:colcon.colcon_core.verb:set package 'velodyne_gazebo_plugins' build argument 'cmake_clean_cache' from command line to 'False'
[0.351s] Level 5:colcon.colcon_core.verb:set package 'velodyne_gazebo_plugins' build argument 'cmake_clean_first' from command line to 'False'
[0.351s] Level 5:colcon.colcon_core.verb:set package 'velodyne_gazebo_plugins' build argument 'cmake_force_configure' from command line to 'False'
[0.351s] Level 5:colcon.colcon_core.verb:set package 'velodyne_gazebo_plugins' build argument 'ament_cmake_args' from command line to 'None'
[0.351s] Level 5:colcon.colcon_core.verb:set package 'velodyne_gazebo_plugins' build argument 'catkin_cmake_args' from command line to 'None'
[0.351s] Level 5:colcon.colcon_core.verb:set package 'velodyne_gazebo_plugins' build argument 'catkin_skip_building_tests' from command line to 'False'
[0.351s] DEBUG:colcon.colcon_core.verb:Building package 'velodyne_gazebo_plugins' with the following arguments: {'ament_cmake_args': None, 'build_base': '/home/shesha/robot_ws/build/velodyne_gazebo_plugins', 'catkin_cmake_args': None, 'catkin_skip_building_tests': False, 'cmake_args': None, 'cmake_clean_cache': False, 'cmake_clean_first': False, 'cmake_force_configure': False, 'cmake_target': None, 'cmake_target_skip_unavailable': False, 'install_base': '/home/shesha/robot_ws/install/velodyne_gazebo_plugins', 'merge_install': False, 'path': '/home/shesha/robot_ws/src/velodyne_simulator/velodyne_gazebo_plugins', 'symlink_install': False, 'test_result_base': None}
[0.351s] Level 5:colcon.colcon_core.verb:set package 'velodyne_simulator' build argument 'cmake_args' from command line to 'None'
[0.351s] Level 5:colcon.colcon_core.verb:set package 'velodyne_simulator' build argument 'cmake_target' from command line to 'None'
[0.351s] Level 5:colcon.colcon_core.verb:set package 'velodyne_simulator' build argument 'cmake_target_skip_unavailable' from command line to 'False'
[0.351s] Level 5:colcon.colcon_core.verb:set package 'velodyne_simulator' build argument 'cmake_clean_cache' from command line to 'False'
[0.351s] Level 5:colcon.colcon_core.verb:set package 'velodyne_simulator' build argument 'cmake_clean_first' from command line to 'False'
[0.351s] Level 5:colcon.colcon_core.verb:set package 'velodyne_simulator' build argument 'cmake_force_configure' from command line to 'False'
[0.351s] Level 5:colcon.colcon_core.verb:set package 'velodyne_simulator' build argument 'ament_cmake_args' from command line to 'None'
[0.351s] Level 5:colcon.colcon_core.verb:set package 'velodyne_simulator' build argument 'catkin_cmake_args' from command line to 'None'
[0.351s] Level 5:colcon.colcon_core.verb:set package 'velodyne_simulator' build argument 'catkin_skip_building_tests' from command line to 'False'
[0.351s] DEBUG:colcon.colcon_core.verb:Building package 'velodyne_simulator' with the following arguments: {'ament_cmake_args': None, 'build_base': '/home/shesha/robot_ws/build/velodyne_simulator', 'catkin_cmake_args': None, 'catkin_skip_building_tests': False, 'cmake_args': None, 'cmake_clean_cache': False, 'cmake_clean_first': False, 'cmake_force_configure': False, 'cmake_target': None, 'cmake_target_skip_unavailable': False, 'install_base': '/home/shesha/robot_ws/install/velodyne_simulator', 'merge_install': False, 'path': '/home/shesha/robot_ws/src/velodyne_simulator/velodyne_simulator', 'symlink_install': False, 'test_result_base': None}
[0.351s] INFO:colcon.colcon_core.executor:Executing jobs using 'parallel' executor
[0.352s] DEBUG:colcon.colcon_parallel_executor.executor.parallel:run_until_complete
[0.353s] INFO:colcon.colcon_ros.task.ament_cmake.build:Building ROS package in '/home/shesha/robot_ws/src/velodyne_simulator/velodyne_description' with build type 'ament_cmake'
[0.353s] INFO:colcon.colcon_cmake.task.cmake.build:Building CMake package in '/home/shesha/robot_ws/src/velodyne_simulator/velodyne_description'
[0.354s] INFO:colcon.colcon_core.plugin_system:Skipping extension 'colcon_core.shell.bat': Not used on non-Windows systems
[0.354s] INFO:colcon.colcon_core.shell:Skip shell extension 'powershell' for command environment: Not usable outside of PowerShell
[0.354s] DEBUG:colcon.colcon_core.shell:Skip shell extension 'dsv' for command environment
[0.358s] INFO:colcon.colcon_ros.task.ament_cmake.build:Building ROS package in '/home/shesha/robot_ws/src/velodyne_simulator/velodyne_gazebo_plugins' with build type 'ament_cmake'
[0.358s] INFO:colcon.colcon_cmake.task.cmake.build:Building CMake package in '/home/shesha/robot_ws/src/velodyne_simulator/velodyne_gazebo_plugins'
[0.359s] INFO:colcon.colcon_core.shell:Skip shell extension 'powershell' for command environment: Not usable outside of PowerShell
[0.359s] DEBUG:colcon.colcon_core.shell:Skip shell extension 'dsv' for command environment
[0.362s] INFO:colcon.colcon_ros.task.ament_cmake.build:Building ROS package in '/home/shesha/robot_ws/src/td3' with build type 'ament_cmake'
[0.362s] INFO:colcon.colcon_cmake.task.cmake.build:Building CMake package in '/home/shesha/robot_ws/src/td3'
[0.362s] INFO:colcon.colcon_core.shell:Skip shell extension 'powershell' for command environment: Not usable outside of PowerShell
[0.362s] DEBUG:colcon.colcon_core.shell:Skip shell extension 'dsv' for command environment
[0.368s] DEBUG:colcon.colcon_core.event_handler.log_command:Invoking command in '/home/shesha/robot_ws/build/velodyne_description': CMAKE_PREFIX_PATH=/opt/ros/humble /usr/bin/cmake /home/shesha/robot_ws/src/velodyne_simulator/velodyne_description -DCMAKE_INSTALL_PREFIX=/home/shesha/robot_ws/install/velodyne_description
[0.371s] DEBUG:colcon.colcon_core.event_handler.log_command:Invoking command in '/home/shesha/robot_ws/build/velodyne_gazebo_plugins': CMAKE_PREFIX_PATH=/opt/ros/humble /usr/bin/cmake /home/shesha/robot_ws/src/velodyne_simulator/velodyne_gazebo_plugins -DCMAKE_INSTALL_PREFIX=/home/shesha/robot_ws/install/velodyne_gazebo_plugins
[0.375s] DEBUG:colcon.colcon_core.event_handler.log_command:Invoking command in '/home/shesha/robot_ws/build/td3': CMAKE_PREFIX_PATH=/opt/ros/humble /usr/bin/cmake /home/shesha/robot_ws/src/td3 -DCMAKE_INSTALL_PREFIX=/home/shesha/robot_ws/install/td3
[0.648s] DEBUG:colcon.colcon_core.event_handler.log_command:Invoked command in '/home/shesha/robot_ws/build/td3' returned '0': CMAKE_PREFIX_PATH=/opt/ros/humble /usr/bin/cmake /home/shesha/robot_ws/src/td3 -DCMAKE_INSTALL_PREFIX=/home/shesha/robot_ws/install/td3
[0.650s] DEBUG:colcon.colcon_core.event_handler.log_command:Invoking command in '/home/shesha/robot_ws/build/td3': CMAKE_PREFIX_PATH=/opt/ros/humble /usr/bin/cmake --build /home/shesha/robot_ws/build/td3 -- -j16 -l16
[0.694s] DEBUG:colcon.colcon_core.event_handler.log_command:Invoked command in '/home/shesha/robot_ws/build/td3' returned '0': CMAKE_PREFIX_PATH=/opt/ros/humble /usr/bin/cmake --build /home/shesha/robot_ws/build/td3 -- -j16 -l16
[0.705s] DEBUG:colcon.colcon_core.event_handler.log_command:Invoking command in '/home/shesha/robot_ws/build/td3': CMAKE_PREFIX_PATH=/opt/ros/humble /usr/bin/cmake --install /home/shesha/robot_ws/build/td3
[0.761s] Level 1:colcon.colcon_core.environment:create_environment_scripts_only(td3)
[0.762s] DEBUG:colcon.colcon_core.event_handler.log_command:Invoked command in '/home/shesha/robot_ws/build/td3' returned '0': CMAKE_PREFIX_PATH=/opt/ros/humble /usr/bin/cmake --install /home/shesha/robot_ws/build/td3
[0.764s] Level 1:colcon.colcon_core.environment:checking '/home/shesha/robot_ws/install/td3' for CMake module files
[0.765s] Level 1:colcon.colcon_core.environment:checking '/home/shesha/robot_ws/install/td3' for CMake config files
[0.765s] Level 1:colcon.colcon_core.shell:create_environment_hook('td3', 'cmake_prefix_path')
[0.765s] INFO:colcon.colcon_core.shell:Creating environment hook '/home/shesha/robot_ws/install/td3/share/td3/hook/cmake_prefix_path.ps1'
[0.766s] INFO:colcon.colcon_core.shell:Creating environment descriptor '/home/shesha/robot_ws/install/td3/share/td3/hook/cmake_prefix_path.dsv'
[0.766s] INFO:colcon.colcon_core.shell:Creating environment hook '/home/shesha/robot_ws/install/td3/share/td3/hook/cmake_prefix_path.sh'
[0.767s] Level 1:colcon.colcon_core.environment:checking '/home/shesha/robot_ws/install/td3/lib'
[0.767s] Level 1:colcon.colcon_core.environment:checking '/home/shesha/robot_ws/install/td3/bin'
[0.767s] Level 1:colcon.colcon_core.environment:checking '/home/shesha/robot_ws/install/td3/lib/pkgconfig/td3.pc'
[0.767s] Level 1:colcon.colcon_core.environment:checking '/home/shesha/robot_ws/install/td3/lib/python3.10/site-packages'
[0.767s] Level 1:colcon.colcon_core.environment:checking '/home/shesha/robot_ws/install/td3/bin'
[0.768s] INFO:colcon.colcon_core.shell:Creating package script '/home/shesha/robot_ws/install/td3/share/td3/package.ps1'
[0.768s] INFO:colcon.colcon_core.shell:Creating package descriptor '/home/shesha/robot_ws/install/td3/share/td3/package.dsv'
[0.769s] INFO:colcon.colcon_core.shell:Creating package script '/home/shesha/robot_ws/install/td3/share/td3/package.sh'
[0.769s] INFO:colcon.colcon_core.shell:Creating package script '/home/shesha/robot_ws/install/td3/share/td3/package.bash'
[0.770s] INFO:colcon.colcon_core.shell:Creating package script '/home/shesha/robot_ws/install/td3/share/td3/package.zsh'
[0.771s] Level 1:colcon.colcon_core.environment:create_file_with_runtime_dependencies(/home/shesha/robot_ws/install/td3/share/colcon-core/packages/td3)
[0.772s] Level 1:colcon.colcon_core.environment:create_environment_scripts_only(td3)
[0.772s] Level 1:colcon.colcon_core.environment:checking '/home/shesha/robot_ws/install/td3' for CMake module files
[0.772s] Level 1:colcon.colcon_core.environment:checking '/home/shesha/robot_ws/install/td3' for CMake config files
[0.773s] Level 1:colcon.colcon_core.shell:create_environment_hook('td3', 'cmake_prefix_path')
[0.773s] INFO:colcon.colcon_core.shell:Creating environment hook '/home/shesha/robot_ws/install/td3/share/td3/hook/cmake_prefix_path.ps1'
[0.774s] INFO:colcon.colcon_core.shell:Creating environment descriptor '/home/shesha/robot_ws/install/td3/share/td3/hook/cmake_prefix_path.dsv'
[0.774s] INFO:colcon.colcon_core.shell:Creating environment hook '/home/shesha/robot_ws/install/td3/share/td3/hook/cmake_prefix_path.sh'
[0.775s] Level 1:colcon.colcon_core.environment:checking '/home/shesha/robot_ws/install/td3/lib'
[0.775s] Level 1:colcon.colcon_core.environment:checking '/home/shesha/robot_ws/install/td3/bin'
[0.775s] Level 1:colcon.colcon_core.environment:checking '/home/shesha/robot_ws/install/td3/lib/pkgconfig/td3.pc'
[0.775s] Level 1:colcon.colcon_core.environment:checking '/home/shesha/robot_ws/install/td3/lib/python3.10/site-packages'
[0.775s] Level 1:colcon.colcon_core.environment:checking '/home/shesha/robot_ws/install/td3/bin'
[0.776s] INFO:colcon.colcon_core.shell:Creating package script '/home/shesha/robot_ws/install/td3/share/td3/package.ps1'
[0.777s] INFO:colcon.colcon_core.shell:Creating package descriptor '/home/shesha/robot_ws/install/td3/share/td3/package.dsv'
[0.777s] INFO:colcon.colcon_core.shell:Creating package script '/home/shesha/robot_ws/install/td3/share/td3/package.sh'
[0.777s] INFO:colcon.colcon_core.shell:Creating package script '/home/shesha/robot_ws/install/td3/share/td3/package.bash'
[0.778s] INFO:colcon.colcon_core.shell:Creating package script '/home/shesha/robot_ws/install/td3/share/td3/package.zsh'
[0.778s] Level 1:colcon.colcon_core.environment:create_file_with_runtime_dependencies(/home/shesha/robot_ws/install/td3/share/colcon-core/packages/td3)
[2.243s] DEBUG:colcon.colcon_core.event_handler.log_command:Invoked command in '/home/shesha/robot_ws/build/velodyne_description' returned '0': CMAKE_PREFIX_PATH=/opt/ros/humble /usr/bin/cmake /home/shesha/robot_ws/src/velodyne_simulator/velodyne_description -DCMAKE_INSTALL_PREFIX=/home/shesha/robot_ws/install/velodyne_description
[2.244s] DEBUG:colcon.colcon_core.event_handler.log_command:Invoking command in '/home/shesha/robot_ws/build/velodyne_description': CMAKE_PREFIX_PATH=/opt/ros/humble /usr/bin/cmake --build /home/shesha/robot_ws/build/velodyne_description -- -j16 -l16
[2.291s] DEBUG:colcon.colcon_core.event_handler.log_command:Invoked command in '/home/shesha/robot_ws/build/velodyne_description' returned '0': CMAKE_PREFIX_PATH=/opt/ros/humble /usr/bin/cmake --build /home/shesha/robot_ws/build/velodyne_description -- -j16 -l16
[2.293s] DEBUG:colcon.colcon_core.event_handler.log_command:Invoking command in '/home/shesha/robot_ws/build/velodyne_description': CMAKE_PREFIX_PATH=/opt/ros/humble /usr/bin/cmake --install /home/shesha/robot_ws/build/velodyne_description
[2.488s] Level 1:colcon.colcon_core.environment:create_environment_scripts_only(velodyne_description)
[2.489s] Level 1:colcon.colcon_core.environment:checking '/home/shesha/robot_ws/install/velodyne_description' for CMake module files
[2.489s] DEBUG:colcon.colcon_core.event_handler.log_command:Invoked command in '/home/shesha/robot_ws/build/velodyne_description' returned '0': CMAKE_PREFIX_PATH=/opt/ros/humble /usr/bin/cmake --install /home/shesha/robot_ws/build/velodyne_description
[2.489s] Level 1:colcon.colcon_core.environment:checking '/home/shesha/robot_ws/install/velodyne_description' for CMake config files
[2.489s] Level 1:colcon.colcon_core.shell:create_environment_hook('velodyne_description', 'cmake_prefix_path')
[2.490s] INFO:colcon.colcon_core.shell:Creating environment hook '/home/shesha/robot_ws/install/velodyne_description/share/velodyne_description/hook/cmake_prefix_path.ps1'
[2.490s] INFO:colcon.colcon_core.shell:Creating environment descriptor '/home/shesha/robot_ws/install/velodyne_description/share/velodyne_description/hook/cmake_prefix_path.dsv'
[2.490s] INFO:colcon.colcon_core.shell:Creating environment hook '/home/shesha/robot_ws/install/velodyne_description/share/velodyne_description/hook/cmake_prefix_path.sh'
[2.491s] Level 1:colcon.colcon_core.environment:checking '/home/shesha/robot_ws/install/velodyne_description/bin'
[2.491s] Level 1:colcon.colcon_core.environment:checking '/home/shesha/robot_ws/install/velodyne_description/lib/pkgconfig/velodyne_description.pc'
[2.491s] Level 1:colcon.colcon_core.environment:checking '/home/shesha/robot_ws/install/velodyne_description/lib/python3.10/site-packages'
[2.491s] Level 1:colcon.colcon_core.environment:checking '/home/shesha/robot_ws/install/velodyne_description/bin'
[2.492s] INFO:colcon.colcon_core.shell:Creating package script '/home/shesha/robot_ws/install/velodyne_description/share/velodyne_description/package.ps1'
[2.492s] INFO:colcon.colcon_core.shell:Creating package descriptor '/home/shesha/robot_ws/install/velodyne_description/share/velodyne_description/package.dsv'
[2.492s] INFO:colcon.colcon_core.shell:Creating package script '/home/shesha/robot_ws/install/velodyne_description/share/velodyne_description/package.sh'
[2.493s] INFO:colcon.colcon_core.shell:Creating package script '/home/shesha/robot_ws/install/velodyne_description/share/velodyne_description/package.bash'
[2.493s] INFO:colcon.colcon_core.shell:Creating package script '/home/shesha/robot_ws/install/velodyne_description/share/velodyne_description/package.zsh'
[2.493s] Level 1:colcon.colcon_core.environment:create_file_with_runtime_dependencies(/home/shesha/robot_ws/install/velodyne_description/share/colcon-core/packages/velodyne_description)
[2.493s] Level 1:colcon.colcon_core.environment:create_environment_scripts_only(velodyne_description)
[2.494s] Level 1:colcon.colcon_core.environment:checking '/home/shesha/robot_ws/install/velodyne_description' for CMake module files
[2.494s] Level 1:colcon.colcon_core.environment:checking '/home/shesha/robot_ws/install/velodyne_description' for CMake config files
[2.494s] Level 1:colcon.colcon_core.shell:create_environment_hook('velodyne_description', 'cmake_prefix_path')
[2.494s] INFO:colcon.colcon_core.shell:Creating environment hook '/home/shesha/robot_ws/install/velodyne_description/share/velodyne_description/hook/cmake_prefix_path.ps1'
[2.495s] INFO:colcon.colcon_core.shell:Creating environment descriptor '/home/shesha/robot_ws/install/velodyne_description/share/velodyne_description/hook/cmake_prefix_path.dsv'
[2.495s] INFO:colcon.colcon_core.shell:Creating environment hook '/home/shesha/robot_ws/install/velodyne_description/share/velodyne_description/hook/cmake_prefix_path.sh'
[2.495s] Level 1:colcon.colcon_core.environment:checking '/home/shesha/robot_ws/install/velodyne_description/bin'
[2.496s] Level 1:colcon.colcon_core.environment:checking '/home/shesha/robot_ws/install/velodyne_description/lib/pkgconfig/velodyne_description.pc'
[2.496s] Level 1:colcon.colcon_core.environment:checking '/home/shesha/robot_ws/install/velodyne_description/lib/python3.10/site-packages'
[2.496s] Level 1:colcon.colcon_core.environment:checking '/home/shesha/robot_ws/install/velodyne_description/bin'
[2.496s] INFO:colcon.colcon_core.shell:Creating package script '/home/shesha/robot_ws/install/velodyne_description/share/velodyne_description/package.ps1'
[2.497s] INFO:colcon.colcon_core.shell:Creating package descriptor '/home/shesha/robot_ws/install/velodyne_description/share/velodyne_description/package.dsv'
[2.497s] INFO:colcon.colcon_core.shell:Creating package script '/home/shesha/robot_ws/install/velodyne_description/share/velodyne_description/package.sh'
[2.497s] INFO:colcon.colcon_core.shell:Creating package script '/home/shesha/robot_ws/install/velodyne_description/share/velodyne_description/package.bash'
[2.497s] INFO:colcon.colcon_core.shell:Creating package script '/home/shesha/robot_ws/install/velodyne_description/share/velodyne_description/package.zsh'
[2.498s] Level 1:colcon.colcon_core.environment:create_file_with_runtime_dependencies(/home/shesha/robot_ws/install/velodyne_description/share/colcon-core/packages/velodyne_description)
[2.894s] DEBUG:colcon.colcon_core.event_handler.log_command:Invoked command in '/home/shesha/robot_ws/build/velodyne_gazebo_plugins' returned '0': CMAKE_PREFIX_PATH=/opt/ros/humble /usr/bin/cmake /home/shesha/robot_ws/src/velodyne_simulator/velodyne_gazebo_plugins -DCMAKE_INSTALL_PREFIX=/home/shesha/robot_ws/install/velodyne_gazebo_plugins
[2.896s] DEBUG:colcon.colcon_core.event_handler.log_command:Invoking command in '/home/shesha/robot_ws/build/velodyne_gazebo_plugins': CMAKE_PREFIX_PATH=/opt/ros/humble /usr/bin/cmake --build /home/shesha/robot_ws/build/velodyne_gazebo_plugins -- -j16 -l16
[21.502s] DEBUG:colcon.colcon_core.event_handler.log_command:Invoked command in '/home/shesha/robot_ws/build/velodyne_gazebo_plugins' returned '0': CMAKE_PREFIX_PATH=/opt/ros/humble /usr/bin/cmake --build /home/shesha/robot_ws/build/velodyne_gazebo_plugins -- -j16 -l16
[21.504s] DEBUG:colcon.colcon_core.event_handler.log_command:Invoking command in '/home/shesha/robot_ws/build/velodyne_gazebo_plugins': CMAKE_PREFIX_PATH=/opt/ros/humble /usr/bin/cmake --install /home/shesha/robot_ws/build/velodyne_gazebo_plugins
[21.521s] Level 1:colcon.colcon_core.environment:create_environment_scripts_only(velodyne_gazebo_plugins)
[21.521s] DEBUG:colcon.colcon_core.event_handler.log_command:Invoked command in '/home/shesha/robot_ws/build/velodyne_gazebo_plugins' returned '0': CMAKE_PREFIX_PATH=/opt/ros/humble /usr/bin/cmake --install /home/shesha/robot_ws/build/velodyne_gazebo_plugins
[21.522s] Level 1:colcon.colcon_core.environment:checking '/home/shesha/robot_ws/install/velodyne_gazebo_plugins' for CMake module files
[21.522s] Level 1:colcon.colcon_core.environment:checking '/home/shesha/robot_ws/install/velodyne_gazebo_plugins' for CMake config files
[21.523s] Level 1:colcon.colcon_core.shell:create_environment_hook('velodyne_gazebo_plugins', 'cmake_prefix_path')
[21.523s] INFO:colcon.colcon_core.shell:Creating environment hook '/home/shesha/robot_ws/install/velodyne_gazebo_plugins/share/velodyne_gazebo_plugins/hook/cmake_prefix_path.ps1'
[21.523s] INFO:colcon.colcon_core.shell:Creating environment descriptor '/home/shesha/robot_ws/install/velodyne_gazebo_plugins/share/velodyne_gazebo_plugins/hook/cmake_prefix_path.dsv'
[21.523s] INFO:colcon.colcon_core.shell:Creating environment hook '/home/shesha/robot_ws/install/velodyne_gazebo_plugins/share/velodyne_gazebo_plugins/hook/cmake_prefix_path.sh'
[21.524s] Level 1:colcon.colcon_core.environment:checking '/home/shesha/robot_ws/install/velodyne_gazebo_plugins/lib'
[21.524s] Level 1:colcon.colcon_core.shell:create_environment_hook('velodyne_gazebo_plugins', 'ld_library_path_lib')
[21.524s] INFO:colcon.colcon_core.shell:Creating environment hook '/home/shesha/robot_ws/install/velodyne_gazebo_plugins/share/velodyne_gazebo_plugins/hook/ld_library_path_lib.ps1'
[21.525s] INFO:colcon.colcon_core.shell:Creating environment descriptor '/home/shesha/robot_ws/install/velodyne_gazebo_plugins/share/velodyne_gazebo_plugins/hook/ld_library_path_lib.dsv'
[21.525s] INFO:colcon.colcon_core.shell:Creating environment hook '/home/shesha/robot_ws/install/velodyne_gazebo_plugins/share/velodyne_gazebo_plugins/hook/ld_library_path_lib.sh'
[21.526s] Level 1:colcon.colcon_core.environment:checking '/home/shesha/robot_ws/install/velodyne_gazebo_plugins/bin'
[21.526s] Level 1:colcon.colcon_core.environment:checking '/home/shesha/robot_ws/install/velodyne_gazebo_plugins/lib/pkgconfig/velodyne_gazebo_plugins.pc'
[21.527s] Level 1:colcon.colcon_core.environment:checking '/home/shesha/robot_ws/install/velodyne_gazebo_plugins/lib/python3.10/site-packages'
[21.527s] Level 1:colcon.colcon_core.environment:checking '/home/shesha/robot_ws/install/velodyne_gazebo_plugins/bin'
[21.527s] INFO:colcon.colcon_core.shell:Creating package script '/home/shesha/robot_ws/install/velodyne_gazebo_plugins/share/velodyne_gazebo_plugins/package.ps1'
[21.528s] INFO:colcon.colcon_core.shell:Creating package descriptor '/home/shesha/robot_ws/install/velodyne_gazebo_plugins/share/velodyne_gazebo_plugins/package.dsv'
[21.528s] INFO:colcon.colcon_core.shell:Creating package script '/home/shesha/robot_ws/install/velodyne_gazebo_plugins/share/velodyne_gazebo_plugins/package.sh'
[21.529s] INFO:colcon.colcon_core.shell:Creating package script '/home/shesha/robot_ws/install/velodyne_gazebo_plugins/share/velodyne_gazebo_plugins/package.bash'
[21.529s] INFO:colcon.colcon_core.shell:Creating package script '/home/shesha/robot_ws/install/velodyne_gazebo_plugins/share/velodyne_gazebo_plugins/package.zsh'
[21.529s] Level 1:colcon.colcon_core.environment:create_file_with_runtime_dependencies(/home/shesha/robot_ws/install/velodyne_gazebo_plugins/share/colcon-core/packages/velodyne_gazebo_plugins)
[21.530s] Level 1:colcon.colcon_core.environment:create_environment_scripts_only(velodyne_gazebo_plugins)
[21.530s] Level 1:colcon.colcon_core.environment:checking '/home/shesha/robot_ws/install/velodyne_gazebo_plugins' for CMake module files
[21.530s] Level 1:colcon.colcon_core.environment:checking '/home/shesha/robot_ws/install/velodyne_gazebo_plugins' for CMake config files
[21.530s] Level 1:colcon.colcon_core.shell:create_environment_hook('velodyne_gazebo_plugins', 'cmake_prefix_path')
[21.530s] INFO:colcon.colcon_core.shell:Creating environment hook '/home/shesha/robot_ws/install/velodyne_gazebo_plugins/share/velodyne_gazebo_plugins/hook/cmake_prefix_path.ps1'
[21.531s] INFO:colcon.colcon_core.shell:Creating environment descriptor '/home/shesha/robot_ws/install/velodyne_gazebo_plugins/share/velodyne_gazebo_plugins/hook/cmake_prefix_path.dsv'
[21.531s] INFO:colcon.colcon_core.shell:Creating environment hook '/home/shesha/robot_ws/install/velodyne_gazebo_plugins/share/velodyne_gazebo_plugins/hook/cmake_prefix_path.sh'
[21.531s] Level 1:colcon.colcon_core.environment:checking '/home/shesha/robot_ws/install/velodyne_gazebo_plugins/lib'
[21.532s] Level 1:colcon.colcon_core.shell:create_environment_hook('velodyne_gazebo_plugins', 'ld_library_path_lib')
[21.532s] INFO:colcon.colcon_core.shell:Creating environment hook '/home/shesha/robot_ws/install/velodyne_gazebo_plugins/share/velodyne_gazebo_plugins/hook/ld_library_path_lib.ps1'
[21.532s] INFO:colcon.colcon_core.shell:Creating environment descriptor '/home/shesha/robot_ws/install/velodyne_gazebo_plugins/share/velodyne_gazebo_plugins/hook/ld_library_path_lib.dsv'
[21.532s] INFO:colcon.colcon_core.shell:Creating environment hook '/home/shesha/robot_ws/install/velodyne_gazebo_plugins/share/velodyne_gazebo_plugins/hook/ld_library_path_lib.sh'
[21.533s] Level 1:colcon.colcon_core.environment:checking '/home/shesha/robot_ws/install/velodyne_gazebo_plugins/bin'
[21.533s] Level 1:colcon.colcon_core.environment:checking '/home/shesha/robot_ws/install/velodyne_gazebo_plugins/lib/pkgconfig/velodyne_gazebo_plugins.pc'
[21.533s] Level 1:colcon.colcon_core.environment:checking '/home/shesha/robot_ws/install/velodyne_gazebo_plugins/lib/python3.10/site-packages'
[21.533s] Level 1:colcon.colcon_core.environment:checking '/home/shesha/robot_ws/install/velodyne_gazebo_plugins/bin'
[21.534s] INFO:colcon.colcon_core.shell:Creating package script '/home/shesha/robot_ws/install/velodyne_gazebo_plugins/share/velodyne_gazebo_plugins/package.ps1'
[21.534s] INFO:colcon.colcon_core.shell:Creating package descriptor '/home/shesha/robot_ws/install/velodyne_gazebo_plugins/share/velodyne_gazebo_plugins/package.dsv'
[21.535s] INFO:colcon.colcon_core.shell:Creating package script '/home/shesha/robot_ws/install/velodyne_gazebo_plugins/share/velodyne_gazebo_plugins/package.sh'
[21.535s] INFO:colcon.colcon_core.shell:Creating package script '/home/shesha/robot_ws/install/velodyne_gazebo_plugins/share/velodyne_gazebo_plugins/package.bash'
[21.536s] INFO:colcon.colcon_core.shell:Creating package script '/home/shesha/robot_ws/install/velodyne_gazebo_plugins/share/velodyne_gazebo_plugins/package.zsh'
[21.536s] Level 1:colcon.colcon_core.environment:create_file_with_runtime_dependencies(/home/shesha/robot_ws/install/velodyne_gazebo_plugins/share/colcon-core/packages/velodyne_gazebo_plugins)
[21.536s] INFO:colcon.colcon_ros.task.ament_cmake.build:Building ROS package in '/home/shesha/robot_ws/src/velodyne_simulator/velodyne_simulator' with build type 'ament_cmake'
[21.536s] INFO:colcon.colcon_cmake.task.cmake.build:Building CMake package in '/home/shesha/robot_ws/src/velodyne_simulator/velodyne_simulator'
[21.536s] INFO:colcon.colcon_core.shell:Skip shell extension 'powershell' for command environment: Not usable outside of PowerShell
[21.536s] DEBUG:colcon.colcon_core.shell:Skip shell extension 'dsv' for command environment
[21.547s] DEBUG:colcon.colcon_core.event_handler.log_command:Invoking command in '/home/shesha/robot_ws/build/velodyne_simulator': AMENT_PREFIX_PATH=/home/shesha/robot_ws/install/velodyne_gazebo_plugins:/home/shesha/robot_ws/install/velodyne_description:${AMENT_PREFIX_PATH} CMAKE_PREFIX_PATH=/home/shesha/robot_ws/install/velodyne_gazebo_plugins:/home/shesha/robot_ws/install/velodyne_description:/opt/ros/humble LD_LIBRARY_PATH=/home/shesha/robot_ws/install/velodyne_gazebo_plugins/lib:${LD_LIBRARY_PATH} /usr/bin/cmake /home/shesha/robot_ws/src/velodyne_simulator/velodyne_simulator -DCMAKE_INSTALL_PREFIX=/home/shesha/robot_ws/install/velodyne_simulator
[22.156s] DEBUG:colcon.colcon_core.event_handler.log_command:Invoked command in '/home/shesha/robot_ws/build/velodyne_simulator' returned '0': AMENT_PREFIX_PATH=/home/shesha/robot_ws/install/velodyne_gazebo_plugins:/home/shesha/robot_ws/install/velodyne_description:${AMENT_PREFIX_PATH} CMAKE_PREFIX_PATH=/home/shesha/robot_ws/install/velodyne_gazebo_plugins:/home/shesha/robot_ws/install/velodyne_description:/opt/ros/humble LD_LIBRARY_PATH=/home/shesha/robot_ws/install/velodyne_gazebo_plugins/lib:${LD_LIBRARY_PATH} /usr/bin/cmake /home/shesha/robot_ws/src/velodyne_simulator/velodyne_simulator -DCMAKE_INSTALL_PREFIX=/home/shesha/robot_ws/install/velodyne_simulator
[22.158s] DEBUG:colcon.colcon_core.event_handler.log_command:Invoking command in '/home/shesha/robot_ws/build/velodyne_simulator': AMENT_PREFIX_PATH=/home/shesha/robot_ws/install/velodyne_gazebo_plugins:/home/shesha/robot_ws/install/velodyne_description:${AMENT_PREFIX_PATH} CMAKE_PREFIX_PATH=/home/shesha/robot_ws/install/velodyne_gazebo_plugins:/home/shesha/robot_ws/install/velodyne_description:/opt/ros/humble LD_LIBRARY_PATH=/home/shesha/robot_ws/install/velodyne_gazebo_plugins/lib:${LD_LIBRARY_PATH} /usr/bin/cmake --build /home/shesha/robot_ws/build/velodyne_simulator -- -j16 -l16
[22.200s] DEBUG:colcon.colcon_core.event_handler.log_command:Invoked command in '/home/shesha/robot_ws/build/velodyne_simulator' returned '0': AMENT_PREFIX_PATH=/home/shesha/robot_ws/install/velodyne_gazebo_plugins:/home/shesha/robot_ws/install/velodyne_description:${AMENT_PREFIX_PATH} CMAKE_PREFIX_PATH=/home/shesha/robot_ws/install/velodyne_gazebo_plugins:/home/shesha/robot_ws/install/velodyne_description:/opt/ros/humble LD_LIBRARY_PATH=/home/shesha/robot_ws/install/velodyne_gazebo_plugins/lib:${LD_LIBRARY_PATH} /usr/bin/cmake --build /home/shesha/robot_ws/build/velodyne_simulator -- -j16 -l16
[22.201s] DEBUG:colcon.colcon_core.event_handler.log_command:Invoking command in '/home/shesha/robot_ws/build/velodyne_simulator': AMENT_PREFIX_PATH=/home/shesha/robot_ws/install/velodyne_gazebo_plugins:/home/shesha/robot_ws/install/velodyne_description:${AMENT_PREFIX_PATH} CMAKE_PREFIX_PATH=/home/shesha/robot_ws/install/velodyne_gazebo_plugins:/home/shesha/robot_ws/install/velodyne_description:/opt/ros/humble LD_LIBRARY_PATH=/home/shesha/robot_ws/install/velodyne_gazebo_plugins/lib:${LD_LIBRARY_PATH} /usr/bin/cmake --install /home/shesha/robot_ws/build/velodyne_simulator
[22.214s] Level 1:colcon.colcon_core.environment:create_environment_scripts_only(velodyne_simulator)
[22.214s] Level 1:colcon.colcon_core.environment:checking '/home/shesha/robot_ws/install/velodyne_simulator' for CMake module files
[22.215s] DEBUG:colcon.colcon_core.event_handler.log_command:Invoked command in '/home/shesha/robot_ws/build/velodyne_simulator' returned '0': AMENT_PREFIX_PATH=/home/shesha/robot_ws/install/velodyne_gazebo_plugins:/home/shesha/robot_ws/install/velodyne_description:${AMENT_PREFIX_PATH} CMAKE_PREFIX_PATH=/home/shesha/robot_ws/install/velodyne_gazebo_plugins:/home/shesha/robot_ws/install/velodyne_description:/opt/ros/humble LD_LIBRARY_PATH=/home/shesha/robot_ws/install/velodyne_gazebo_plugins/lib:${LD_LIBRARY_PATH} /usr/bin/cmake --install /home/shesha/robot_ws/build/velodyne_simulator
[22.215s] Level 1:colcon.colcon_core.environment:checking '/home/shesha/robot_ws/install/velodyne_simulator' for CMake config files
[22.215s] Level 1:colcon.colcon_core.shell:create_environment_hook('velodyne_simulator', 'cmake_prefix_path')
[22.216s] INFO:colcon.colcon_core.shell:Creating environment hook '/home/shesha/robot_ws/install/velodyne_simulator/share/velodyne_simulator/hook/cmake_prefix_path.ps1'
[22.216s] INFO:colcon.colcon_core.shell:Creating environment descriptor '/home/shesha/robot_ws/install/velodyne_simulator/share/velodyne_simulator/hook/cmake_prefix_path.dsv'
[22.216s] INFO:colcon.colcon_core.shell:Creating environment hook '/home/shesha/robot_ws/install/velodyne_simulator/share/velodyne_simulator/hook/cmake_prefix_path.sh'
[22.216s] Level 1:colcon.colcon_core.environment:checking '/home/shesha/robot_ws/install/velodyne_simulator/bin'
[22.217s] Level 1:colcon.colcon_core.environment:checking '/home/shesha/robot_ws/install/velodyne_simulator/lib/pkgconfig/velodyne_simulator.pc'
[22.217s] Level 1:colcon.colcon_core.environment:checking '/home/shesha/robot_ws/install/velodyne_simulator/lib/python3.10/site-packages'
[22.217s] Level 1:colcon.colcon_core.environment:checking '/home/shesha/robot_ws/install/velodyne_simulator/bin'
[22.217s] INFO:colcon.colcon_core.shell:Creating package script '/home/shesha/robot_ws/install/velodyne_simulator/share/velodyne_simulator/package.ps1'
[22.217s] INFO:colcon.colcon_core.shell:Creating package descriptor '/home/shesha/robot_ws/install/velodyne_simulator/share/velodyne_simulator/package.dsv'
[22.218s] INFO:colcon.colcon_core.shell:Creating package script '/home/shesha/robot_ws/install/velodyne_simulator/share/velodyne_simulator/package.sh'
[22.218s] INFO:colcon.colcon_core.shell:Creating package script '/home/shesha/robot_ws/install/velodyne_simulator/share/velodyne_simulator/package.bash'
[22.218s] INFO:colcon.colcon_core.shell:Creating package script '/home/shesha/robot_ws/install/velodyne_simulator/share/velodyne_simulator/package.zsh'
[22.218s] Level 1:colcon.colcon_core.environment:create_file_with_runtime_dependencies(/home/shesha/robot_ws/install/velodyne_simulator/share/colcon-core/packages/velodyne_simulator)
[22.219s] Level 1:colcon.colcon_core.environment:create_environment_scripts_only(velodyne_simulator)
[22.219s] Level 1:colcon.colcon_core.environment:checking '/home/shesha/robot_ws/install/velodyne_simulator' for CMake module files
[22.219s] Level 1:colcon.colcon_core.environment:checking '/home/shesha/robot_ws/install/velodyne_simulator' for CMake config files
[22.220s] Level 1:colcon.colcon_core.shell:create_environment_hook('velodyne_simulator', 'cmake_prefix_path')
[22.220s] INFO:colcon.colcon_core.shell:Creating environment hook '/home/shesha/robot_ws/install/velodyne_simulator/share/velodyne_simulator/hook/cmake_prefix_path.ps1'
[22.220s] INFO:colcon.colcon_core.shell:Creating environment descriptor '/home/shesha/robot_ws/install/velodyne_simulator/share/velodyne_simulator/hook/cmake_prefix_path.dsv'
[22.220s] INFO:colcon.colcon_core.shell:Creating environment hook '/home/shesha/robot_ws/install/velodyne_simulator/share/velodyne_simulator/hook/cmake_prefix_path.sh'
[22.221s] Level 1:colcon.colcon_core.environment:checking '/home/shesha/robot_ws/install/velodyne_simulator/bin'
[22.221s] Level 1:colcon.colcon_core.environment:checking '/home/shesha/robot_ws/install/velodyne_simulator/lib/pkgconfig/velodyne_simulator.pc'
[22.221s] Level 1:colcon.colcon_core.environment:checking '/home/shesha/robot_ws/install/velodyne_simulator/lib/python3.10/site-packages'
[22.221s] Level 1:colcon.colcon_core.environment:checking '/home/shesha/robot_ws/install/velodyne_simulator/bin'
[22.222s] INFO:colcon.colcon_core.shell:Creating package script '/home/shesha/robot_ws/install/velodyne_simulator/share/velodyne_simulator/package.ps1'
[22.222s] INFO:colcon.colcon_core.shell:Creating package descriptor '/home/shesha/robot_ws/install/velodyne_simulator/share/velodyne_simulator/package.dsv'
[22.223s] INFO:colcon.colcon_core.shell:Creating package script '/home/shesha/robot_ws/install/velodyne_simulator/share/velodyne_simulator/package.sh'
[22.223s] INFO:colcon.colcon_core.shell:Creating package script '/home/shesha/robot_ws/install/velodyne_simulator/share/velodyne_simulator/package.bash'
[22.223s] INFO:colcon.colcon_core.shell:Creating package script '/home/shesha/robot_ws/install/velodyne_simulator/share/velodyne_simulator/package.zsh'
[22.224s] Level 1:colcon.colcon_core.environment:create_file_with_runtime_dependencies(/home/shesha/robot_ws/install/velodyne_simulator/share/colcon-core/packages/velodyne_simulator)
[22.224s] DEBUG:colcon.colcon_parallel_executor.executor.parallel:closing loop
[22.224s] DEBUG:colcon.colcon_parallel_executor.executor.parallel:loop closed
[22.224s] DEBUG:colcon.colcon_parallel_executor.executor.parallel:run_until_complete finished with '0'
[22.224s] DEBUG:colcon.colcon_core.event_reactor:joining thread
[22.230s] INFO:colcon.colcon_core.plugin_system:Skipping extension 'colcon_notification.desktop_notification.terminal_notifier': Not used on non-Darwin systems
[22.230s] INFO:colcon.colcon_core.plugin_system:Skipping extension 'colcon_notification.desktop_notification.win32': Not used on non-Windows systems
[22.230s] INFO:colcon.colcon_notification.desktop_notification:Sending desktop notification using 'notify2'
[22.240s] DEBUG:colcon.colcon_core.event_reactor:joined thread
[22.241s] INFO:colcon.colcon_core.shell:Creating prefix script '/home/shesha/robot_ws/install/local_setup.ps1'
[22.241s] INFO:colcon.colcon_core.shell:Creating prefix util module '/home/shesha/robot_ws/install/_local_setup_util_ps1.py'
[22.243s] INFO:colcon.colcon_core.shell:Creating prefix chain script '/home/shesha/robot_ws/install/setup.ps1'
[22.244s] INFO:colcon.colcon_core.shell:Creating prefix script '/home/shesha/robot_ws/install/local_setup.sh'
[22.246s] INFO:colcon.colcon_core.shell:Creating prefix util module '/home/shesha/robot_ws/install/_local_setup_util_sh.py'
[22.246s] INFO:colcon.colcon_core.shell:Creating prefix chain script '/home/shesha/robot_ws/install/setup.sh'
[22.248s] INFO:colcon.colcon_core.shell:Creating prefix script '/home/shesha/robot_ws/install/local_setup.bash'
[22.248s] INFO:colcon.colcon_core.shell:Creating prefix chain script '/home/shesha/robot_ws/install/setup.bash'
[22.249s] INFO:colcon.colcon_core.shell:Creating prefix script '/home/shesha/robot_ws/install/local_setup.zsh'
[22.250s] INFO:colcon.colcon_core.shell:Creating prefix chain script '/home/shesha/robot_ws/install/setup.zsh'
