[0.015s] Invoking command in '/home/shesha/robot_ws/build/velodyne_description': CMAKE_PREFIX_PATH=/opt/ros/humble /usr/bin/cmake /home/shesha/robot_ws/src/velodyne_simulator/velodyne_description -DCMAKE_INSTALL_PREFIX=/home/shesha/robot_ws/install/velodyne_description
[0.077s] -- The C compiler identification is GNU 11.4.0
[0.132s] -- The CXX compiler identification is GNU 11.4.0
[0.140s] -- Detecting C compiler ABI info
[0.216s] -- Detecting C compiler ABI info - done
[0.223s] -- Check for working C compiler: /usr/bin/cc - skipped
[0.223s] -- Detecting C compile features
[0.223s] -- Detecting C compile features - done
[0.226s] -- Detecting CXX compiler ABI info
[0.312s] -- Detecting CXX compiler ABI info - done
[0.318s] -- Check for working CXX compiler: /usr/bin/c++ - skipped
[0.319s] -- Detecting CXX compile features
[0.319s] -- Detecting CXX compile features - done
[0.322s] -- Found ament_cmake: 1.3.12 (/opt/ros/humble/share/ament_cmake/cmake)
[0.473s] -- Found Python3: /usr/bin/python3 (found version "3.10.12") found components: Interpreter 
[0.571s] [33mCMake Warning (dev) at /usr/share/cmake-3.22/Modules/FindPackageHandleStandardArgs.cmake:438 (message):
[0.572s]   The package name passed to `find_package_handle_standard_args` (PkgConfig)
[0.572s]   does not match the name of the calling package (gazebo).  This can lead to
[0.572s]   problems in calling code that expects `find_package` result variables
[0.572s]   (e.g., `_FOUND`) to follow a certain pattern.
[0.572s] Call Stack (most recent call first):
[0.572s]   /usr/share/cmake-3.22/Modules/FindPkgConfig.cmake:99 (find_package_handle_standard_args)
[0.572s]   /usr/lib/x86_64-linux-gnu/cmake/gazebo/gazebo-config.cmake:72 (include)
[0.572s]   CMakeLists.txt:5 (find_package)
[0.572s] This warning is for project developers.  Use -Wno-dev to suppress it.
[0.572s] [0m
[0.573s] -- Found PkgConfig: /usr/bin/pkg-config (found version "0.29.2") 
[0.576s] -- Checking for module 'bullet>=2.82'
[0.592s] --   Found bullet, version 3.05
[0.721s] -- Found fcl: /usr/include (found suitable version "0.7.0", minimum required is "0.5.0") 
[0.781s] -- Found assimp: /usr/include (found version "5.2.0") 
[0.810s] -- Found DART: /usr/include (Required is at least version "6.6") found components: dart 
[1.005s] -- Found Boost: /usr/lib/x86_64-linux-gnu/cmake/Boost-1.74.0/BoostConfig.cmake (found suitable version "1.74.0", minimum required is "1.40.0") found components: thread system filesystem program_options regex iostreams date_time 
[1.028s] -- Found Protobuf: /usr/lib/x86_64-linux-gnu/libprotobuf.so (found version "3.12.4") 
[1.034s] -- Looking for ignition-math6 -- found version 6.15.1
[1.044s] -- Searching for dependencies of ignition-math6
[1.046s] -- Looking for OGRE...
[1.046s] -- OGRE_PREFIX_WATCH changed.
[1.052s] -- Checking for module 'OGRE'
[1.068s] --   Found OGRE, version 1.9.0
[1.111s] -- Found Ogre Ghadamon (1.9.0)
[1.122s] -- Found OGRE: optimized;/usr/lib/x86_64-linux-gnu/libOgreMain.so;debug;/usr/lib/x86_64-linux-gnu/libOgreMain.so
[1.131s] -- Looking for OGRE_Paging...
[1.136s] -- Found OGRE_Paging: optimized;/usr/lib/x86_64-linux-gnu/libOgrePaging.so;debug;/usr/lib/x86_64-linux-gnu/libOgrePaging.so
[1.136s] -- Looking for OGRE_Terrain...
[1.143s] -- Found OGRE_Terrain: optimized;/usr/lib/x86_64-linux-gnu/libOgreTerrain.so;debug;/usr/lib/x86_64-linux-gnu/libOgreTerrain.so
[1.143s] -- Looking for OGRE_Property...
[1.148s] -- Found OGRE_Property: optimized;/usr/lib/x86_64-linux-gnu/libOgreProperty.so;debug;/usr/lib/x86_64-linux-gnu/libOgreProperty.so
[1.148s] -- Looking for OGRE_RTShaderSystem...
[1.153s] -- Found OGRE_RTShaderSystem: optimized;/usr/lib/x86_64-linux-gnu/libOgreRTShaderSystem.so;debug;/usr/lib/x86_64-linux-gnu/libOgreRTShaderSystem.so
[1.153s] -- Looking for OGRE_Volume...
[1.159s] -- Found OGRE_Volume: optimized;/usr/lib/x86_64-linux-gnu/libOgreVolume.so;debug;/usr/lib/x86_64-linux-gnu/libOgreVolume.so
[1.159s] -- Looking for OGRE_Overlay...
[1.165s] -- Found OGRE_Overlay: optimized;/usr/lib/x86_64-linux-gnu/libOgreOverlay.so;debug;/usr/lib/x86_64-linux-gnu/libOgreOverlay.so
[1.292s] -- Looking for ignition-math6 -- found version 6.15.1
[1.294s] -- Looking for ignition-transport8 -- found version 8.2.1
[1.294s] -- Searching for dependencies of ignition-transport8
[1.311s] -- Found Protobuf: /usr/lib/x86_64-linux-gnu/libprotobuf.so (found suitable version "3.12.4", minimum required is "3") 
[1.322s] -- Config-file not installed for ZeroMQ -- checking for pkg-config
[1.327s] -- Checking for module 'libzmq >= 4'
[1.345s] --   Found libzmq , version 4.3.4
[1.391s] -- Found ZeroMQ: TRUE (Required is at least version "4") 
[1.397s] -- Checking for module 'uuid'
[1.414s] --   Found uuid, version 2.37.2
[1.457s] -- Found UUID: TRUE  
[1.460s] -- Looking for ignition-msgs5 -- found version 5.8.1
[1.460s] -- Searching for dependencies of ignition-msgs5
[1.481s] -- Looking for ignition-math6 -- found version 6.15.1
[1.486s] -- Checking for module 'tinyxml2'
[1.504s] --   Found tinyxml2, version 9.0.0
[1.547s] -- Looking for ignition-msgs5 -- found version 5.8.1
[1.550s] -- Looking for ignition-common3 -- found version 3.14.0
[1.551s] -- Searching for dependencies of ignition-common3
[1.551s] -- Looking for dlfcn.h - found
[1.552s] -- Looking for libdl - found
[1.553s] -- Found DL: TRUE  
[1.566s] -- Found tinyobjloader: /usr/lib/x86_64-linux-gnu/cmake/tinyobjloader/tinyobjloader-config.cmake (found version "2.0.0") 
[1.566s] -- Searching for <ignition-common3> component [graphics]
[1.568s] -- Looking for ignition-common3-graphics -- found version 3.14.0
[1.569s] -- Searching for dependencies of ignition-common3-graphics
[1.569s] -- Looking for ignition-math6 -- found version 6.15.1
[1.573s] -- Looking for ignition-fuel_tools4 -- found version 4.4.0
[1.573s] -- Searching for dependencies of ignition-fuel_tools4
[1.667s] -- Found CURL: /usr/lib/x86_64-linux-gnu/libcurl.so (found version "7.81.0")  
[1.677s] -- Checking for module 'jsoncpp'
[1.693s] --   Found jsoncpp, version 1.9.5
[1.735s] -- Found JSONCPP: TRUE  
[1.742s] -- Checking for module 'libzip'
[1.759s] --   Found libzip, version 1.7.3
[1.799s] -- Found ZIP: TRUE  
[1.799s] -- Looking for ignition-common3 -- found version 3.14.0
[1.800s] -- Looking for ignition-math6 -- found version 6.15.1
[1.800s] -- Looking for ignition-msgs5 -- found version 5.8.1
[1.806s] -- Found gazebo_ros_pkgs: 3.9.0 (/opt/ros/humble/share/gazebo_ros_pkgs/cmake)
[1.871s] -- Configuring done
[1.875s] -- Generating done
[1.878s] -- Build files have been written to: /home/shesha/robot_ws/build/velodyne_description
[1.890s] Invoked command in '/home/shesha/robot_ws/build/velodyne_description' returned '0': CMAKE_PREFIX_PATH=/opt/ros/humble /usr/bin/cmake /home/shesha/robot_ws/src/velodyne_simulator/velodyne_description -DCMAKE_INSTALL_PREFIX=/home/shesha/robot_ws/install/velodyne_description
[1.892s] Invoking command in '/home/shesha/robot_ws/build/velodyne_description': CMAKE_PREFIX_PATH=/opt/ros/humble /usr/bin/cmake --build /home/shesha/robot_ws/build/velodyne_description -- -j16 -l16
[1.938s] Invoked command in '/home/shesha/robot_ws/build/velodyne_description' returned '0': CMAKE_PREFIX_PATH=/opt/ros/humble /usr/bin/cmake --build /home/shesha/robot_ws/build/velodyne_description -- -j16 -l16
[1.940s] Invoking command in '/home/shesha/robot_ws/build/velodyne_description': CMAKE_PREFIX_PATH=/opt/ros/humble /usr/bin/cmake --install /home/shesha/robot_ws/build/velodyne_description
[1.948s] -- Install configuration: ""
[1.948s] -- Installing: /home/shesha/robot_ws/install/velodyne_description/share/ament_index/resource_index/package_run_dependencies/velodyne_description
[1.948s] -- Installing: /home/shesha/robot_ws/install/velodyne_description/share/ament_index/resource_index/parent_prefix_path/velodyne_description
[1.948s] -- Installing: /home/shesha/robot_ws/install/velodyne_description/share/velodyne_description/environment/ament_prefix_path.sh
[1.949s] -- Installing: /home/shesha/robot_ws/install/velodyne_description/share/velodyne_description/environment/ament_prefix_path.dsv
[1.949s] -- Installing: /home/shesha/robot_ws/install/velodyne_description/share/velodyne_description/environment/path.sh
[1.949s] -- Installing: /home/shesha/robot_ws/install/velodyne_description/share/velodyne_description/environment/path.dsv
[1.949s] -- Installing: /home/shesha/robot_ws/install/velodyne_description/share/velodyne_description/local_setup.bash
[1.949s] -- Installing: /home/shesha/robot_ws/install/velodyne_description/share/velodyne_description/local_setup.sh
[1.949s] -- Installing: /home/shesha/robot_ws/install/velodyne_description/share/velodyne_description/local_setup.zsh
[1.949s] -- Installing: /home/shesha/robot_ws/install/velodyne_description/share/velodyne_description/local_setup.dsv
[1.950s] -- Installing: /home/shesha/robot_ws/install/velodyne_description/share/velodyne_description/package.dsv
[1.950s] -- Installing: /home/shesha/robot_ws/install/velodyne_description/share/ament_index/resource_index/packages/velodyne_description
[1.950s] -- Installing: /home/shesha/robot_ws/install/velodyne_description/share/velodyne_description/cmake/ament_cmake_export_dependencies-extras.cmake
[1.950s] -- Installing: /home/shesha/robot_ws/install/velodyne_description/share/velodyne_description/cmake/velodyne_descriptionConfig.cmake
[1.950s] -- Installing: /home/shesha/robot_ws/install/velodyne_description/share/velodyne_description/cmake/velodyne_descriptionConfig-version.cmake
[1.950s] -- Installing: /home/shesha/robot_ws/install/velodyne_description/share/velodyne_description/package.xml
[1.950s] -- Installing: /home/shesha/robot_ws/install/velodyne_description/share/velodyne_description/launch
[1.951s] -- Installing: /home/shesha/robot_ws/install/velodyne_description/share/velodyne_description/launch/example-launch.py
[1.951s] -- Installing: /home/shesha/robot_ws/install/velodyne_description/share/velodyne_description/meshes
[1.952s] -- Installing: /home/shesha/robot_ws/install/velodyne_description/share/velodyne_description/meshes/HDL32E_scan.stl
[1.952s] -- Installing: /home/shesha/robot_ws/install/velodyne_description/share/velodyne_description/meshes/VLP16_scan.stl
[1.952s] -- Installing: /home/shesha/robot_ws/install/velodyne_description/share/velodyne_description/meshes/HDL32E_base.dae
[1.953s] -- Installing: /home/shesha/robot_ws/install/velodyne_description/share/velodyne_description/meshes/VLP16_base_1.stl
[1.954s] -- Installing: /home/shesha/robot_ws/install/velodyne_description/share/velodyne_description/meshes/VLP16_base_1.dae
[1.955s] -- Installing: /home/shesha/robot_ws/install/velodyne_description/share/velodyne_description/meshes/HDL32E_scan.dae
[1.956s] -- Installing: /home/shesha/robot_ws/install/velodyne_description/share/velodyne_description/meshes/HDL32E_base.stl
[1.956s] -- Installing: /home/shesha/robot_ws/install/velodyne_description/share/velodyne_description/meshes/VLP16_base_2.stl
[1.957s] -- Installing: /home/shesha/robot_ws/install/velodyne_description/share/velodyne_description/meshes/VLP16_base_2.dae
[1.958s] -- Installing: /home/shesha/robot_ws/install/velodyne_description/share/velodyne_description/meshes/VLP16_scan.dae
[1.959s] -- Installing: /home/shesha/robot_ws/install/velodyne_description/share/velodyne_description/rviz
[1.959s] -- Installing: /home/shesha/robot_ws/install/velodyne_description/share/velodyne_description/rviz/example.rviz
[1.959s] -- Installing: /home/shesha/robot_ws/install/velodyne_description/share/velodyne_description/urdf
[1.959s] -- Installing: /home/shesha/robot_ws/install/velodyne_description/share/velodyne_description/urdf/HDL-32E.urdf.xacro
[1.960s] -- Installing: /home/shesha/robot_ws/install/velodyne_description/share/velodyne_description/urdf/example.urdf.xacro
[1.960s] -- Installing: /home/shesha/robot_ws/install/velodyne_description/share/velodyne_description/urdf/VLP-16.urdf.xacro
[1.960s] -- Installing: /home/shesha/robot_ws/install/velodyne_description/share/velodyne_description/urdf/VLP-32C.urdf.xacro
[1.960s] -- Installing: /home/shesha/robot_ws/install/velodyne_description/share/velodyne_description/world
[1.961s] -- Installing: /home/shesha/robot_ws/install/velodyne_description/share/velodyne_description/world/example.world
[1.961s] -- Installing: /home/shesha/robot_ws/install/velodyne_description/share/velodyne_description/world/lio_sam.model
[1.961s] -- Installing: /home/shesha/robot_ws/install/velodyne_description/share/velodyne_description/models
[1.961s] -- Installing: /home/shesha/robot_ws/install/velodyne_description/share/velodyne_description/models/rs_robot
[1.961s] -- Installing: /home/shesha/robot_ws/install/velodyne_description/share/velodyne_description/models/rs_robot/meshes
[1.961s] -- Installing: /home/shesha/robot_ws/install/velodyne_description/share/velodyne_description/models/rs_robot/meshes/STL
[1.962s] -- Installing: /home/shesha/robot_ws/install/velodyne_description/share/velodyne_description/models/rs_robot/meshes/STL/lidar_base
[1.962s] -- Installing: /home/shesha/robot_ws/install/velodyne_description/share/velodyne_description/models/rs_robot/meshes/STL/lidar_base/YDlidar_base.stl
[1.963s] -- Installing: /home/shesha/robot_ws/install/velodyne_description/share/velodyne_description/models/rs_robot/meshes/STL/wheel
[1.963s] -- Installing: /home/shesha/robot_ws/install/velodyne_description/share/velodyne_description/models/rs_robot/meshes/STL/wheel/robot_wheel.stl
[1.964s] -- Installing: /home/shesha/robot_ws/install/velodyne_description/share/velodyne_description/models/rs_robot/meshes/STL/base
[1.964s] -- Installing: /home/shesha/robot_ws/install/velodyne_description/share/velodyne_description/models/rs_robot/meshes/STL/base/base_link.stl
[1.964s] -- Installing: /home/shesha/robot_ws/install/velodyne_description/share/velodyne_description/models/rs_robot/meshes/STL/base/base_link_old.stl
[1.967s] -- Installing: /home/shesha/robot_ws/install/velodyne_description/share/velodyne_description/models/rs_robot/meshes/STL/suspension
[1.967s] -- Installing: /home/shesha/robot_ws/install/velodyne_description/share/velodyne_description/models/rs_robot/meshes/STL/suspension/REAR_LEFT_LINKSTL.stl
[1.968s] -- Installing: /home/shesha/robot_ws/install/velodyne_description/share/velodyne_description/models/rs_robot/meshes/STL/suspension/sus_link.stl
[1.968s] -- Installing: /home/shesha/robot_ws/install/velodyne_description/share/velodyne_description/models/rs_robot/meshes/STL/suspension/FRONT_LEFT_LINKSTL.stl
[1.970s] -- Installing: /home/shesha/robot_ws/install/velodyne_description/share/velodyne_description/models/rs_robot/meshes/STL/suspension/REAR_RIGHT_LINKSTL.stl
[1.971s] -- Installing: /home/shesha/robot_ws/install/velodyne_description/share/velodyne_description/models/rs_robot/meshes/STL/suspension/FRONT_RIGHT_LINKSTL.stl
[1.972s] -- Installing: /home/shesha/robot_ws/install/velodyne_description/share/velodyne_description/models/rs_robot/meshes/STL/lidar_head
[1.973s] -- Installing: /home/shesha/robot_ws/install/velodyne_description/share/velodyne_description/models/rs_robot/meshes/STL/lidar_head/YDlidar_head v4.stl
[1.973s] -- Installing: /home/shesha/robot_ws/install/velodyne_description/share/velodyne_description/models/rs_robot/meshes/STL/sensors
[1.974s] -- Installing: /home/shesha/robot_ws/install/velodyne_description/share/velodyne_description/models/rs_robot/meshes/STL/sensors/gps
[1.974s] -- Installing: /home/shesha/robot_ws/install/velodyne_description/share/velodyne_description/models/rs_robot/meshes/STL/sensors/gps/gps.stl
[1.977s] -- Installing: /home/shesha/robot_ws/install/velodyne_description/share/velodyne_description/models/rs_robot/meshes/STL/sensors/front_lrf
[1.977s] -- Installing: /home/shesha/robot_ws/install/velodyne_description/share/velodyne_description/models/rs_robot/meshes/STL/sensors/front_lrf/front_lrf.stl
[1.986s] -- Installing: /home/shesha/robot_ws/install/velodyne_description/share/velodyne_description/models/rs_robot/meshes/STL/sensors/camera
[1.986s] -- Installing: /home/shesha/robot_ws/install/velodyne_description/share/velodyne_description/models/rs_robot/meshes/STL/sensors/rear_lrf
[1.986s] -- Installing: /home/shesha/robot_ws/install/velodyne_description/share/velodyne_description/models/rs_robot/meshes/STL/sensors/rear_lrf/rear_lrf.stl
[1.988s] -- Installing: /home/shesha/robot_ws/install/velodyne_description/share/velodyne_description/models/rs_robot/meshes/STL/sensors/gim30
[1.988s] -- Installing: /home/shesha/robot_ws/install/velodyne_description/share/velodyne_description/models/rs_robot/meshes/STL/sensors/gim30/gim30.stl
[2.001s] -- Installing: /home/shesha/robot_ws/install/velodyne_description/share/velodyne_description/models/rs_robot/meshes/DAE
[2.001s] -- Installing: /home/shesha/robot_ws/install/velodyne_description/share/velodyne_description/models/rs_robot/meshes/DAE/lidar_base
[2.002s] -- Installing: /home/shesha/robot_ws/install/velodyne_description/share/velodyne_description/models/rs_robot/meshes/DAE/lidar_base/YDlidar_base.dae
[2.003s] -- Installing: /home/shesha/robot_ws/install/velodyne_description/share/velodyne_description/models/rs_robot/meshes/DAE/wheel
[2.003s] -- Installing: /home/shesha/robot_ws/install/velodyne_description/share/velodyne_description/models/rs_robot/meshes/DAE/wheel/wheel_link.dae
[2.007s] -- Installing: /home/shesha/robot_ws/install/velodyne_description/share/velodyne_description/models/rs_robot/meshes/DAE/base
[2.007s] -- Installing: /home/shesha/robot_ws/install/velodyne_description/share/velodyne_description/models/rs_robot/meshes/DAE/base/base_linkOLD.dae
[2.024s] -- Installing: /home/shesha/robot_ws/install/velodyne_description/share/velodyne_description/models/rs_robot/meshes/DAE/base/base_link.dae
[2.040s] -- Installing: /home/shesha/robot_ws/install/velodyne_description/share/velodyne_description/models/rs_robot/meshes/DAE/suspension
[2.040s] -- Installing: /home/shesha/robot_ws/install/velodyne_description/share/velodyne_description/models/rs_robot/meshes/DAE/suspension/rear_left_link.dae
[2.044s] -- Installing: /home/shesha/robot_ws/install/velodyne_description/share/velodyne_description/models/rs_robot/meshes/DAE/suspension/front_left_link.dae
[2.047s] -- Installing: /home/shesha/robot_ws/install/velodyne_description/share/velodyne_description/models/rs_robot/meshes/DAE/suspension/rear_right_link.dae
[2.051s] -- Installing: /home/shesha/robot_ws/install/velodyne_description/share/velodyne_description/models/rs_robot/meshes/DAE/suspension/front_right_link.dae
[2.055s] -- Installing: /home/shesha/robot_ws/install/velodyne_description/share/velodyne_description/models/rs_robot/meshes/DAE/lidar_head
[2.056s] -- Installing: /home/shesha/robot_ws/install/velodyne_description/share/velodyne_description/models/rs_robot/meshes/DAE/lidar_head/YDlidar_head.dae
[2.056s] -- Installing: /home/shesha/robot_ws/install/velodyne_description/share/velodyne_description/models/rs_robot/meshes/DAE/sensors
[2.057s] -- Installing: /home/shesha/robot_ws/install/velodyne_description/share/velodyne_description/models/rs_robot/meshes/DAE/sensors/gps
[2.057s] -- Installing: /home/shesha/robot_ws/install/velodyne_description/share/velodyne_description/models/rs_robot/meshes/DAE/sensors/gps/gps_texture.png
[2.057s] -- Installing: /home/shesha/robot_ws/install/velodyne_description/share/velodyne_description/models/rs_robot/meshes/DAE/sensors/gps/gps.dae
[2.066s] -- Installing: /home/shesha/robot_ws/install/velodyne_description/share/velodyne_description/models/rs_robot/meshes/DAE/sensors/front_lrf
[2.067s] -- Installing: /home/shesha/robot_ws/install/velodyne_description/share/velodyne_description/models/rs_robot/meshes/DAE/sensors/front_lrf/lrf_texture.png
[2.067s] -- Installing: /home/shesha/robot_ws/install/velodyne_description/share/velodyne_description/models/rs_robot/meshes/DAE/sensors/front_lrf/front_lrf.dae
[2.094s] -- Installing: /home/shesha/robot_ws/install/velodyne_description/share/velodyne_description/models/rs_robot/meshes/DAE/sensors/camera
[2.094s] -- Installing: /home/shesha/robot_ws/install/velodyne_description/share/velodyne_description/models/rs_robot/meshes/DAE/sensors/camera/camera.dae
[2.094s] -- Installing: /home/shesha/robot_ws/install/velodyne_description/share/velodyne_description/models/rs_robot/meshes/DAE/sensors/rear_lrf
[2.095s] -- Installing: /home/shesha/robot_ws/install/velodyne_description/share/velodyne_description/models/rs_robot/meshes/DAE/sensors/rear_lrf/rear_lrf.dae
[2.097s] -- Installing: /home/shesha/robot_ws/install/velodyne_description/share/velodyne_description/models/rs_robot/meshes/DAE/sensors/rear_lrf/urg_texture.png
[2.098s] -- Installing: /home/shesha/robot_ws/install/velodyne_description/share/velodyne_description/models/rs_robot/meshes/DAE/sensors/gim30
[2.098s] -- Installing: /home/shesha/robot_ws/install/velodyne_description/share/velodyne_description/models/rs_robot/meshes/DAE/sensors/gim30/gim30_lrf_texture.png
[2.098s] -- Installing: /home/shesha/robot_ws/install/velodyne_description/share/velodyne_description/models/rs_robot/meshes/DAE/sensors/gim30/gim30.dae
[2.133s] -- Installing: /home/shesha/robot_ws/install/velodyne_description/share/velodyne_description/models/rs_robot/rs_robot.sdf
[2.133s] -- Installing: /home/shesha/robot_ws/install/velodyne_description/share/velodyne_description/models/rs_robot/model.config
[2.136s] Invoked command in '/home/shesha/robot_ws/build/velodyne_description' returned '0': CMAKE_PREFIX_PATH=/opt/ros/humble /usr/bin/cmake --install /home/shesha/robot_ws/build/velodyne_description
