[0.009s] Invoking command in '/home/shesha/robot_ws/build/td3': CMAKE_PREFIX_PATH=${CMAKE_PREFIX_PATH}:/opt/ros/humble /usr/bin/cmake /home/shesha/robot_ws/src/td3 -DAMENT_CMAKE_SYMLINK_INSTALL=1 -DCMAKE_INSTALL_PREFIX=/home/shesha/robot_ws/install/td3
[0.062s] -- The C compiler identification is GNU 11.4.0
[0.115s] -- The CXX compiler identification is GNU 11.4.0
[0.122s] -- Detecting C compiler ABI info
[0.190s] -- Detecting C compiler ABI info - done
[0.196s] -- Check for working C compiler: /usr/bin/cc - skipped
[0.197s] -- Detecting C compile features
[0.197s] -- Detecting C compile features - done
[0.199s] -- Detecting CXX compiler ABI info
[0.279s] -- Detecting CXX compiler ABI info - done
[0.285s] -- Check for working CXX compiler: /usr/bin/c++ - skipped
[0.286s] -- Detecting CXX compile features
[0.286s] -- Detecting CXX compile features - done
[0.288s] -- Found ament_cmake: 1.3.12 (/opt/ros/humble/share/ament_cmake/cmake)
[0.417s] -- Found Python3: /usr/bin/python3 (found version "3.10.12") found components: Interpreter 
[0.469s] -- Override CMake install command with custom implementation using symlinks instead of copying resources
[0.493s] -- Found ament_lint_auto: 0.12.14 (/opt/ros/humble/share/ament_lint_auto/cmake)
[0.562s] -- Added test 'copyright' to check source files copyright and LICENSE
[0.583s] -- Added test 'flake8' to check Python code syntax and style conventions
[0.586s] -- Added test 'lint_cmake' to check CMake code style
[0.587s] -- Added test 'pep257' to check Python code against some of the docstring style conventions in PEP 257
[0.598s] -- Added test 'xmllint' to check XML markup files
[0.599s] -- Configuring done
[0.602s] -- Generating done
[0.604s] -- Build files have been written to: /home/shesha/robot_ws/build/td3
[0.608s] Invoked command in '/home/shesha/robot_ws/build/td3' returned '0': CMAKE_PREFIX_PATH=${CMAKE_PREFIX_PATH}:/opt/ros/humble /usr/bin/cmake /home/shesha/robot_ws/src/td3 -DAMENT_CMAKE_SYMLINK_INSTALL=1 -DCMAKE_INSTALL_PREFIX=/home/shesha/robot_ws/install/td3
[0.610s] Invoking command in '/home/shesha/robot_ws/build/td3': CMAKE_PREFIX_PATH=${CMAKE_PREFIX_PATH}:/opt/ros/humble /usr/bin/cmake --build /home/shesha/robot_ws/build/td3 -- -j16 -l16
[0.650s] Invoked command in '/home/shesha/robot_ws/build/td3' returned '0': CMAKE_PREFIX_PATH=${CMAKE_PREFIX_PATH}:/opt/ros/humble /usr/bin/cmake --build /home/shesha/robot_ws/build/td3 -- -j16 -l16
[0.662s] Invoking command in '/home/shesha/robot_ws/build/td3': CMAKE_PREFIX_PATH=${CMAKE_PREFIX_PATH}:/opt/ros/humble /usr/bin/cmake --install /home/shesha/robot_ws/build/td3
[0.669s] -- Install configuration: ""
[0.670s] -- Execute custom install script
[0.670s] -- Symlinking: /home/shesha/robot_ws/install/td3/share/td3//launch/multi_robot_scenario.launch.py
[0.679s] -- Symlinking: /home/shesha/robot_ws/install/td3/share/td3//launch/pioneer3dx.rviz
[0.687s] -- Symlinking: /home/shesha/robot_ws/install/td3/share/td3//launch/robot_state_publisher.launch.py
[0.696s] -- Symlinking: /home/shesha/robot_ws/install/td3/share/td3//launch/test_simulation.launch.py
[0.705s] -- Symlinking: /home/shesha/robot_ws/install/td3/share/td3//launch/training_simulation.launch.py
[0.717s] -- Symlinking: /home/shesha/robot_ws/install/td3/share/td3//models/td_robot/meshes/laser/hokuyo.dae
[0.726s] -- Symlinking: /home/shesha/robot_ws/install/td3/share/td3//models/td_robot/meshes/p3dx/Coordinates
[0.735s] -- Symlinking: /home/shesha/robot_ws/install/td3/share/td3//models/td_robot/meshes/p3dx/back_rim.stl
[0.745s] -- Symlinking: /home/shesha/robot_ws/install/td3/share/td3//models/td_robot/meshes/p3dx/back_sonar.stl
[0.753s] -- Symlinking: /home/shesha/robot_ws/install/td3/share/td3//models/td_robot/meshes/p3dx/center_hubcap.stl
[0.763s] -- Symlinking: /home/shesha/robot_ws/install/td3/share/td3//models/td_robot/meshes/p3dx/center_wheel.stl
[0.772s] -- Symlinking: /home/shesha/robot_ws/install/td3/share/td3//models/td_robot/meshes/p3dx/chassis.stl
[0.781s] -- Symlinking: /home/shesha/robot_ws/install/td3/share/td3//models/td_robot/meshes/p3dx/front_rim.stl
[0.791s] -- Symlinking: /home/shesha/robot_ws/install/td3/share/td3//models/td_robot/meshes/p3dx/front_sonar.stl
[0.800s] -- Symlinking: /home/shesha/robot_ws/install/td3/share/td3//models/td_robot/meshes/p3dx/left_hubcap.stl
[0.810s] -- Symlinking: /home/shesha/robot_ws/install/td3/share/td3//models/td_robot/meshes/p3dx/left_wheel.stl
[0.819s] -- Symlinking: /home/shesha/robot_ws/install/td3/share/td3//models/td_robot/meshes/p3dx/right_hubcap.stl
[0.828s] -- Symlinking: /home/shesha/robot_ws/install/td3/share/td3//models/td_robot/meshes/p3dx/right_wheel.stl
[0.837s] -- Symlinking: /home/shesha/robot_ws/install/td3/share/td3//models/td_robot/meshes/p3dx/swivel.stl
[0.847s] -- Symlinking: /home/shesha/robot_ws/install/td3/share/td3//models/td_robot/meshes/p3dx/top.stl
[0.856s] -- Symlinking: /home/shesha/robot_ws/install/td3/share/td3//models/td_robot/model.config
[0.865s] -- Symlinking: /home/shesha/robot_ws/install/td3/share/td3//models/td_robot/td_robot.sdf
[0.874s] -- Symlinking: /home/shesha/robot_ws/install/td3/share/td3//models/td_robot/velodyne_description/CHANGELOG.rst
[0.884s] -- Symlinking: /home/shesha/robot_ws/install/td3/share/td3//models/td_robot/velodyne_description/CMakeLists.txt
[0.893s] -- Symlinking: /home/shesha/robot_ws/install/td3/share/td3//models/td_robot/velodyne_description/launch/example-launch.py
[0.903s] -- Symlinking: /home/shesha/robot_ws/install/td3/share/td3//models/td_robot/velodyne_description/meshes/HDL32E_base.dae
[0.912s] -- Symlinking: /home/shesha/robot_ws/install/td3/share/td3//models/td_robot/velodyne_description/meshes/HDL32E_base.stl
[0.922s] -- Symlinking: /home/shesha/robot_ws/install/td3/share/td3//models/td_robot/velodyne_description/meshes/HDL32E_scan.dae
[0.931s] -- Symlinking: /home/shesha/robot_ws/install/td3/share/td3//models/td_robot/velodyne_description/meshes/HDL32E_scan.stl
[0.941s] -- Symlinking: /home/shesha/robot_ws/install/td3/share/td3//models/td_robot/velodyne_description/meshes/VLP16_base_1.dae
[0.950s] -- Symlinking: /home/shesha/robot_ws/install/td3/share/td3//models/td_robot/velodyne_description/meshes/VLP16_base_1.stl
[0.959s] -- Symlinking: /home/shesha/robot_ws/install/td3/share/td3//models/td_robot/velodyne_description/meshes/VLP16_base_2.dae
[0.969s] -- Symlinking: /home/shesha/robot_ws/install/td3/share/td3//models/td_robot/velodyne_description/meshes/VLP16_base_2.stl
[0.979s] -- Symlinking: /home/shesha/robot_ws/install/td3/share/td3//models/td_robot/velodyne_description/meshes/VLP16_scan.dae
[0.988s] -- Symlinking: /home/shesha/robot_ws/install/td3/share/td3//models/td_robot/velodyne_description/meshes/VLP16_scan.stl
[0.998s] -- Symlinking: /home/shesha/robot_ws/install/td3/share/td3//models/td_robot/velodyne_description/models/rs_robot/meshes/DAE/base/base_link.dae
[1.008s] -- Symlinking: /home/shesha/robot_ws/install/td3/share/td3//models/td_robot/velodyne_description/models/rs_robot/meshes/DAE/base/base_linkOLD.dae
[1.018s] -- Symlinking: /home/shesha/robot_ws/install/td3/share/td3//models/td_robot/velodyne_description/models/rs_robot/meshes/DAE/lidar_base/YDlidar_base.dae
[1.028s] -- Symlinking: /home/shesha/robot_ws/install/td3/share/td3//models/td_robot/velodyne_description/models/rs_robot/meshes/DAE/lidar_head/YDlidar_head.dae
[1.038s] -- Symlinking: /home/shesha/robot_ws/install/td3/share/td3//models/td_robot/velodyne_description/models/rs_robot/meshes/DAE/sensors/camera/camera.dae
[1.047s] -- Symlinking: /home/shesha/robot_ws/install/td3/share/td3//models/td_robot/velodyne_description/models/rs_robot/meshes/DAE/sensors/front_lrf/front_lrf.dae
[1.056s] -- Symlinking: /home/shesha/robot_ws/install/td3/share/td3//models/td_robot/velodyne_description/models/rs_robot/meshes/DAE/sensors/front_lrf/lrf_texture.png
[1.067s] -- Symlinking: /home/shesha/robot_ws/install/td3/share/td3//models/td_robot/velodyne_description/models/rs_robot/meshes/DAE/sensors/gim30/gim30.dae
[1.076s] -- Symlinking: /home/shesha/robot_ws/install/td3/share/td3//models/td_robot/velodyne_description/models/rs_robot/meshes/DAE/sensors/gim30/gim30_lrf_texture.png
[1.085s] -- Symlinking: /home/shesha/robot_ws/install/td3/share/td3//models/td_robot/velodyne_description/models/rs_robot/meshes/DAE/sensors/gps/gps.dae
[1.094s] -- Symlinking: /home/shesha/robot_ws/install/td3/share/td3//models/td_robot/velodyne_description/models/rs_robot/meshes/DAE/sensors/gps/gps_texture.png
[1.103s] -- Symlinking: /home/shesha/robot_ws/install/td3/share/td3//models/td_robot/velodyne_description/models/rs_robot/meshes/DAE/sensors/rear_lrf/rear_lrf.dae
[1.112s] -- Symlinking: /home/shesha/robot_ws/install/td3/share/td3//models/td_robot/velodyne_description/models/rs_robot/meshes/DAE/sensors/rear_lrf/urg_texture.png
[1.123s] -- Symlinking: /home/shesha/robot_ws/install/td3/share/td3//models/td_robot/velodyne_description/models/rs_robot/meshes/DAE/suspension/front_left_link.dae
[1.132s] -- Symlinking: /home/shesha/robot_ws/install/td3/share/td3//models/td_robot/velodyne_description/models/rs_robot/meshes/DAE/suspension/front_right_link.dae
[1.142s] -- Symlinking: /home/shesha/robot_ws/install/td3/share/td3//models/td_robot/velodyne_description/models/rs_robot/meshes/DAE/suspension/rear_left_link.dae
[1.152s] -- Symlinking: /home/shesha/robot_ws/install/td3/share/td3//models/td_robot/velodyne_description/models/rs_robot/meshes/DAE/suspension/rear_right_link.dae
[1.161s] -- Symlinking: /home/shesha/robot_ws/install/td3/share/td3//models/td_robot/velodyne_description/models/rs_robot/meshes/DAE/wheel/wheel_link.dae
[1.171s] -- Symlinking: /home/shesha/robot_ws/install/td3/share/td3//models/td_robot/velodyne_description/models/rs_robot/meshes/STL/base/base_link.stl
[1.181s] -- Symlinking: /home/shesha/robot_ws/install/td3/share/td3//models/td_robot/velodyne_description/models/rs_robot/meshes/STL/base/base_link_old.stl
[1.190s] -- Symlinking: /home/shesha/robot_ws/install/td3/share/td3//models/td_robot/velodyne_description/models/rs_robot/meshes/STL/lidar_base/YDlidar_base.stl
[1.199s] -- Symlinking: /home/shesha/robot_ws/install/td3/share/td3//models/td_robot/velodyne_description/models/rs_robot/meshes/STL/lidar_head/YDlidar_head v4.stl
[1.208s] -- Symlinking: /home/shesha/robot_ws/install/td3/share/td3//models/td_robot/velodyne_description/models/rs_robot/meshes/STL/sensors/front_lrf/front_lrf.stl
[1.218s] -- Symlinking: /home/shesha/robot_ws/install/td3/share/td3//models/td_robot/velodyne_description/models/rs_robot/meshes/STL/sensors/gim30/gim30.stl
[1.228s] -- Symlinking: /home/shesha/robot_ws/install/td3/share/td3//models/td_robot/velodyne_description/models/rs_robot/meshes/STL/sensors/gps/gps.stl
[1.238s] -- Symlinking: /home/shesha/robot_ws/install/td3/share/td3//models/td_robot/velodyne_description/models/rs_robot/meshes/STL/sensors/rear_lrf/rear_lrf.stl
[1.247s] -- Symlinking: /home/shesha/robot_ws/install/td3/share/td3//models/td_robot/velodyne_description/models/rs_robot/meshes/STL/suspension/FRONT_LEFT_LINKSTL.stl
[1.257s] -- Symlinking: /home/shesha/robot_ws/install/td3/share/td3//models/td_robot/velodyne_description/models/rs_robot/meshes/STL/suspension/FRONT_RIGHT_LINKSTL.stl
[1.268s] -- Symlinking: /home/shesha/robot_ws/install/td3/share/td3//models/td_robot/velodyne_description/models/rs_robot/meshes/STL/suspension/REAR_LEFT_LINKSTL.stl
[1.277s] -- Symlinking: /home/shesha/robot_ws/install/td3/share/td3//models/td_robot/velodyne_description/models/rs_robot/meshes/STL/suspension/REAR_RIGHT_LINKSTL.stl
[1.287s] -- Symlinking: /home/shesha/robot_ws/install/td3/share/td3//models/td_robot/velodyne_description/models/rs_robot/meshes/STL/suspension/sus_link.stl
[1.296s] -- Symlinking: /home/shesha/robot_ws/install/td3/share/td3//models/td_robot/velodyne_description/models/rs_robot/meshes/STL/wheel/robot_wheel.stl
[1.305s] -- Symlinking: /home/shesha/robot_ws/install/td3/share/td3//models/td_robot/velodyne_description/models/rs_robot/model.config
[1.315s] -- Symlinking: /home/shesha/robot_ws/install/td3/share/td3//models/td_robot/velodyne_description/models/rs_robot/rs_robot.sdf
[1.324s] -- Symlinking: /home/shesha/robot_ws/install/td3/share/td3//models/td_robot/velodyne_description/package.xml
[1.333s] -- Symlinking: /home/shesha/robot_ws/install/td3/share/td3//models/td_robot/velodyne_description/rviz/example.rviz
[1.343s] -- Symlinking: /home/shesha/robot_ws/install/td3/share/td3//models/td_robot/velodyne_description/urdf/HDL-32E.urdf.xacro
[1.352s] -- Symlinking: /home/shesha/robot_ws/install/td3/share/td3//models/td_robot/velodyne_description/urdf/VLP-16.urdf.xacro
[1.361s] -- Symlinking: /home/shesha/robot_ws/install/td3/share/td3//models/td_robot/velodyne_description/urdf/VLP-32C.urdf.xacro
[1.370s] -- Symlinking: /home/shesha/robot_ws/install/td3/share/td3//models/td_robot/velodyne_description/urdf/example.urdf.xacro
[1.379s] -- Symlinking: /home/shesha/robot_ws/install/td3/share/td3//models/td_robot/velodyne_description/world/example.world
[1.388s] -- Symlinking: /home/shesha/robot_ws/install/td3/share/td3//models/td_robot/velodyne_description/world/lio_sam.model
[1.399s] [33mCMake Warning (dev) at ament_cmake_symlink_install/ament_cmake_symlink_install.cmake:62 (file):
[1.399s]   Policy CMP0009 is not set: FILE GLOB_RECURSE calls should not follow
[1.399s]   symlinks by default.  Run "cmake --help-policy CMP0009" for policy details.
[1.399s]   Use the cmake_policy command to set the policy and suppress this warning.
[1.399s] Call Stack (most recent call first):
[1.399s]   ament_cmake_symlink_install/ament_cmake_symlink_install.cmake:314 (ament_cmake_symlink_install_directory)
[1.399s]   cmake_install.cmake:46 (include)
[1.399s] This warning is for project developers.  Use -Wno-dev to suppress it.
[1.399s] [0m
[1.399s] -- Symlinking: /home/shesha/robot_ws/install/td3/share/td3//scripts/__pycache__/point_cloud2.cpython-310.pyc
[1.408s] -- Symlinking: /home/shesha/robot_ws/install/td3/share/td3//scripts/__pycache__/replay_buffer.cpython-310.pyc
[1.417s] -- Symlinking: /home/shesha/robot_ws/install/td3/share/td3//scripts/build/.built_by
[1.426s] -- Symlinking: /home/shesha/robot_ws/install/td3/share/td3//scripts/build/COLCON_IGNORE
[1.436s] -- Symlinking: /home/shesha/robot_ws/install/td3/share/td3//scripts/install/.colcon_install_layout
[1.445s] -- Symlinking: /home/shesha/robot_ws/install/td3/share/td3//scripts/install/COLCON_IGNORE
[1.454s] -- Symlinking: /home/shesha/robot_ws/install/td3/share/td3//scripts/install/_local_setup_util_ps1.py
[1.463s] -- Symlinking: /home/shesha/robot_ws/install/td3/share/td3//scripts/install/_local_setup_util_sh.py
[1.472s] -- Symlinking: /home/shesha/robot_ws/install/td3/share/td3//scripts/install/local_setup.bash
[1.482s] -- Symlinking: /home/shesha/robot_ws/install/td3/share/td3//scripts/install/local_setup.ps1
[1.491s] -- Symlinking: /home/shesha/robot_ws/install/td3/share/td3//scripts/install/local_setup.sh
[1.500s] -- Symlinking: /home/shesha/robot_ws/install/td3/share/td3//scripts/install/local_setup.zsh
[1.510s] -- Symlinking: /home/shesha/robot_ws/install/td3/share/td3//scripts/install/setup.bash
[1.519s] -- Symlinking: /home/shesha/robot_ws/install/td3/share/td3//scripts/install/setup.ps1
[1.528s] -- Symlinking: /home/shesha/robot_ws/install/td3/share/td3//scripts/install/setup.sh
[1.538s] -- Symlinking: /home/shesha/robot_ws/install/td3/share/td3//scripts/install/setup.zsh
[1.547s] -- Symlinking: /home/shesha/robot_ws/install/td3/share/td3//scripts/log/COLCON_IGNORE
[1.557s] -- Symlinking: /home/shesha/robot_ws/install/td3/share/td3//scripts/log/build_2026-02-17_14-30-30/events.log
[1.566s] -- Symlinking: /home/shesha/robot_ws/install/td3/share/td3//scripts/log/build_2026-02-17_14-30-30/logger_all.log
[1.575s] -- Symlinking: /home/shesha/robot_ws/install/td3/share/td3//scripts/log/latest/events.log
[1.584s] -- Symlinking: /home/shesha/robot_ws/install/td3/share/td3//scripts/log/latest/logger_all.log
[1.593s] -- Symlinking: /home/shesha/robot_ws/install/td3/share/td3//scripts/log/latest_build/events.log
[1.603s] -- Symlinking: /home/shesha/robot_ws/install/td3/share/td3//scripts/log/latest_build/logger_all.log
[1.612s] -- Symlinking: /home/shesha/robot_ws/install/td3/share/td3//scripts/point_cloud2.py
[1.622s] -- Symlinking: /home/shesha/robot_ws/install/td3/share/td3//scripts/pytorch_models/td3_velodyne_actor.pth
[1.633s] -- Symlinking: /home/shesha/robot_ws/install/td3/share/td3//scripts/pytorch_models/td3_velodyne_critic.pth
[1.642s] -- Symlinking: /home/shesha/robot_ws/install/td3/share/td3//scripts/replay_buffer.py
[1.653s] -- Symlinking: /home/shesha/robot_ws/install/td3/share/td3//scripts/results/TD3_velodyne.npy
[1.662s] -- Symlinking: /home/shesha/robot_ws/install/td3/share/td3//scripts/runs/events.out.tfevents.1680403580.robotmania-MINIPC-PA90.28181.0
[1.672s] -- Symlinking: /home/shesha/robot_ws/install/td3/share/td3//scripts/runs/events.out.tfevents.1680403642.robotmania-MINIPC-PA90.28717.0
[1.681s] -- Symlinking: /home/shesha/robot_ws/install/td3/share/td3//scripts/test_velodyne_node.py
[1.691s] -- Symlinking: /home/shesha/robot_ws/install/td3/share/td3//scripts/train_velodyne_node.py
[1.701s] -- Symlinking: /home/shesha/robot_ws/install/td3/share/td3//urdf/meshes/laser/hokuyo.dae
[1.711s] -- Symlinking: /home/shesha/robot_ws/install/td3/share/td3//urdf/meshes/p3dx/Coordinates
[1.721s] -- Symlinking: /home/shesha/robot_ws/install/td3/share/td3//urdf/meshes/p3dx/back_rim.stl
[1.731s] -- Symlinking: /home/shesha/robot_ws/install/td3/share/td3//urdf/meshes/p3dx/back_sonar.stl
[1.740s] -- Symlinking: /home/shesha/robot_ws/install/td3/share/td3//urdf/meshes/p3dx/center_hubcap.stl
[1.750s] -- Symlinking: /home/shesha/robot_ws/install/td3/share/td3//urdf/meshes/p3dx/center_wheel.stl
[1.759s] -- Symlinking: /home/shesha/robot_ws/install/td3/share/td3//urdf/meshes/p3dx/chassis.stl
[1.769s] -- Symlinking: /home/shesha/robot_ws/install/td3/share/td3//urdf/meshes/p3dx/front_rim.stl
[1.779s] -- Symlinking: /home/shesha/robot_ws/install/td3/share/td3//urdf/meshes/p3dx/front_sonar.stl
[1.789s] -- Symlinking: /home/shesha/robot_ws/install/td3/share/td3//urdf/meshes/p3dx/left_hubcap.stl
[1.798s] -- Symlinking: /home/shesha/robot_ws/install/td3/share/td3//urdf/meshes/p3dx/left_wheel.stl
[1.808s] -- Symlinking: /home/shesha/robot_ws/install/td3/share/td3//urdf/meshes/p3dx/right_hubcap.stl
[1.817s] -- Symlinking: /home/shesha/robot_ws/install/td3/share/td3//urdf/meshes/p3dx/right_wheel.stl
[1.827s] -- Symlinking: /home/shesha/robot_ws/install/td3/share/td3//urdf/meshes/p3dx/swivel.stl
[1.836s] -- Symlinking: /home/shesha/robot_ws/install/td3/share/td3//urdf/meshes/p3dx/top.stl
[1.845s] -- Symlinking: /home/shesha/robot_ws/install/td3/share/td3//urdf/td_robot.urdf
[1.855s] -- Symlinking: /home/shesha/robot_ws/install/td3/share/td3//worlds/td3.world
[1.865s] -- Symlinking: /home/shesha/robot_ws/install/td3/lib/td3/replay_buffer.py
[1.874s] -- Symlinking: /home/shesha/robot_ws/install/td3/lib/td3/test_velodyne_node.py
[1.883s] -- Symlinking: /home/shesha/robot_ws/install/td3/lib/td3/train_velodyne_node.py
[1.892s] -- Symlinking: /home/shesha/robot_ws/install/td3/lib/td3/point_cloud2.py
[1.903s] -- Up-to-date symlink: /home/shesha/robot_ws/install/td3/share/td3/launch/multi_robot_scenario.launch.py
[1.903s] -- Up-to-date symlink: /home/shesha/robot_ws/install/td3/share/td3/launch/pioneer3dx.rviz
[1.903s] -- Up-to-date symlink: /home/shesha/robot_ws/install/td3/share/td3/launch/robot_state_publisher.launch.py
[1.903s] -- Up-to-date symlink: /home/shesha/robot_ws/install/td3/share/td3/launch/test_simulation.launch.py
[1.903s] -- Up-to-date symlink: /home/shesha/robot_ws/install/td3/share/td3/launch/training_simulation.launch.py
[1.905s] -- Up-to-date symlink: /home/shesha/robot_ws/install/td3/share/td3/models/td_robot/meshes/laser/hokuyo.dae
[1.905s] -- Up-to-date symlink: /home/shesha/robot_ws/install/td3/share/td3/models/td_robot/meshes/p3dx/Coordinates
[1.905s] -- Up-to-date symlink: /home/shesha/robot_ws/install/td3/share/td3/models/td_robot/meshes/p3dx/back_rim.stl
[1.905s] -- Up-to-date symlink: /home/shesha/robot_ws/install/td3/share/td3/models/td_robot/meshes/p3dx/back_sonar.stl
[1.905s] -- Up-to-date symlink: /home/shesha/robot_ws/install/td3/share/td3/models/td_robot/meshes/p3dx/center_hubcap.stl
[1.905s] -- Up-to-date symlink: /home/shesha/robot_ws/install/td3/share/td3/models/td_robot/meshes/p3dx/center_wheel.stl
[1.905s] -- Up-to-date symlink: /home/shesha/robot_ws/install/td3/share/td3/models/td_robot/meshes/p3dx/chassis.stl
[1.905s] -- Up-to-date symlink: /home/shesha/robot_ws/install/td3/share/td3/models/td_robot/meshes/p3dx/front_rim.stl
[1.906s] -- Up-to-date symlink: /home/shesha/robot_ws/install/td3/share/td3/models/td_robot/meshes/p3dx/front_sonar.stl
[1.906s] -- Up-to-date symlink: /home/shesha/robot_ws/install/td3/share/td3/models/td_robot/meshes/p3dx/left_hubcap.stl
[1.906s] -- Up-to-date symlink: /home/shesha/robot_ws/install/td3/share/td3/models/td_robot/meshes/p3dx/left_wheel.stl
[1.906s] -- Up-to-date symlink: /home/shesha/robot_ws/install/td3/share/td3/models/td_robot/meshes/p3dx/right_hubcap.stl
[1.906s] -- Up-to-date symlink: /home/shesha/robot_ws/install/td3/share/td3/models/td_robot/meshes/p3dx/right_wheel.stl
[1.906s] -- Up-to-date symlink: /home/shesha/robot_ws/install/td3/share/td3/models/td_robot/meshes/p3dx/swivel.stl
[1.906s] -- Up-to-date symlink: /home/shesha/robot_ws/install/td3/share/td3/models/td_robot/meshes/p3dx/top.stl
[1.906s] -- Up-to-date symlink: /home/shesha/robot_ws/install/td3/share/td3/models/td_robot/model.config
[1.906s] -- Up-to-date symlink: /home/shesha/robot_ws/install/td3/share/td3/models/td_robot/td_robot.sdf
[1.906s] -- Up-to-date symlink: /home/shesha/robot_ws/install/td3/share/td3/models/td_robot/velodyne_description/CHANGELOG.rst
[1.906s] -- Up-to-date symlink: /home/shesha/robot_ws/install/td3/share/td3/models/td_robot/velodyne_description/CMakeLists.txt
[1.907s] -- Up-to-date symlink: /home/shesha/robot_ws/install/td3/share/td3/models/td_robot/velodyne_description/launch/example-launch.py
[1.907s] -- Up-to-date symlink: /home/shesha/robot_ws/install/td3/share/td3/models/td_robot/velodyne_description/meshes/HDL32E_base.dae
[1.907s] -- Up-to-date symlink: /home/shesha/robot_ws/install/td3/share/td3/models/td_robot/velodyne_description/meshes/HDL32E_base.stl
[1.907s] -- Up-to-date symlink: /home/shesha/robot_ws/install/td3/share/td3/models/td_robot/velodyne_description/meshes/HDL32E_scan.dae
[1.907s] -- Up-to-date symlink: /home/shesha/robot_ws/install/td3/share/td3/models/td_robot/velodyne_description/meshes/HDL32E_scan.stl
[1.907s] -- Up-to-date symlink: /home/shesha/robot_ws/install/td3/share/td3/models/td_robot/velodyne_description/meshes/VLP16_base_1.dae
[1.907s] -- Up-to-date symlink: /home/shesha/robot_ws/install/td3/share/td3/models/td_robot/velodyne_description/meshes/VLP16_base_1.stl
[1.907s] -- Up-to-date symlink: /home/shesha/robot_ws/install/td3/share/td3/models/td_robot/velodyne_description/meshes/VLP16_base_2.dae
[1.907s] -- Up-to-date symlink: /home/shesha/robot_ws/install/td3/share/td3/models/td_robot/velodyne_description/meshes/VLP16_base_2.stl
[1.908s] -- Up-to-date symlink: /home/shesha/robot_ws/install/td3/share/td3/models/td_robot/velodyne_description/meshes/VLP16_scan.dae
[1.908s] -- Up-to-date symlink: /home/shesha/robot_ws/install/td3/share/td3/models/td_robot/velodyne_description/meshes/VLP16_scan.stl
[1.908s] -- Up-to-date symlink: /home/shesha/robot_ws/install/td3/share/td3/models/td_robot/velodyne_description/models/rs_robot/meshes/DAE/base/base_link.dae
[1.908s] -- Up-to-date symlink: /home/shesha/robot_ws/install/td3/share/td3/models/td_robot/velodyne_description/models/rs_robot/meshes/DAE/base/base_linkOLD.dae
[1.908s] -- Up-to-date symlink: /home/shesha/robot_ws/install/td3/share/td3/models/td_robot/velodyne_description/models/rs_robot/meshes/DAE/lidar_base/YDlidar_base.dae
[1.908s] -- Up-to-date symlink: /home/shesha/robot_ws/install/td3/share/td3/models/td_robot/velodyne_description/models/rs_robot/meshes/DAE/lidar_head/YDlidar_head.dae
[1.908s] -- Up-to-date symlink: /home/shesha/robot_ws/install/td3/share/td3/models/td_robot/velodyne_description/models/rs_robot/meshes/DAE/sensors/camera/camera.dae
[1.908s] -- Up-to-date symlink: /home/shesha/robot_ws/install/td3/share/td3/models/td_robot/velodyne_description/models/rs_robot/meshes/DAE/sensors/front_lrf/front_lrf.dae
[1.909s] -- Up-to-date symlink: /home/shesha/robot_ws/install/td3/share/td3/models/td_robot/velodyne_description/models/rs_robot/meshes/DAE/sensors/front_lrf/lrf_texture.png
[1.909s] -- Up-to-date symlink: /home/shesha/robot_ws/install/td3/share/td3/models/td_robot/velodyne_description/models/rs_robot/meshes/DAE/sensors/gim30/gim30.dae
[1.909s] -- Up-to-date symlink: /home/shesha/robot_ws/install/td3/share/td3/models/td_robot/velodyne_description/models/rs_robot/meshes/DAE/sensors/gim30/gim30_lrf_texture.png
[1.909s] -- Up-to-date symlink: /home/shesha/robot_ws/install/td3/share/td3/models/td_robot/velodyne_description/models/rs_robot/meshes/DAE/sensors/gps/gps.dae
[1.909s] -- Up-to-date symlink: /home/shesha/robot_ws/install/td3/share/td3/models/td_robot/velodyne_description/models/rs_robot/meshes/DAE/sensors/gps/gps_texture.png
[1.909s] -- Up-to-date symlink: /home/shesha/robot_ws/install/td3/share/td3/models/td_robot/velodyne_description/models/rs_robot/meshes/DAE/sensors/rear_lrf/rear_lrf.dae
[1.909s] -- Up-to-date symlink: /home/shesha/robot_ws/install/td3/share/td3/models/td_robot/velodyne_description/models/rs_robot/meshes/DAE/sensors/rear_lrf/urg_texture.png
[1.910s] -- Up-to-date symlink: /home/shesha/robot_ws/install/td3/share/td3/models/td_robot/velodyne_description/models/rs_robot/meshes/DAE/suspension/front_left_link.dae
[1.910s] -- Up-to-date symlink: /home/shesha/robot_ws/install/td3/share/td3/models/td_robot/velodyne_description/models/rs_robot/meshes/DAE/suspension/front_right_link.dae
[1.910s] -- Up-to-date symlink: /home/shesha/robot_ws/install/td3/share/td3/models/td_robot/velodyne_description/models/rs_robot/meshes/DAE/suspension/rear_left_link.dae
[1.910s] -- Up-to-date symlink: /home/shesha/robot_ws/install/td3/share/td3/models/td_robot/velodyne_description/models/rs_robot/meshes/DAE/suspension/rear_right_link.dae
[1.910s] -- Up-to-date symlink: /home/shesha/robot_ws/install/td3/share/td3/models/td_robot/velodyne_description/models/rs_robot/meshes/DAE/wheel/wheel_link.dae
[1.910s] -- Up-to-date symlink: /home/shesha/robot_ws/install/td3/share/td3/models/td_robot/velodyne_description/models/rs_robot/meshes/STL/base/base_link.stl
[1.910s] -- Up-to-date symlink: /home/shesha/robot_ws/install/td3/share/td3/models/td_robot/velodyne_description/models/rs_robot/meshes/STL/base/base_link_old.stl
[1.910s] -- Up-to-date symlink: /home/shesha/robot_ws/install/td3/share/td3/models/td_robot/velodyne_description/models/rs_robot/meshes/STL/lidar_base/YDlidar_base.stl
[1.911s] -- Up-to-date symlink: /home/shesha/robot_ws/install/td3/share/td3/models/td_robot/velodyne_description/models/rs_robot/meshes/STL/lidar_head/YDlidar_head v4.stl
[1.911s] -- Up-to-date symlink: /home/shesha/robot_ws/install/td3/share/td3/models/td_robot/velodyne_description/models/rs_robot/meshes/STL/sensors/front_lrf/front_lrf.stl
[1.911s] -- Up-to-date symlink: /home/shesha/robot_ws/install/td3/share/td3/models/td_robot/velodyne_description/models/rs_robot/meshes/STL/sensors/gim30/gim30.stl
[1.911s] -- Up-to-date symlink: /home/shesha/robot_ws/install/td3/share/td3/models/td_robot/velodyne_description/models/rs_robot/meshes/STL/sensors/gps/gps.stl
[1.911s] -- Up-to-date symlink: /home/shesha/robot_ws/install/td3/share/td3/models/td_robot/velodyne_description/models/rs_robot/meshes/STL/sensors/rear_lrf/rear_lrf.stl
[1.911s] -- Up-to-date symlink: /home/shesha/robot_ws/install/td3/share/td3/models/td_robot/velodyne_description/models/rs_robot/meshes/STL/suspension/FRONT_LEFT_LINKSTL.stl
[1.911s] -- Up-to-date symlink: /home/shesha/robot_ws/install/td3/share/td3/models/td_robot/velodyne_description/models/rs_robot/meshes/STL/suspension/FRONT_RIGHT_LINKSTL.stl
[1.912s] -- Up-to-date symlink: /home/shesha/robot_ws/install/td3/share/td3/models/td_robot/velodyne_description/models/rs_robot/meshes/STL/suspension/REAR_LEFT_LINKSTL.stl
[1.912s] -- Up-to-date symlink: /home/shesha/robot_ws/install/td3/share/td3/models/td_robot/velodyne_description/models/rs_robot/meshes/STL/suspension/REAR_RIGHT_LINKSTL.stl
[1.912s] -- Up-to-date symlink: /home/shesha/robot_ws/install/td3/share/td3/models/td_robot/velodyne_description/models/rs_robot/meshes/STL/suspension/sus_link.stl
[1.912s] -- Up-to-date symlink: /home/shesha/robot_ws/install/td3/share/td3/models/td_robot/velodyne_description/models/rs_robot/meshes/STL/wheel/robot_wheel.stl
[1.912s] -- Up-to-date symlink: /home/shesha/robot_ws/install/td3/share/td3/models/td_robot/velodyne_description/models/rs_robot/model.config
[1.912s] -- Up-to-date symlink: /home/shesha/robot_ws/install/td3/share/td3/models/td_robot/velodyne_description/models/rs_robot/rs_robot.sdf
[1.912s] -- Up-to-date symlink: /home/shesha/robot_ws/install/td3/share/td3/models/td_robot/velodyne_description/package.xml
[1.912s] -- Up-to-date symlink: /home/shesha/robot_ws/install/td3/share/td3/models/td_robot/velodyne_description/rviz/example.rviz
[1.912s] -- Up-to-date symlink: /home/shesha/robot_ws/install/td3/share/td3/models/td_robot/velodyne_description/urdf/HDL-32E.urdf.xacro
[1.913s] -- Up-to-date symlink: /home/shesha/robot_ws/install/td3/share/td3/models/td_robot/velodyne_description/urdf/VLP-16.urdf.xacro
[1.913s] -- Up-to-date symlink: /home/shesha/robot_ws/install/td3/share/td3/models/td_robot/velodyne_description/urdf/VLP-32C.urdf.xacro
[1.913s] -- Up-to-date symlink: /home/shesha/robot_ws/install/td3/share/td3/models/td_robot/velodyne_description/urdf/example.urdf.xacro
[1.913s] -- Up-to-date symlink: /home/shesha/robot_ws/install/td3/share/td3/models/td_robot/velodyne_description/world/example.world
[1.913s] -- Up-to-date symlink: /home/shesha/robot_ws/install/td3/share/td3/models/td_robot/velodyne_description/world/lio_sam.model
[1.913s] -- Up-to-date symlink: /home/shesha/robot_ws/install/td3/share/td3/urdf/meshes/laser/hokuyo.dae
[1.914s] -- Up-to-date symlink: /home/shesha/robot_ws/install/td3/share/td3/urdf/meshes/p3dx/Coordinates
[1.914s] -- Up-to-date symlink: /home/shesha/robot_ws/install/td3/share/td3/urdf/meshes/p3dx/back_rim.stl
[1.914s] -- Up-to-date symlink: /home/shesha/robot_ws/install/td3/share/td3/urdf/meshes/p3dx/back_sonar.stl
[1.914s] -- Up-to-date symlink: /home/shesha/robot_ws/install/td3/share/td3/urdf/meshes/p3dx/center_hubcap.stl
[1.914s] -- Up-to-date symlink: /home/shesha/robot_ws/install/td3/share/td3/urdf/meshes/p3dx/center_wheel.stl
[1.914s] -- Up-to-date symlink: /home/shesha/robot_ws/install/td3/share/td3/urdf/meshes/p3dx/chassis.stl
[1.914s] -- Up-to-date symlink: /home/shesha/robot_ws/install/td3/share/td3/urdf/meshes/p3dx/front_rim.stl
[1.914s] -- Up-to-date symlink: /home/shesha/robot_ws/install/td3/share/td3/urdf/meshes/p3dx/front_sonar.stl
[1.914s] -- Up-to-date symlink: /home/shesha/robot_ws/install/td3/share/td3/urdf/meshes/p3dx/left_hubcap.stl
[1.914s] -- Up-to-date symlink: /home/shesha/robot_ws/install/td3/share/td3/urdf/meshes/p3dx/left_wheel.stl
[1.914s] -- Up-to-date symlink: /home/shesha/robot_ws/install/td3/share/td3/urdf/meshes/p3dx/right_hubcap.stl
[1.915s] -- Up-to-date symlink: /home/shesha/robot_ws/install/td3/share/td3/urdf/meshes/p3dx/right_wheel.stl
[1.915s] -- Up-to-date symlink: /home/shesha/robot_ws/install/td3/share/td3/urdf/meshes/p3dx/swivel.stl
[1.915s] -- Up-to-date symlink: /home/shesha/robot_ws/install/td3/share/td3/urdf/meshes/p3dx/top.stl
[1.915s] -- Up-to-date symlink: /home/shesha/robot_ws/install/td3/share/td3/urdf/td_robot.urdf
[1.915s] -- Up-to-date symlink: /home/shesha/robot_ws/install/td3/share/td3/worlds/td3.world
[1.915s] -- Symlinking: /home/shesha/robot_ws/install/td3/share/ament_index/resource_index/package_run_dependencies/td3
[1.924s] -- Symlinking: /home/shesha/robot_ws/install/td3/share/ament_index/resource_index/parent_prefix_path/td3
[1.934s] -- Symlinking: /home/shesha/robot_ws/install/td3/share/td3/environment/ament_prefix_path.sh
[1.943s] -- Symlinking: /home/shesha/robot_ws/install/td3/share/td3/environment/ament_prefix_path.dsv
[1.951s] -- Symlinking: /home/shesha/robot_ws/install/td3/share/td3/environment/path.sh
[1.961s] -- Symlinking: /home/shesha/robot_ws/install/td3/share/td3/environment/path.dsv
[1.970s] -- Symlinking: /home/shesha/robot_ws/install/td3/share/td3/local_setup.bash
[1.979s] -- Symlinking: /home/shesha/robot_ws/install/td3/share/td3/local_setup.sh
[1.989s] -- Symlinking: /home/shesha/robot_ws/install/td3/share/td3/local_setup.zsh
[1.998s] -- Symlinking: /home/shesha/robot_ws/install/td3/share/td3/local_setup.dsv
[2.008s] -- Symlinking: /home/shesha/robot_ws/install/td3/share/td3/package.dsv
[2.017s] -- Symlinking: /home/shesha/robot_ws/install/td3/share/ament_index/resource_index/packages/td3
[2.026s] -- Symlinking: /home/shesha/robot_ws/install/td3/share/td3/cmake/td3Config.cmake
[2.037s] -- Symlinking: /home/shesha/robot_ws/install/td3/share/td3/cmake/td3Config-version.cmake
[2.055s] -- Symlinking: /home/shesha/robot_ws/install/td3/share/td3/package.xml
[2.068s] Invoked command in '/home/shesha/robot_ws/build/td3' returned '0': CMAKE_PREFIX_PATH=${CMAKE_PREFIX_PATH}:/opt/ros/humble /usr/bin/cmake --install /home/shesha/robot_ws/build/td3
