[0.010s] Invoking command in '/home/shesha/robot_ws/build/td3': CMAKE_PREFIX_PATH=${CMAKE_PREFIX_PATH}:/opt/ros/humble /usr/bin/cmake /home/shesha/robot_ws/src/td3 -DAMENT_CMAKE_SYMLINK_INSTALL=1 -DCMAKE_INSTALL_PREFIX=/home/shesha/robot_ws/install/td3
[0.065s] -- The C compiler identification is GNU 11.4.0
[0.118s] -- The CXX compiler identification is GNU 11.4.0
[0.125s] -- Detecting C compiler ABI info
[0.189s] -- Detecting C compiler ABI info - done
[0.195s] -- Check for working C compiler: /usr/bin/cc - skipped
[0.195s] -- Detecting C compile features
[0.195s] -- Detecting C compile features - done
[0.198s] -- Detecting CXX compiler ABI info
[0.277s] -- Detecting CXX compiler ABI info - done
[0.283s] -- Check for working CXX compiler: /usr/bin/c++ - skipped
[0.283s] -- Detecting CXX compile features
[0.284s] -- Detecting CXX compile features - done
[0.285s] -- Found ament_cmake: 1.3.12 (/opt/ros/humble/share/ament_cmake/cmake)
[0.417s] -- Found Python3: /usr/bin/python3 (found version "3.10.12") found components: Interpreter 
[0.471s] -- Override CMake install command with custom implementation using symlinks instead of copying resources
[0.494s] -- Found ament_lint_auto: 0.12.14 (/opt/ros/humble/share/ament_lint_auto/cmake)
[0.560s] -- Added test 'copyright' to check source files copyright and LICENSE
[0.581s] -- Added test 'flake8' to check Python code syntax and style conventions
[0.584s] -- Added test 'lint_cmake' to check CMake code style
[0.585s] -- Added test 'pep257' to check Python code against some of the docstring style conventions in PEP 257
[0.597s] -- Added test 'xmllint' to check XML markup files
[0.598s] -- Configuring done
[0.601s] -- Generating done
[0.602s] -- Build files have been written to: /home/shesha/robot_ws/build/td3
[0.606s] Invoked command in '/home/shesha/robot_ws/build/td3' returned '0': CMAKE_PREFIX_PATH=${CMAKE_PREFIX_PATH}:/opt/ros/humble /usr/bin/cmake /home/shesha/robot_ws/src/td3 -DAMENT_CMAKE_SYMLINK_INSTALL=1 -DCMAKE_INSTALL_PREFIX=/home/shesha/robot_ws/install/td3
[0.608s] Invoking command in '/home/shesha/robot_ws/build/td3': CMAKE_PREFIX_PATH=${CMAKE_PREFIX_PATH}:/opt/ros/humble /usr/bin/cmake --build /home/shesha/robot_ws/build/td3 -- -j16 -l16
[0.649s] Invoked command in '/home/shesha/robot_ws/build/td3' returned '0': CMAKE_PREFIX_PATH=${CMAKE_PREFIX_PATH}:/opt/ros/humble /usr/bin/cmake --build /home/shesha/robot_ws/build/td3 -- -j16 -l16
[0.660s] Invoking command in '/home/shesha/robot_ws/build/td3': CMAKE_PREFIX_PATH=${CMAKE_PREFIX_PATH}:/opt/ros/humble /usr/bin/cmake --install /home/shesha/robot_ws/build/td3
[0.667s] -- Install configuration: ""
[0.667s] -- Execute custom install script
[0.668s] -- Symlinking: /home/shesha/robot_ws/install/td3/share/td3//launch/multi_robot_scenario.launch.py
[0.677s] -- Symlinking: /home/shesha/robot_ws/install/td3/share/td3//launch/pioneer3dx.rviz
[0.687s] -- Symlinking: /home/shesha/robot_ws/install/td3/share/td3//launch/robot_state_publisher.launch.py
[0.696s] -- Symlinking: /home/shesha/robot_ws/install/td3/share/td3//launch/test_simulation.launch.py
[0.705s] -- Symlinking: /home/shesha/robot_ws/install/td3/share/td3//launch/training_simulation.launch.py
[0.715s] -- Symlinking: /home/shesha/robot_ws/install/td3/share/td3//models/td_robot/meshes/laser/hokuyo.dae
[0.726s] -- Symlinking: /home/shesha/robot_ws/install/td3/share/td3//models/td_robot/meshes/p3dx/Coordinates
[0.734s] -- Symlinking: /home/shesha/robot_ws/install/td3/share/td3//models/td_robot/meshes/p3dx/back_rim.stl
[0.744s] -- Symlinking: /home/shesha/robot_ws/install/td3/share/td3//models/td_robot/meshes/p3dx/back_sonar.stl
[0.754s] -- Symlinking: /home/shesha/robot_ws/install/td3/share/td3//models/td_robot/meshes/p3dx/center_hubcap.stl
[0.763s] -- Symlinking: /home/shesha/robot_ws/install/td3/share/td3//models/td_robot/meshes/p3dx/center_wheel.stl
[0.772s] -- Symlinking: /home/shesha/robot_ws/install/td3/share/td3//models/td_robot/meshes/p3dx/chassis.stl
[0.781s] -- Symlinking: /home/shesha/robot_ws/install/td3/share/td3//models/td_robot/meshes/p3dx/front_rim.stl
[0.790s] -- Symlinking: /home/shesha/robot_ws/install/td3/share/td3//models/td_robot/meshes/p3dx/front_sonar.stl
[0.799s] -- Symlinking: /home/shesha/robot_ws/install/td3/share/td3//models/td_robot/meshes/p3dx/left_hubcap.stl
[0.808s] -- Symlinking: /home/shesha/robot_ws/install/td3/share/td3//models/td_robot/meshes/p3dx/left_wheel.stl
[0.817s] -- Symlinking: /home/shesha/robot_ws/install/td3/share/td3//models/td_robot/meshes/p3dx/right_hubcap.stl
[0.826s] -- Symlinking: /home/shesha/robot_ws/install/td3/share/td3//models/td_robot/meshes/p3dx/right_wheel.stl
[0.836s] -- Symlinking: /home/shesha/robot_ws/install/td3/share/td3//models/td_robot/meshes/p3dx/swivel.stl
[0.845s] -- Symlinking: /home/shesha/robot_ws/install/td3/share/td3//models/td_robot/meshes/p3dx/top.stl
[0.854s] -- Symlinking: /home/shesha/robot_ws/install/td3/share/td3//models/td_robot/model.config
[0.863s] -- Symlinking: /home/shesha/robot_ws/install/td3/share/td3//models/td_robot/td_robot.sdf
[0.872s] -- Symlinking: /home/shesha/robot_ws/install/td3/share/td3//models/td_robot/velodyne_description/CHANGELOG.rst
[0.882s] -- Symlinking: /home/shesha/robot_ws/install/td3/share/td3//models/td_robot/velodyne_description/CMakeLists.txt
[0.892s] -- Symlinking: /home/shesha/robot_ws/install/td3/share/td3//models/td_robot/velodyne_description/launch/example-launch.py
[0.900s] -- Symlinking: /home/shesha/robot_ws/install/td3/share/td3//models/td_robot/velodyne_description/meshes/HDL32E_base.dae
[0.909s] -- Symlinking: /home/shesha/robot_ws/install/td3/share/td3//models/td_robot/velodyne_description/meshes/HDL32E_base.stl
[0.918s] -- Symlinking: /home/shesha/robot_ws/install/td3/share/td3//models/td_robot/velodyne_description/meshes/HDL32E_scan.dae
[0.928s] -- Symlinking: /home/shesha/robot_ws/install/td3/share/td3//models/td_robot/velodyne_description/meshes/HDL32E_scan.stl
[0.936s] -- Symlinking: /home/shesha/robot_ws/install/td3/share/td3//models/td_robot/velodyne_description/meshes/VLP16_base_1.dae
[0.946s] -- Symlinking: /home/shesha/robot_ws/install/td3/share/td3//models/td_robot/velodyne_description/meshes/VLP16_base_1.stl
[0.955s] -- Symlinking: /home/shesha/robot_ws/install/td3/share/td3//models/td_robot/velodyne_description/meshes/VLP16_base_2.dae
[0.964s] -- Symlinking: /home/shesha/robot_ws/install/td3/share/td3//models/td_robot/velodyne_description/meshes/VLP16_base_2.stl
[0.974s] -- Symlinking: /home/shesha/robot_ws/install/td3/share/td3//models/td_robot/velodyne_description/meshes/VLP16_scan.dae
[0.982s] -- Symlinking: /home/shesha/robot_ws/install/td3/share/td3//models/td_robot/velodyne_description/meshes/VLP16_scan.stl
[0.992s] -- Symlinking: /home/shesha/robot_ws/install/td3/share/td3//models/td_robot/velodyne_description/models/rs_robot/meshes/DAE/base/base_link.dae
[1.001s] -- Symlinking: /home/shesha/robot_ws/install/td3/share/td3//models/td_robot/velodyne_description/models/rs_robot/meshes/DAE/base/base_linkOLD.dae
[1.010s] -- Symlinking: /home/shesha/robot_ws/install/td3/share/td3//models/td_robot/velodyne_description/models/rs_robot/meshes/DAE/lidar_base/YDlidar_base.dae
[1.019s] -- Symlinking: /home/shesha/robot_ws/install/td3/share/td3//models/td_robot/velodyne_description/models/rs_robot/meshes/DAE/lidar_head/YDlidar_head.dae
[1.029s] -- Symlinking: /home/shesha/robot_ws/install/td3/share/td3//models/td_robot/velodyne_description/models/rs_robot/meshes/DAE/sensors/camera/camera.dae
[1.038s] -- Symlinking: /home/shesha/robot_ws/install/td3/share/td3//models/td_robot/velodyne_description/models/rs_robot/meshes/DAE/sensors/front_lrf/front_lrf.dae
[1.047s] -- Symlinking: /home/shesha/robot_ws/install/td3/share/td3//models/td_robot/velodyne_description/models/rs_robot/meshes/DAE/sensors/front_lrf/lrf_texture.png
[1.055s] -- Symlinking: /home/shesha/robot_ws/install/td3/share/td3//models/td_robot/velodyne_description/models/rs_robot/meshes/DAE/sensors/gim30/gim30.dae
[1.064s] -- Symlinking: /home/shesha/robot_ws/install/td3/share/td3//models/td_robot/velodyne_description/models/rs_robot/meshes/DAE/sensors/gim30/gim30_lrf_texture.png
[1.073s] -- Symlinking: /home/shesha/robot_ws/install/td3/share/td3//models/td_robot/velodyne_description/models/rs_robot/meshes/DAE/sensors/gps/gps.dae
[1.081s] -- Symlinking: /home/shesha/robot_ws/install/td3/share/td3//models/td_robot/velodyne_description/models/rs_robot/meshes/DAE/sensors/gps/gps_texture.png
[1.091s] -- Symlinking: /home/shesha/robot_ws/install/td3/share/td3//models/td_robot/velodyne_description/models/rs_robot/meshes/DAE/sensors/rear_lrf/rear_lrf.dae
[1.100s] -- Symlinking: /home/shesha/robot_ws/install/td3/share/td3//models/td_robot/velodyne_description/models/rs_robot/meshes/DAE/sensors/rear_lrf/urg_texture.png
[1.109s] -- Symlinking: /home/shesha/robot_ws/install/td3/share/td3//models/td_robot/velodyne_description/models/rs_robot/meshes/DAE/suspension/front_left_link.dae
[1.118s] -- Symlinking: /home/shesha/robot_ws/install/td3/share/td3//models/td_robot/velodyne_description/models/rs_robot/meshes/DAE/suspension/front_right_link.dae
[1.127s] -- Symlinking: /home/shesha/robot_ws/install/td3/share/td3//models/td_robot/velodyne_description/models/rs_robot/meshes/DAE/suspension/rear_left_link.dae
[1.136s] -- Symlinking: /home/shesha/robot_ws/install/td3/share/td3//models/td_robot/velodyne_description/models/rs_robot/meshes/DAE/suspension/rear_right_link.dae
[1.145s] -- Symlinking: /home/shesha/robot_ws/install/td3/share/td3//models/td_robot/velodyne_description/models/rs_robot/meshes/DAE/wheel/wheel_link.dae
[1.154s] -- Symlinking: /home/shesha/robot_ws/install/td3/share/td3//models/td_robot/velodyne_description/models/rs_robot/meshes/STL/base/base_link.stl
[1.163s] -- Symlinking: /home/shesha/robot_ws/install/td3/share/td3//models/td_robot/velodyne_description/models/rs_robot/meshes/STL/base/base_link_old.stl
[1.172s] -- Symlinking: /home/shesha/robot_ws/install/td3/share/td3//models/td_robot/velodyne_description/models/rs_robot/meshes/STL/lidar_base/YDlidar_base.stl
[1.181s] -- Symlinking: /home/shesha/robot_ws/install/td3/share/td3//models/td_robot/velodyne_description/models/rs_robot/meshes/STL/lidar_head/YDlidar_head v4.stl
[1.190s] -- Symlinking: /home/shesha/robot_ws/install/td3/share/td3//models/td_robot/velodyne_description/models/rs_robot/meshes/STL/sensors/front_lrf/front_lrf.stl
[1.199s] -- Symlinking: /home/shesha/robot_ws/install/td3/share/td3//models/td_robot/velodyne_description/models/rs_robot/meshes/STL/sensors/gim30/gim30.stl
[1.208s] -- Symlinking: /home/shesha/robot_ws/install/td3/share/td3//models/td_robot/velodyne_description/models/rs_robot/meshes/STL/sensors/gps/gps.stl
[1.217s] -- Symlinking: /home/shesha/robot_ws/install/td3/share/td3//models/td_robot/velodyne_description/models/rs_robot/meshes/STL/sensors/rear_lrf/rear_lrf.stl
[1.226s] -- Symlinking: /home/shesha/robot_ws/install/td3/share/td3//models/td_robot/velodyne_description/models/rs_robot/meshes/STL/suspension/FRONT_LEFT_LINKSTL.stl
[1.235s] -- Symlinking: /home/shesha/robot_ws/install/td3/share/td3//models/td_robot/velodyne_description/models/rs_robot/meshes/STL/suspension/FRONT_RIGHT_LINKSTL.stl
[1.245s] -- Symlinking: /home/shesha/robot_ws/install/td3/share/td3//models/td_robot/velodyne_description/models/rs_robot/meshes/STL/suspension/REAR_LEFT_LINKSTL.stl
[1.253s] -- Symlinking: /home/shesha/robot_ws/install/td3/share/td3//models/td_robot/velodyne_description/models/rs_robot/meshes/STL/suspension/REAR_RIGHT_LINKSTL.stl
[1.263s] -- Symlinking: /home/shesha/robot_ws/install/td3/share/td3//models/td_robot/velodyne_description/models/rs_robot/meshes/STL/suspension/sus_link.stl
[1.272s] -- Symlinking: /home/shesha/robot_ws/install/td3/share/td3//models/td_robot/velodyne_description/models/rs_robot/meshes/STL/wheel/robot_wheel.stl
[1.281s] -- Symlinking: /home/shesha/robot_ws/install/td3/share/td3//models/td_robot/velodyne_description/models/rs_robot/model.config
[1.291s] -- Symlinking: /home/shesha/robot_ws/install/td3/share/td3//models/td_robot/velodyne_description/models/rs_robot/rs_robot.sdf
[1.300s] -- Symlinking: /home/shesha/robot_ws/install/td3/share/td3//models/td_robot/velodyne_description/package.xml
[1.309s] -- Symlinking: /home/shesha/robot_ws/install/td3/share/td3//models/td_robot/velodyne_description/rviz/example.rviz
[1.319s] -- Symlinking: /home/shesha/robot_ws/install/td3/share/td3//models/td_robot/velodyne_description/urdf/HDL-32E.urdf.xacro
[1.328s] -- Symlinking: /home/shesha/robot_ws/install/td3/share/td3//models/td_robot/velodyne_description/urdf/VLP-16.urdf.xacro
[1.337s] -- Symlinking: /home/shesha/robot_ws/install/td3/share/td3//models/td_robot/velodyne_description/urdf/VLP-32C.urdf.xacro
[1.347s] -- Symlinking: /home/shesha/robot_ws/install/td3/share/td3//models/td_robot/velodyne_description/urdf/example.urdf.xacro
[1.355s] -- Symlinking: /home/shesha/robot_ws/install/td3/share/td3//models/td_robot/velodyne_description/world/example.world
[1.365s] -- Symlinking: /home/shesha/robot_ws/install/td3/share/td3//models/td_robot/velodyne_description/world/lio_sam.model
[1.375s] [33mCMake Warning (dev) at ament_cmake_symlink_install/ament_cmake_symlink_install.cmake:62 (file):
[1.375s]   Policy CMP0009 is not set: FILE GLOB_RECURSE calls should not follow
[1.375s]   symlinks by default.  Run "cmake --help-policy CMP0009" for policy details.
[1.375s]   Use the cmake_policy command to set the policy and suppress this warning.
[1.375s] Call Stack (most recent call first):
[1.375s]   ament_cmake_symlink_install/ament_cmake_symlink_install.cmake:314 (ament_cmake_symlink_install_directory)
[1.375s]   cmake_install.cmake:46 (include)
[1.375s] This warning is for project developers.  Use -Wno-dev to suppress it.
[1.375s] [0m
[1.375s] -- Symlinking: /home/shesha/robot_ws/install/td3/share/td3//scripts/__pycache__/point_cloud2.cpython-310.pyc
[1.384s] -- Symlinking: /home/shesha/robot_ws/install/td3/share/td3//scripts/__pycache__/replay_buffer.cpython-310.pyc
[1.394s] -- Symlinking: /home/shesha/robot_ws/install/td3/share/td3//scripts/build/.built_by
[1.402s] -- Symlinking: /home/shesha/robot_ws/install/td3/share/td3//scripts/build/COLCON_IGNORE
[1.411s] -- Symlinking: /home/shesha/robot_ws/install/td3/share/td3//scripts/install/.colcon_install_layout
[1.420s] -- Symlinking: /home/shesha/robot_ws/install/td3/share/td3//scripts/install/COLCON_IGNORE
[1.429s] -- Symlinking: /home/shesha/robot_ws/install/td3/share/td3//scripts/install/_local_setup_util_ps1.py
[1.438s] -- Symlinking: /home/shesha/robot_ws/install/td3/share/td3//scripts/install/_local_setup_util_sh.py
[1.447s] -- Symlinking: /home/shesha/robot_ws/install/td3/share/td3//scripts/install/local_setup.bash
[1.456s] -- Symlinking: /home/shesha/robot_ws/install/td3/share/td3//scripts/install/local_setup.ps1
[1.465s] -- Symlinking: /home/shesha/robot_ws/install/td3/share/td3//scripts/install/local_setup.sh
[1.474s] -- Symlinking: /home/shesha/robot_ws/install/td3/share/td3//scripts/install/local_setup.zsh
[1.483s] -- Symlinking: /home/shesha/robot_ws/install/td3/share/td3//scripts/install/setup.bash
[1.492s] -- Symlinking: /home/shesha/robot_ws/install/td3/share/td3//scripts/install/setup.ps1
[1.501s] -- Symlinking: /home/shesha/robot_ws/install/td3/share/td3//scripts/install/setup.sh
[1.510s] -- Symlinking: /home/shesha/robot_ws/install/td3/share/td3//scripts/install/setup.zsh
[1.520s] -- Symlinking: /home/shesha/robot_ws/install/td3/share/td3//scripts/log/COLCON_IGNORE
[1.529s] -- Symlinking: /home/shesha/robot_ws/install/td3/share/td3//scripts/log/build_2026-02-17_14-30-30/events.log
[1.537s] -- Symlinking: /home/shesha/robot_ws/install/td3/share/td3//scripts/log/build_2026-02-17_14-30-30/logger_all.log
[1.546s] -- Symlinking: /home/shesha/robot_ws/install/td3/share/td3//scripts/log/latest/events.log
[1.556s] -- Symlinking: /home/shesha/robot_ws/install/td3/share/td3//scripts/log/latest/logger_all.log
[1.565s] -- Symlinking: /home/shesha/robot_ws/install/td3/share/td3//scripts/log/latest_build/events.log
[1.574s] -- Symlinking: /home/shesha/robot_ws/install/td3/share/td3//scripts/log/latest_build/logger_all.log
[1.583s] -- Symlinking: /home/shesha/robot_ws/install/td3/share/td3//scripts/point_cloud2.py
[1.592s] -- Symlinking: /home/shesha/robot_ws/install/td3/share/td3//scripts/pytorch_models/td3_velodyne_actor.pth
[1.600s] -- Symlinking: /home/shesha/robot_ws/install/td3/share/td3//scripts/pytorch_models/td3_velodyne_critic.pth
[1.610s] -- Symlinking: /home/shesha/robot_ws/install/td3/share/td3//scripts/replay_buffer.py
[1.618s] -- Symlinking: /home/shesha/robot_ws/install/td3/share/td3//scripts/results/TD3_velodyne.npy
[1.628s] -- Symlinking: /home/shesha/robot_ws/install/td3/share/td3//scripts/runs/events.out.tfevents.1680403580.robotmania-MINIPC-PA90.28181.0
[1.637s] -- Symlinking: /home/shesha/robot_ws/install/td3/share/td3//scripts/runs/events.out.tfevents.1680403642.robotmania-MINIPC-PA90.28717.0
[1.646s] -- Symlinking: /home/shesha/robot_ws/install/td3/share/td3//scripts/test_velodyne_node.py
[1.655s] -- Symlinking: /home/shesha/robot_ws/install/td3/share/td3//scripts/train_velodyne_node.py
[1.664s] -- Symlinking: /home/shesha/robot_ws/install/td3/share/td3//urdf/meshes/laser/hokuyo.dae
[1.673s] -- Symlinking: /home/shesha/robot_ws/install/td3/share/td3//urdf/meshes/p3dx/Coordinates
[1.682s] -- Symlinking: /home/shesha/robot_ws/install/td3/share/td3//urdf/meshes/p3dx/back_rim.stl
[1.691s] -- Symlinking: /home/shesha/robot_ws/install/td3/share/td3//urdf/meshes/p3dx/back_sonar.stl
[1.700s] -- Symlinking: /home/shesha/robot_ws/install/td3/share/td3//urdf/meshes/p3dx/center_hubcap.stl
[1.709s] -- Symlinking: /home/shesha/robot_ws/install/td3/share/td3//urdf/meshes/p3dx/center_wheel.stl
[1.718s] -- Symlinking: /home/shesha/robot_ws/install/td3/share/td3//urdf/meshes/p3dx/chassis.stl
[1.727s] -- Symlinking: /home/shesha/robot_ws/install/td3/share/td3//urdf/meshes/p3dx/front_rim.stl
[1.736s] -- Symlinking: /home/shesha/robot_ws/install/td3/share/td3//urdf/meshes/p3dx/front_sonar.stl
[1.745s] -- Symlinking: /home/shesha/robot_ws/install/td3/share/td3//urdf/meshes/p3dx/left_hubcap.stl
[1.755s] -- Symlinking: /home/shesha/robot_ws/install/td3/share/td3//urdf/meshes/p3dx/left_wheel.stl
[1.764s] -- Symlinking: /home/shesha/robot_ws/install/td3/share/td3//urdf/meshes/p3dx/right_hubcap.stl
[1.774s] -- Symlinking: /home/shesha/robot_ws/install/td3/share/td3//urdf/meshes/p3dx/right_wheel.stl
[1.783s] -- Symlinking: /home/shesha/robot_ws/install/td3/share/td3//urdf/meshes/p3dx/swivel.stl
[1.792s] -- Symlinking: /home/shesha/robot_ws/install/td3/share/td3//urdf/meshes/p3dx/top.stl
[1.800s] -- Symlinking: /home/shesha/robot_ws/install/td3/share/td3//urdf/td_robot.urdf
[1.810s] -- Symlinking: /home/shesha/robot_ws/install/td3/share/td3//worlds/td3.world
[1.819s] -- Symlinking: /home/shesha/robot_ws/install/td3/lib/td3/replay_buffer.py
[1.828s] -- Symlinking: /home/shesha/robot_ws/install/td3/lib/td3/test_velodyne_node.py
[1.837s] -- Symlinking: /home/shesha/robot_ws/install/td3/lib/td3/train_velodyne_node.py
[1.846s] -- Symlinking: /home/shesha/robot_ws/install/td3/lib/td3/point_cloud2.py
[1.857s] -- Up-to-date symlink: /home/shesha/robot_ws/install/td3/share/td3/launch/multi_robot_scenario.launch.py
[1.857s] -- Up-to-date symlink: /home/shesha/robot_ws/install/td3/share/td3/launch/pioneer3dx.rviz
[1.857s] -- Up-to-date symlink: /home/shesha/robot_ws/install/td3/share/td3/launch/robot_state_publisher.launch.py
[1.857s] -- Up-to-date symlink: /home/shesha/robot_ws/install/td3/share/td3/launch/test_simulation.launch.py
[1.857s] -- Up-to-date symlink: /home/shesha/robot_ws/install/td3/share/td3/launch/training_simulation.launch.py
[1.858s] -- Up-to-date symlink: /home/shesha/robot_ws/install/td3/share/td3/models/td_robot/meshes/laser/hokuyo.dae
[1.858s] -- Up-to-date symlink: /home/shesha/robot_ws/install/td3/share/td3/models/td_robot/meshes/p3dx/Coordinates
[1.858s] -- Up-to-date symlink: /home/shesha/robot_ws/install/td3/share/td3/models/td_robot/meshes/p3dx/back_rim.stl
[1.858s] -- Up-to-date symlink: /home/shesha/robot_ws/install/td3/share/td3/models/td_robot/meshes/p3dx/back_sonar.stl
[1.858s] -- Up-to-date symlink: /home/shesha/robot_ws/install/td3/share/td3/models/td_robot/meshes/p3dx/center_hubcap.stl
[1.859s] -- Up-to-date symlink: /home/shesha/robot_ws/install/td3/share/td3/models/td_robot/meshes/p3dx/center_wheel.stl
[1.859s] -- Up-to-date symlink: /home/shesha/robot_ws/install/td3/share/td3/models/td_robot/meshes/p3dx/chassis.stl
[1.859s] -- Up-to-date symlink: /home/shesha/robot_ws/install/td3/share/td3/models/td_robot/meshes/p3dx/front_rim.stl
[1.859s] -- Up-to-date symlink: /home/shesha/robot_ws/install/td3/share/td3/models/td_robot/meshes/p3dx/front_sonar.stl
[1.859s] -- Up-to-date symlink: /home/shesha/robot_ws/install/td3/share/td3/models/td_robot/meshes/p3dx/left_hubcap.stl
[1.859s] -- Up-to-date symlink: /home/shesha/robot_ws/install/td3/share/td3/models/td_robot/meshes/p3dx/left_wheel.stl
[1.859s] -- Up-to-date symlink: /home/shesha/robot_ws/install/td3/share/td3/models/td_robot/meshes/p3dx/right_hubcap.stl
[1.859s] -- Up-to-date symlink: /home/shesha/robot_ws/install/td3/share/td3/models/td_robot/meshes/p3dx/right_wheel.stl
[1.859s] -- Up-to-date symlink: /home/shesha/robot_ws/install/td3/share/td3/models/td_robot/meshes/p3dx/swivel.stl
[1.859s] -- Up-to-date symlink: /home/shesha/robot_ws/install/td3/share/td3/models/td_robot/meshes/p3dx/top.stl
[1.860s] -- Up-to-date symlink: /home/shesha/robot_ws/install/td3/share/td3/models/td_robot/model.config
[1.860s] -- Up-to-date symlink: /home/shesha/robot_ws/install/td3/share/td3/models/td_robot/td_robot.sdf
[1.860s] -- Up-to-date symlink: /home/shesha/robot_ws/install/td3/share/td3/models/td_robot/velodyne_description/CHANGELOG.rst
[1.860s] -- Up-to-date symlink: /home/shesha/robot_ws/install/td3/share/td3/models/td_robot/velodyne_description/CMakeLists.txt
[1.860s] -- Up-to-date symlink: /home/shesha/robot_ws/install/td3/share/td3/models/td_robot/velodyne_description/launch/example-launch.py
[1.860s] -- Up-to-date symlink: /home/shesha/robot_ws/install/td3/share/td3/models/td_robot/velodyne_description/meshes/HDL32E_base.dae
[1.860s] -- Up-to-date symlink: /home/shesha/robot_ws/install/td3/share/td3/models/td_robot/velodyne_description/meshes/HDL32E_base.stl
[1.860s] -- Up-to-date symlink: /home/shesha/robot_ws/install/td3/share/td3/models/td_robot/velodyne_description/meshes/HDL32E_scan.dae
[1.860s] -- Up-to-date symlink: /home/shesha/robot_ws/install/td3/share/td3/models/td_robot/velodyne_description/meshes/HDL32E_scan.stl
[1.860s] -- Up-to-date symlink: /home/shesha/robot_ws/install/td3/share/td3/models/td_robot/velodyne_description/meshes/VLP16_base_1.dae
[1.861s] -- Up-to-date symlink: /home/shesha/robot_ws/install/td3/share/td3/models/td_robot/velodyne_description/meshes/VLP16_base_1.stl
[1.861s] -- Up-to-date symlink: /home/shesha/robot_ws/install/td3/share/td3/models/td_robot/velodyne_description/meshes/VLP16_base_2.dae
[1.861s] -- Up-to-date symlink: /home/shesha/robot_ws/install/td3/share/td3/models/td_robot/velodyne_description/meshes/VLP16_base_2.stl
[1.861s] -- Up-to-date symlink: /home/shesha/robot_ws/install/td3/share/td3/models/td_robot/velodyne_description/meshes/VLP16_scan.dae
[1.861s] -- Up-to-date symlink: /home/shesha/robot_ws/install/td3/share/td3/models/td_robot/velodyne_description/meshes/VLP16_scan.stl
[1.861s] -- Up-to-date symlink: /home/shesha/robot_ws/install/td3/share/td3/models/td_robot/velodyne_description/models/rs_robot/meshes/DAE/base/base_link.dae
[1.861s] -- Up-to-date symlink: /home/shesha/robot_ws/install/td3/share/td3/models/td_robot/velodyne_description/models/rs_robot/meshes/DAE/base/base_linkOLD.dae
[1.861s] -- Up-to-date symlink: /home/shesha/robot_ws/install/td3/share/td3/models/td_robot/velodyne_description/models/rs_robot/meshes/DAE/lidar_base/YDlidar_base.dae
[1.862s] -- Up-to-date symlink: /home/shesha/robot_ws/install/td3/share/td3/models/td_robot/velodyne_description/models/rs_robot/meshes/DAE/lidar_head/YDlidar_head.dae
[1.862s] -- Up-to-date symlink: /home/shesha/robot_ws/install/td3/share/td3/models/td_robot/velodyne_description/models/rs_robot/meshes/DAE/sensors/camera/camera.dae
[1.862s] -- Up-to-date symlink: /home/shesha/robot_ws/install/td3/share/td3/models/td_robot/velodyne_description/models/rs_robot/meshes/DAE/sensors/front_lrf/front_lrf.dae
[1.862s] -- Up-to-date symlink: /home/shesha/robot_ws/install/td3/share/td3/models/td_robot/velodyne_description/models/rs_robot/meshes/DAE/sensors/front_lrf/lrf_texture.png
[1.862s] -- Up-to-date symlink: /home/shesha/robot_ws/install/td3/share/td3/models/td_robot/velodyne_description/models/rs_robot/meshes/DAE/sensors/gim30/gim30.dae
[1.862s] -- Up-to-date symlink: /home/shesha/robot_ws/install/td3/share/td3/models/td_robot/velodyne_description/models/rs_robot/meshes/DAE/sensors/gim30/gim30_lrf_texture.png
[1.862s] -- Up-to-date symlink: /home/shesha/robot_ws/install/td3/share/td3/models/td_robot/velodyne_description/models/rs_robot/meshes/DAE/sensors/gps/gps.dae
[1.862s] -- Up-to-date symlink: /home/shesha/robot_ws/install/td3/share/td3/models/td_robot/velodyne_description/models/rs_robot/meshes/DAE/sensors/gps/gps_texture.png
[1.863s] -- Up-to-date symlink: /home/shesha/robot_ws/install/td3/share/td3/models/td_robot/velodyne_description/models/rs_robot/meshes/DAE/sensors/rear_lrf/rear_lrf.dae
[1.863s] -- Up-to-date symlink: /home/shesha/robot_ws/install/td3/share/td3/models/td_robot/velodyne_description/models/rs_robot/meshes/DAE/sensors/rear_lrf/urg_texture.png
[1.863s] -- Up-to-date symlink: /home/shesha/robot_ws/install/td3/share/td3/models/td_robot/velodyne_description/models/rs_robot/meshes/DAE/suspension/front_left_link.dae
[1.863s] -- Up-to-date symlink: /home/shesha/robot_ws/install/td3/share/td3/models/td_robot/velodyne_description/models/rs_robot/meshes/DAE/suspension/front_right_link.dae
[1.863s] -- Up-to-date symlink: /home/shesha/robot_ws/install/td3/share/td3/models/td_robot/velodyne_description/models/rs_robot/meshes/DAE/suspension/rear_left_link.dae
[1.863s] -- Up-to-date symlink: /home/shesha/robot_ws/install/td3/share/td3/models/td_robot/velodyne_description/models/rs_robot/meshes/DAE/suspension/rear_right_link.dae
[1.863s] -- Up-to-date symlink: /home/shesha/robot_ws/install/td3/share/td3/models/td_robot/velodyne_description/models/rs_robot/meshes/DAE/wheel/wheel_link.dae
[1.864s] -- Up-to-date symlink: /home/shesha/robot_ws/install/td3/share/td3/models/td_robot/velodyne_description/models/rs_robot/meshes/STL/base/base_link.stl
[1.864s] -- Up-to-date symlink: /home/shesha/robot_ws/install/td3/share/td3/models/td_robot/velodyne_description/models/rs_robot/meshes/STL/base/base_link_old.stl
[1.864s] -- Up-to-date symlink: /home/shesha/robot_ws/install/td3/share/td3/models/td_robot/velodyne_description/models/rs_robot/meshes/STL/lidar_base/YDlidar_base.stl
[1.864s] -- Up-to-date symlink: /home/shesha/robot_ws/install/td3/share/td3/models/td_robot/velodyne_description/models/rs_robot/meshes/STL/lidar_head/YDlidar_head v4.stl
[1.864s] -- Up-to-date symlink: /home/shesha/robot_ws/install/td3/share/td3/models/td_robot/velodyne_description/models/rs_robot/meshes/STL/sensors/front_lrf/front_lrf.stl
[1.864s] -- Up-to-date symlink: /home/shesha/robot_ws/install/td3/share/td3/models/td_robot/velodyne_description/models/rs_robot/meshes/STL/sensors/gim30/gim30.stl
[1.864s] -- Up-to-date symlink: /home/shesha/robot_ws/install/td3/share/td3/models/td_robot/velodyne_description/models/rs_robot/meshes/STL/sensors/gps/gps.stl
[1.864s] -- Up-to-date symlink: /home/shesha/robot_ws/install/td3/share/td3/models/td_robot/velodyne_description/models/rs_robot/meshes/STL/sensors/rear_lrf/rear_lrf.stl
[1.865s] -- Up-to-date symlink: /home/shesha/robot_ws/install/td3/share/td3/models/td_robot/velodyne_description/models/rs_robot/meshes/STL/suspension/FRONT_LEFT_LINKSTL.stl
[1.865s] -- Up-to-date symlink: /home/shesha/robot_ws/install/td3/share/td3/models/td_robot/velodyne_description/models/rs_robot/meshes/STL/suspension/FRONT_RIGHT_LINKSTL.stl
[1.865s] -- Up-to-date symlink: /home/shesha/robot_ws/install/td3/share/td3/models/td_robot/velodyne_description/models/rs_robot/meshes/STL/suspension/REAR_LEFT_LINKSTL.stl
[1.865s] -- Up-to-date symlink: /home/shesha/robot_ws/install/td3/share/td3/models/td_robot/velodyne_description/models/rs_robot/meshes/STL/suspension/REAR_RIGHT_LINKSTL.stl
[1.865s] -- Up-to-date symlink: /home/shesha/robot_ws/install/td3/share/td3/models/td_robot/velodyne_description/models/rs_robot/meshes/STL/suspension/sus_link.stl
[1.865s] -- Up-to-date symlink: /home/shesha/robot_ws/install/td3/share/td3/models/td_robot/velodyne_description/models/rs_robot/meshes/STL/wheel/robot_wheel.stl
[1.865s] -- Up-to-date symlink: /home/shesha/robot_ws/install/td3/share/td3/models/td_robot/velodyne_description/models/rs_robot/model.config
[1.865s] -- Up-to-date symlink: /home/shesha/robot_ws/install/td3/share/td3/models/td_robot/velodyne_description/models/rs_robot/rs_robot.sdf
[1.866s] -- Up-to-date symlink: /home/shesha/robot_ws/install/td3/share/td3/models/td_robot/velodyne_description/package.xml
[1.866s] -- Up-to-date symlink: /home/shesha/robot_ws/install/td3/share/td3/models/td_robot/velodyne_description/rviz/example.rviz
[1.866s] -- Up-to-date symlink: /home/shesha/robot_ws/install/td3/share/td3/models/td_robot/velodyne_description/urdf/HDL-32E.urdf.xacro
[1.866s] -- Up-to-date symlink: /home/shesha/robot_ws/install/td3/share/td3/models/td_robot/velodyne_description/urdf/VLP-16.urdf.xacro
[1.866s] -- Up-to-date symlink: /home/shesha/robot_ws/install/td3/share/td3/models/td_robot/velodyne_description/urdf/VLP-32C.urdf.xacro
[1.866s] -- Up-to-date symlink: /home/shesha/robot_ws/install/td3/share/td3/models/td_robot/velodyne_description/urdf/example.urdf.xacro
[1.866s] -- Up-to-date symlink: /home/shesha/robot_ws/install/td3/share/td3/models/td_robot/velodyne_description/world/example.world
[1.866s] -- Up-to-date symlink: /home/shesha/robot_ws/install/td3/share/td3/models/td_robot/velodyne_description/world/lio_sam.model
[1.867s] -- Up-to-date symlink: /home/shesha/robot_ws/install/td3/share/td3/urdf/meshes/laser/hokuyo.dae
[1.867s] -- Up-to-date symlink: /home/shesha/robot_ws/install/td3/share/td3/urdf/meshes/p3dx/Coordinates
[1.867s] -- Up-to-date symlink: /home/shesha/robot_ws/install/td3/share/td3/urdf/meshes/p3dx/back_rim.stl
[1.867s] -- Up-to-date symlink: /home/shesha/robot_ws/install/td3/share/td3/urdf/meshes/p3dx/back_sonar.stl
[1.867s] -- Up-to-date symlink: /home/shesha/robot_ws/install/td3/share/td3/urdf/meshes/p3dx/center_hubcap.stl
[1.867s] -- Up-to-date symlink: /home/shesha/robot_ws/install/td3/share/td3/urdf/meshes/p3dx/center_wheel.stl
[1.867s] -- Up-to-date symlink: /home/shesha/robot_ws/install/td3/share/td3/urdf/meshes/p3dx/chassis.stl
[1.867s] -- Up-to-date symlink: /home/shesha/robot_ws/install/td3/share/td3/urdf/meshes/p3dx/front_rim.stl
[1.867s] -- Up-to-date symlink: /home/shesha/robot_ws/install/td3/share/td3/urdf/meshes/p3dx/front_sonar.stl
[1.868s] -- Up-to-date symlink: /home/shesha/robot_ws/install/td3/share/td3/urdf/meshes/p3dx/left_hubcap.stl
[1.868s] -- Up-to-date symlink: /home/shesha/robot_ws/install/td3/share/td3/urdf/meshes/p3dx/left_wheel.stl
[1.868s] -- Up-to-date symlink: /home/shesha/robot_ws/install/td3/share/td3/urdf/meshes/p3dx/right_hubcap.stl
[1.868s] -- Up-to-date symlink: /home/shesha/robot_ws/install/td3/share/td3/urdf/meshes/p3dx/right_wheel.stl
[1.868s] -- Up-to-date symlink: /home/shesha/robot_ws/install/td3/share/td3/urdf/meshes/p3dx/swivel.stl
[1.868s] -- Up-to-date symlink: /home/shesha/robot_ws/install/td3/share/td3/urdf/meshes/p3dx/top.stl
[1.868s] -- Up-to-date symlink: /home/shesha/robot_ws/install/td3/share/td3/urdf/td_robot.urdf
[1.868s] -- Up-to-date symlink: /home/shesha/robot_ws/install/td3/share/td3/worlds/td3.world
[1.868s] -- Symlinking: /home/shesha/robot_ws/install/td3/share/ament_index/resource_index/package_run_dependencies/td3
[1.878s] -- Symlinking: /home/shesha/robot_ws/install/td3/share/ament_index/resource_index/parent_prefix_path/td3
[1.887s] -- Symlinking: /home/shesha/robot_ws/install/td3/share/td3/environment/ament_prefix_path.sh
[1.896s] -- Symlinking: /home/shesha/robot_ws/install/td3/share/td3/environment/ament_prefix_path.dsv
[1.906s] -- Symlinking: /home/shesha/robot_ws/install/td3/share/td3/environment/path.sh
[1.914s] -- Symlinking: /home/shesha/robot_ws/install/td3/share/td3/environment/path.dsv
[1.924s] -- Symlinking: /home/shesha/robot_ws/install/td3/share/td3/local_setup.bash
[1.933s] -- Symlinking: /home/shesha/robot_ws/install/td3/share/td3/local_setup.sh
[1.943s] -- Symlinking: /home/shesha/robot_ws/install/td3/share/td3/local_setup.zsh
[1.953s] -- Symlinking: /home/shesha/robot_ws/install/td3/share/td3/local_setup.dsv
[1.961s] -- Symlinking: /home/shesha/robot_ws/install/td3/share/td3/package.dsv
[1.971s] -- Symlinking: /home/shesha/robot_ws/install/td3/share/ament_index/resource_index/packages/td3
[1.980s] -- Symlinking: /home/shesha/robot_ws/install/td3/share/td3/cmake/td3Config.cmake
[1.989s] -- Symlinking: /home/shesha/robot_ws/install/td3/share/td3/cmake/td3Config-version.cmake
[1.999s] -- Symlinking: /home/shesha/robot_ws/install/td3/share/td3/package.xml
[2.010s] Invoked command in '/home/shesha/robot_ws/build/td3' returned '0': CMAKE_PREFIX_PATH=${CMAKE_PREFIX_PATH}:/opt/ros/humble /usr/bin/cmake --install /home/shesha/robot_ws/build/td3
