[0.010s] Invoking command in '/home/shesha/robot_ws/build/td3': CMAKE_PREFIX_PATH=${CMAKE_PREFIX_PATH}:/opt/ros/humble /usr/bin/cmake /home/shesha/robot_ws/src/td3 -DAMENT_CMAKE_SYMLINK_INSTALL=1 -DCMAKE_INSTALL_PREFIX=/home/shesha/robot_ws/install/td3
[0.062s] -- The C compiler identification is GNU 11.4.0
[0.113s] -- The CXX compiler identification is GNU 11.4.0
[0.120s] -- Detecting C compiler ABI info
[0.194s] -- Detecting C compiler ABI info - done
[0.200s] -- Check for working C compiler: /usr/bin/cc - skipped
[0.201s] -- Detecting C compile features
[0.201s] -- Detecting C compile features - done
[0.203s] -- Detecting CXX compiler ABI info
[0.282s] -- Detecting CXX compiler ABI info - done
[0.289s] -- Check for working CXX compiler: /usr/bin/c++ - skipped
[0.289s] -- Detecting CXX compile features
[0.289s] -- Detecting CXX compile features - done
[0.291s] -- Found ament_cmake: 1.3.12 (/opt/ros/humble/share/ament_cmake/cmake)
[0.423s] -- Found Python3: /usr/bin/python3 (found version "3.10.12") found components: Interpreter 
[0.476s] -- Override CMake install command with custom implementation using symlinks instead of copying resources
[0.499s] -- Found ament_lint_auto: 0.12.14 (/opt/ros/humble/share/ament_lint_auto/cmake)
[0.567s] -- Added test 'copyright' to check source files copyright and LICENSE
[0.588s] -- Added test 'flake8' to check Python code syntax and style conventions
[0.591s] -- Added test 'lint_cmake' to check CMake code style
[0.593s] -- Added test 'pep257' to check Python code against some of the docstring style conventions in PEP 257
[0.604s] -- Added test 'xmllint' to check XML markup files
[0.605s] -- Configuring done
[0.608s] -- Generating done
[0.609s] -- Build files have been written to: /home/shesha/robot_ws/build/td3
[0.614s] Invoked command in '/home/shesha/robot_ws/build/td3' returned '0': CMAKE_PREFIX_PATH=${CMAKE_PREFIX_PATH}:/opt/ros/humble /usr/bin/cmake /home/shesha/robot_ws/src/td3 -DAMENT_CMAKE_SYMLINK_INSTALL=1 -DCMAKE_INSTALL_PREFIX=/home/shesha/robot_ws/install/td3
[0.616s] Invoking command in '/home/shesha/robot_ws/build/td3': CMAKE_PREFIX_PATH=${CMAKE_PREFIX_PATH}:/opt/ros/humble /usr/bin/cmake --build /home/shesha/robot_ws/build/td3 -- -j16 -l16
[0.654s] Invoked command in '/home/shesha/robot_ws/build/td3' returned '0': CMAKE_PREFIX_PATH=${CMAKE_PREFIX_PATH}:/opt/ros/humble /usr/bin/cmake --build /home/shesha/robot_ws/build/td3 -- -j16 -l16
[0.664s] Invoking command in '/home/shesha/robot_ws/build/td3': CMAKE_PREFIX_PATH=${CMAKE_PREFIX_PATH}:/opt/ros/humble /usr/bin/cmake --install /home/shesha/robot_ws/build/td3
[0.671s] -- Install configuration: ""
[0.671s] -- Execute custom install script
[0.671s] -- Symlinking: /home/shesha/robot_ws/install/td3/share/td3//launch/multi_robot_scenario.launch.py
[0.681s] -- Symlinking: /home/shesha/robot_ws/install/td3/share/td3//launch/pioneer3dx.rviz
[0.690s] -- Symlinking: /home/shesha/robot_ws/install/td3/share/td3//launch/robot_state_publisher.launch.py
[0.699s] -- Symlinking: /home/shesha/robot_ws/install/td3/share/td3//launch/test_simulation.launch.py
[0.709s] -- Symlinking: /home/shesha/robot_ws/install/td3/share/td3//launch/training_simulation.launch.py
[0.719s] -- Symlinking: /home/shesha/robot_ws/install/td3/share/td3//models/td_robot/meshes/laser/hokuyo.dae
[0.729s] -- Symlinking: /home/shesha/robot_ws/install/td3/share/td3//models/td_robot/meshes/p3dx/Coordinates
[0.739s] -- Symlinking: /home/shesha/robot_ws/install/td3/share/td3//models/td_robot/meshes/p3dx/back_rim.stl
[0.748s] -- Symlinking: /home/shesha/robot_ws/install/td3/share/td3//models/td_robot/meshes/p3dx/back_sonar.stl
[0.757s] -- Symlinking: /home/shesha/robot_ws/install/td3/share/td3//models/td_robot/meshes/p3dx/center_hubcap.stl
[0.766s] -- Symlinking: /home/shesha/robot_ws/install/td3/share/td3//models/td_robot/meshes/p3dx/center_wheel.stl
[0.775s] -- Symlinking: /home/shesha/robot_ws/install/td3/share/td3//models/td_robot/meshes/p3dx/chassis.stl
[0.784s] -- Symlinking: /home/shesha/robot_ws/install/td3/share/td3//models/td_robot/meshes/p3dx/front_rim.stl
[0.794s] -- Symlinking: /home/shesha/robot_ws/install/td3/share/td3//models/td_robot/meshes/p3dx/front_sonar.stl
[0.804s] -- Symlinking: /home/shesha/robot_ws/install/td3/share/td3//models/td_robot/meshes/p3dx/left_hubcap.stl
[0.814s] -- Symlinking: /home/shesha/robot_ws/install/td3/share/td3//models/td_robot/meshes/p3dx/left_wheel.stl
[0.823s] -- Symlinking: /home/shesha/robot_ws/install/td3/share/td3//models/td_robot/meshes/p3dx/right_hubcap.stl
[0.832s] -- Symlinking: /home/shesha/robot_ws/install/td3/share/td3//models/td_robot/meshes/p3dx/right_wheel.stl
[0.841s] -- Symlinking: /home/shesha/robot_ws/install/td3/share/td3//models/td_robot/meshes/p3dx/swivel.stl
[0.850s] -- Symlinking: /home/shesha/robot_ws/install/td3/share/td3//models/td_robot/meshes/p3dx/top.stl
[0.859s] -- Symlinking: /home/shesha/robot_ws/install/td3/share/td3//models/td_robot/model.config
[0.869s] -- Symlinking: /home/shesha/robot_ws/install/td3/share/td3//models/td_robot/td_robot.sdf
[0.879s] -- Symlinking: /home/shesha/robot_ws/install/td3/share/td3//models/td_robot/velodyne_description/CHANGELOG.rst
[0.889s] -- Symlinking: /home/shesha/robot_ws/install/td3/share/td3//models/td_robot/velodyne_description/CMakeLists.txt
[0.898s] -- Symlinking: /home/shesha/robot_ws/install/td3/share/td3//models/td_robot/velodyne_description/launch/example-launch.py
[0.907s] -- Symlinking: /home/shesha/robot_ws/install/td3/share/td3//models/td_robot/velodyne_description/meshes/HDL32E_base.dae
[0.916s] -- Symlinking: /home/shesha/robot_ws/install/td3/share/td3//models/td_robot/velodyne_description/meshes/HDL32E_base.stl
[0.925s] -- Symlinking: /home/shesha/robot_ws/install/td3/share/td3//models/td_robot/velodyne_description/meshes/HDL32E_scan.dae
[0.935s] -- Symlinking: /home/shesha/robot_ws/install/td3/share/td3//models/td_robot/velodyne_description/meshes/HDL32E_scan.stl
[0.944s] -- Symlinking: /home/shesha/robot_ws/install/td3/share/td3//models/td_robot/velodyne_description/meshes/VLP16_base_1.dae
[0.953s] -- Symlinking: /home/shesha/robot_ws/install/td3/share/td3//models/td_robot/velodyne_description/meshes/VLP16_base_1.stl
[0.963s] -- Symlinking: /home/shesha/robot_ws/install/td3/share/td3//models/td_robot/velodyne_description/meshes/VLP16_base_2.dae
[0.972s] -- Symlinking: /home/shesha/robot_ws/install/td3/share/td3//models/td_robot/velodyne_description/meshes/VLP16_base_2.stl
[0.982s] -- Symlinking: /home/shesha/robot_ws/install/td3/share/td3//models/td_robot/velodyne_description/meshes/VLP16_scan.dae
[0.992s] -- Symlinking: /home/shesha/robot_ws/install/td3/share/td3//models/td_robot/velodyne_description/meshes/VLP16_scan.stl
[1.001s] -- Symlinking: /home/shesha/robot_ws/install/td3/share/td3//models/td_robot/velodyne_description/models/rs_robot/meshes/DAE/base/base_link.dae
[1.011s] -- Symlinking: /home/shesha/robot_ws/install/td3/share/td3//models/td_robot/velodyne_description/models/rs_robot/meshes/DAE/base/base_linkOLD.dae
[1.020s] -- Symlinking: /home/shesha/robot_ws/install/td3/share/td3//models/td_robot/velodyne_description/models/rs_robot/meshes/DAE/lidar_base/YDlidar_base.dae
[1.029s] -- Symlinking: /home/shesha/robot_ws/install/td3/share/td3//models/td_robot/velodyne_description/models/rs_robot/meshes/DAE/lidar_head/YDlidar_head.dae
[1.039s] -- Symlinking: /home/shesha/robot_ws/install/td3/share/td3//models/td_robot/velodyne_description/models/rs_robot/meshes/DAE/sensors/camera/camera.dae
[1.048s] -- Symlinking: /home/shesha/robot_ws/install/td3/share/td3//models/td_robot/velodyne_description/models/rs_robot/meshes/DAE/sensors/front_lrf/front_lrf.dae
[1.057s] -- Symlinking: /home/shesha/robot_ws/install/td3/share/td3//models/td_robot/velodyne_description/models/rs_robot/meshes/DAE/sensors/front_lrf/lrf_texture.png
[1.066s] -- Symlinking: /home/shesha/robot_ws/install/td3/share/td3//models/td_robot/velodyne_description/models/rs_robot/meshes/DAE/sensors/gim30/gim30.dae
[1.076s] -- Symlinking: /home/shesha/robot_ws/install/td3/share/td3//models/td_robot/velodyne_description/models/rs_robot/meshes/DAE/sensors/gim30/gim30_lrf_texture.png
[1.086s] -- Symlinking: /home/shesha/robot_ws/install/td3/share/td3//models/td_robot/velodyne_description/models/rs_robot/meshes/DAE/sensors/gps/gps.dae
[1.095s] -- Symlinking: /home/shesha/robot_ws/install/td3/share/td3//models/td_robot/velodyne_description/models/rs_robot/meshes/DAE/sensors/gps/gps_texture.png
[1.104s] -- Symlinking: /home/shesha/robot_ws/install/td3/share/td3//models/td_robot/velodyne_description/models/rs_robot/meshes/DAE/sensors/rear_lrf/rear_lrf.dae
[1.113s] -- Symlinking: /home/shesha/robot_ws/install/td3/share/td3//models/td_robot/velodyne_description/models/rs_robot/meshes/DAE/sensors/rear_lrf/urg_texture.png
[1.123s] -- Symlinking: /home/shesha/robot_ws/install/td3/share/td3//models/td_robot/velodyne_description/models/rs_robot/meshes/DAE/suspension/front_left_link.dae
[1.133s] -- Symlinking: /home/shesha/robot_ws/install/td3/share/td3//models/td_robot/velodyne_description/models/rs_robot/meshes/DAE/suspension/front_right_link.dae
[1.142s] -- Symlinking: /home/shesha/robot_ws/install/td3/share/td3//models/td_robot/velodyne_description/models/rs_robot/meshes/DAE/suspension/rear_left_link.dae
[1.152s] -- Symlinking: /home/shesha/robot_ws/install/td3/share/td3//models/td_robot/velodyne_description/models/rs_robot/meshes/DAE/suspension/rear_right_link.dae
[1.161s] -- Symlinking: /home/shesha/robot_ws/install/td3/share/td3//models/td_robot/velodyne_description/models/rs_robot/meshes/DAE/wheel/wheel_link.dae
[1.171s] -- Symlinking: /home/shesha/robot_ws/install/td3/share/td3//models/td_robot/velodyne_description/models/rs_robot/meshes/STL/base/base_link.stl
[1.180s] -- Symlinking: /home/shesha/robot_ws/install/td3/share/td3//models/td_robot/velodyne_description/models/rs_robot/meshes/STL/base/base_link_old.stl
[1.191s] -- Symlinking: /home/shesha/robot_ws/install/td3/share/td3//models/td_robot/velodyne_description/models/rs_robot/meshes/STL/lidar_base/YDlidar_base.stl
[1.201s] -- Symlinking: /home/shesha/robot_ws/install/td3/share/td3//models/td_robot/velodyne_description/models/rs_robot/meshes/STL/lidar_head/YDlidar_head v4.stl
[1.210s] -- Symlinking: /home/shesha/robot_ws/install/td3/share/td3//models/td_robot/velodyne_description/models/rs_robot/meshes/STL/sensors/front_lrf/front_lrf.stl
[1.219s] -- Symlinking: /home/shesha/robot_ws/install/td3/share/td3//models/td_robot/velodyne_description/models/rs_robot/meshes/STL/sensors/gim30/gim30.stl
[1.229s] -- Symlinking: /home/shesha/robot_ws/install/td3/share/td3//models/td_robot/velodyne_description/models/rs_robot/meshes/STL/sensors/gps/gps.stl
[1.238s] -- Symlinking: /home/shesha/robot_ws/install/td3/share/td3//models/td_robot/velodyne_description/models/rs_robot/meshes/STL/sensors/rear_lrf/rear_lrf.stl
[1.247s] -- Symlinking: /home/shesha/robot_ws/install/td3/share/td3//models/td_robot/velodyne_description/models/rs_robot/meshes/STL/suspension/FRONT_LEFT_LINKSTL.stl
[1.257s] -- Symlinking: /home/shesha/robot_ws/install/td3/share/td3//models/td_robot/velodyne_description/models/rs_robot/meshes/STL/suspension/FRONT_RIGHT_LINKSTL.stl
[1.265s] -- Symlinking: /home/shesha/robot_ws/install/td3/share/td3//models/td_robot/velodyne_description/models/rs_robot/meshes/STL/suspension/REAR_LEFT_LINKSTL.stl
[1.275s] -- Symlinking: /home/shesha/robot_ws/install/td3/share/td3//models/td_robot/velodyne_description/models/rs_robot/meshes/STL/suspension/REAR_RIGHT_LINKSTL.stl
[1.284s] -- Symlinking: /home/shesha/robot_ws/install/td3/share/td3//models/td_robot/velodyne_description/models/rs_robot/meshes/STL/suspension/sus_link.stl
[1.294s] -- Symlinking: /home/shesha/robot_ws/install/td3/share/td3//models/td_robot/velodyne_description/models/rs_robot/meshes/STL/wheel/robot_wheel.stl
[1.303s] -- Symlinking: /home/shesha/robot_ws/install/td3/share/td3//models/td_robot/velodyne_description/models/rs_robot/model.config
[1.313s] -- Symlinking: /home/shesha/robot_ws/install/td3/share/td3//models/td_robot/velodyne_description/models/rs_robot/rs_robot.sdf
[1.322s] -- Symlinking: /home/shesha/robot_ws/install/td3/share/td3//models/td_robot/velodyne_description/package.xml
[1.333s] -- Symlinking: /home/shesha/robot_ws/install/td3/share/td3//models/td_robot/velodyne_description/rviz/example.rviz
[1.342s] -- Symlinking: /home/shesha/robot_ws/install/td3/share/td3//models/td_robot/velodyne_description/urdf/HDL-32E.urdf.xacro
[1.351s] -- Symlinking: /home/shesha/robot_ws/install/td3/share/td3//models/td_robot/velodyne_description/urdf/VLP-16.urdf.xacro
[1.361s] -- Symlinking: /home/shesha/robot_ws/install/td3/share/td3//models/td_robot/velodyne_description/urdf/VLP-32C.urdf.xacro
[1.370s] -- Symlinking: /home/shesha/robot_ws/install/td3/share/td3//models/td_robot/velodyne_description/urdf/example.urdf.xacro
[1.379s] -- Symlinking: /home/shesha/robot_ws/install/td3/share/td3//models/td_robot/velodyne_description/world/example.world
[1.389s] -- Symlinking: /home/shesha/robot_ws/install/td3/share/td3//models/td_robot/velodyne_description/world/lio_sam.model
[1.399s] [33mCMake Warning (dev) at ament_cmake_symlink_install/ament_cmake_symlink_install.cmake:62 (file):
[1.399s]   Policy CMP0009 is not set: FILE GLOB_RECURSE calls should not follow
[1.399s]   symlinks by default.  Run "cmake --help-policy CMP0009" for policy details.
[1.399s]   Use the cmake_policy command to set the policy and suppress this warning.
[1.399s] Call Stack (most recent call first):
[1.400s]   ament_cmake_symlink_install/ament_cmake_symlink_install.cmake:314 (ament_cmake_symlink_install_directory)
[1.400s]   cmake_install.cmake:46 (include)
[1.400s] This warning is for project developers.  Use -Wno-dev to suppress it.
[1.400s] [0m
[1.400s] -- Symlinking: /home/shesha/robot_ws/install/td3/share/td3//scripts/__pycache__/point_cloud2.cpython-310.pyc
[1.408s] -- Symlinking: /home/shesha/robot_ws/install/td3/share/td3//scripts/__pycache__/replay_buffer.cpython-310.pyc
[1.418s] -- Symlinking: /home/shesha/robot_ws/install/td3/share/td3//scripts/build/.built_by
[1.429s] -- Symlinking: /home/shesha/robot_ws/install/td3/share/td3//scripts/build/COLCON_IGNORE
[1.438s] -- Symlinking: /home/shesha/robot_ws/install/td3/share/td3//scripts/install/.colcon_install_layout
[1.446s] -- Symlinking: /home/shesha/robot_ws/install/td3/share/td3//scripts/install/COLCON_IGNORE
[1.456s] -- Symlinking: /home/shesha/robot_ws/install/td3/share/td3//scripts/install/_local_setup_util_ps1.py
[1.466s] -- Symlinking: /home/shesha/robot_ws/install/td3/share/td3//scripts/install/_local_setup_util_sh.py
[1.476s] -- Symlinking: /home/shesha/robot_ws/install/td3/share/td3//scripts/install/local_setup.bash
[1.485s] -- Symlinking: /home/shesha/robot_ws/install/td3/share/td3//scripts/install/local_setup.ps1
[1.495s] -- Symlinking: /home/shesha/robot_ws/install/td3/share/td3//scripts/install/local_setup.sh
[1.504s] -- Symlinking: /home/shesha/robot_ws/install/td3/share/td3//scripts/install/local_setup.zsh
[1.514s] -- Symlinking: /home/shesha/robot_ws/install/td3/share/td3//scripts/install/setup.bash
[1.523s] -- Symlinking: /home/shesha/robot_ws/install/td3/share/td3//scripts/install/setup.ps1
[1.533s] -- Symlinking: /home/shesha/robot_ws/install/td3/share/td3//scripts/install/setup.sh
[1.542s] -- Symlinking: /home/shesha/robot_ws/install/td3/share/td3//scripts/install/setup.zsh
[1.552s] -- Symlinking: /home/shesha/robot_ws/install/td3/share/td3//scripts/log/COLCON_IGNORE
[1.561s] -- Symlinking: /home/shesha/robot_ws/install/td3/share/td3//scripts/log/build_2026-02-17_14-30-30/events.log
[1.571s] -- Symlinking: /home/shesha/robot_ws/install/td3/share/td3//scripts/log/build_2026-02-17_14-30-30/logger_all.log
[1.580s] -- Symlinking: /home/shesha/robot_ws/install/td3/share/td3//scripts/log/latest/events.log
[1.590s] -- Symlinking: /home/shesha/robot_ws/install/td3/share/td3//scripts/log/latest/logger_all.log
[1.598s] -- Symlinking: /home/shesha/robot_ws/install/td3/share/td3//scripts/log/latest_build/events.log
[1.608s] -- Symlinking: /home/shesha/robot_ws/install/td3/share/td3//scripts/log/latest_build/logger_all.log
[1.618s] -- Symlinking: /home/shesha/robot_ws/install/td3/share/td3//scripts/point_cloud2.py
[1.628s] -- Symlinking: /home/shesha/robot_ws/install/td3/share/td3//scripts/pytorch_models/td3_velodyne_actor.pth
[1.637s] -- Symlinking: /home/shesha/robot_ws/install/td3/share/td3//scripts/pytorch_models/td3_velodyne_critic.pth
[1.647s] -- Symlinking: /home/shesha/robot_ws/install/td3/share/td3//scripts/replay_buffer.py
[1.656s] -- Symlinking: /home/shesha/robot_ws/install/td3/share/td3//scripts/results/TD3_velodyne.npy
[1.666s] -- Symlinking: /home/shesha/robot_ws/install/td3/share/td3//scripts/runs/events.out.tfevents.1680403580.robotmania-MINIPC-PA90.28181.0
[1.675s] -- Symlinking: /home/shesha/robot_ws/install/td3/share/td3//scripts/runs/events.out.tfevents.1680403642.robotmania-MINIPC-PA90.28717.0
[1.684s] -- Symlinking: /home/shesha/robot_ws/install/td3/share/td3//scripts/test_4wheel_node.py
[1.694s] -- Symlinking: /home/shesha/robot_ws/install/td3/share/td3//scripts/train_4wheel_node.py
[1.705s] -- Symlinking: /home/shesha/robot_ws/install/td3/share/td3//urdf/meshes/laser/hokuyo.dae
[1.714s] -- Symlinking: /home/shesha/robot_ws/install/td3/share/td3//urdf/meshes/p3dx/Coordinates
[1.723s] -- Symlinking: /home/shesha/robot_ws/install/td3/share/td3//urdf/meshes/p3dx/back_rim.stl
[1.732s] -- Symlinking: /home/shesha/robot_ws/install/td3/share/td3//urdf/meshes/p3dx/back_sonar.stl
[1.741s] -- Symlinking: /home/shesha/robot_ws/install/td3/share/td3//urdf/meshes/p3dx/center_hubcap.stl
[1.751s] -- Symlinking: /home/shesha/robot_ws/install/td3/share/td3//urdf/meshes/p3dx/center_wheel.stl
[1.760s] -- Symlinking: /home/shesha/robot_ws/install/td3/share/td3//urdf/meshes/p3dx/chassis.stl
[1.770s] -- Symlinking: /home/shesha/robot_ws/install/td3/share/td3//urdf/meshes/p3dx/front_rim.stl
[1.779s] -- Symlinking: /home/shesha/robot_ws/install/td3/share/td3//urdf/meshes/p3dx/front_sonar.stl
[1.789s] -- Symlinking: /home/shesha/robot_ws/install/td3/share/td3//urdf/meshes/p3dx/left_hubcap.stl
[1.797s] -- Symlinking: /home/shesha/robot_ws/install/td3/share/td3//urdf/meshes/p3dx/left_wheel.stl
[1.807s] -- Symlinking: /home/shesha/robot_ws/install/td3/share/td3//urdf/meshes/p3dx/right_hubcap.stl
[1.816s] -- Symlinking: /home/shesha/robot_ws/install/td3/share/td3//urdf/meshes/p3dx/right_wheel.stl
[1.826s] -- Symlinking: /home/shesha/robot_ws/install/td3/share/td3//urdf/meshes/p3dx/swivel.stl
[1.836s] -- Symlinking: /home/shesha/robot_ws/install/td3/share/td3//urdf/meshes/p3dx/top.stl
[1.846s] -- Symlinking: /home/shesha/robot_ws/install/td3/share/td3//urdf/td_robot.urdf
[1.856s] -- Symlinking: /home/shesha/robot_ws/install/td3/share/td3//worlds/td3.world
[1.865s] -- Symlinking: /home/shesha/robot_ws/install/td3/lib/td3/replay_buffer.py
[1.874s] -- Symlinking: /home/shesha/robot_ws/install/td3/lib/td3/test_4wheel_node.py
[1.884s] -- Symlinking: /home/shesha/robot_ws/install/td3/lib/td3/train_4wheel_node.py
[1.894s] -- Symlinking: /home/shesha/robot_ws/install/td3/lib/td3/point_cloud2.py
[1.904s] -- Up-to-date symlink: /home/shesha/robot_ws/install/td3/share/td3/launch/multi_robot_scenario.launch.py
[1.904s] -- Up-to-date symlink: /home/shesha/robot_ws/install/td3/share/td3/launch/pioneer3dx.rviz
[1.904s] -- Up-to-date symlink: /home/shesha/robot_ws/install/td3/share/td3/launch/robot_state_publisher.launch.py
[1.904s] -- Up-to-date symlink: /home/shesha/robot_ws/install/td3/share/td3/launch/test_simulation.launch.py
[1.904s] -- Up-to-date symlink: /home/shesha/robot_ws/install/td3/share/td3/launch/training_simulation.launch.py
[1.905s] -- Up-to-date symlink: /home/shesha/robot_ws/install/td3/share/td3/models/td_robot/meshes/laser/hokuyo.dae
[1.905s] -- Up-to-date symlink: /home/shesha/robot_ws/install/td3/share/td3/models/td_robot/meshes/p3dx/Coordinates
[1.905s] -- Up-to-date symlink: /home/shesha/robot_ws/install/td3/share/td3/models/td_robot/meshes/p3dx/back_rim.stl
[1.906s] -- Up-to-date symlink: /home/shesha/robot_ws/install/td3/share/td3/models/td_robot/meshes/p3dx/back_sonar.stl
[1.906s] -- Up-to-date symlink: /home/shesha/robot_ws/install/td3/share/td3/models/td_robot/meshes/p3dx/center_hubcap.stl
[1.906s] -- Up-to-date symlink: /home/shesha/robot_ws/install/td3/share/td3/models/td_robot/meshes/p3dx/center_wheel.stl
[1.906s] -- Up-to-date symlink: /home/shesha/robot_ws/install/td3/share/td3/models/td_robot/meshes/p3dx/chassis.stl
[1.906s] -- Up-to-date symlink: /home/shesha/robot_ws/install/td3/share/td3/models/td_robot/meshes/p3dx/front_rim.stl
[1.906s] -- Up-to-date symlink: /home/shesha/robot_ws/install/td3/share/td3/models/td_robot/meshes/p3dx/front_sonar.stl
[1.906s] -- Up-to-date symlink: /home/shesha/robot_ws/install/td3/share/td3/models/td_robot/meshes/p3dx/left_hubcap.stl
[1.906s] -- Up-to-date symlink: /home/shesha/robot_ws/install/td3/share/td3/models/td_robot/meshes/p3dx/left_wheel.stl
[1.906s] -- Up-to-date symlink: /home/shesha/robot_ws/install/td3/share/td3/models/td_robot/meshes/p3dx/right_hubcap.stl
[1.906s] -- Up-to-date symlink: /home/shesha/robot_ws/install/td3/share/td3/models/td_robot/meshes/p3dx/right_wheel.stl
[1.907s] -- Up-to-date symlink: /home/shesha/robot_ws/install/td3/share/td3/models/td_robot/meshes/p3dx/swivel.stl
[1.907s] -- Up-to-date symlink: /home/shesha/robot_ws/install/td3/share/td3/models/td_robot/meshes/p3dx/top.stl
[1.907s] -- Up-to-date symlink: /home/shesha/robot_ws/install/td3/share/td3/models/td_robot/model.config
[1.907s] -- Up-to-date symlink: /home/shesha/robot_ws/install/td3/share/td3/models/td_robot/td_robot.sdf
[1.907s] -- Up-to-date symlink: /home/shesha/robot_ws/install/td3/share/td3/models/td_robot/velodyne_description/CHANGELOG.rst
[1.907s] -- Up-to-date symlink: /home/shesha/robot_ws/install/td3/share/td3/models/td_robot/velodyne_description/CMakeLists.txt
[1.907s] -- Up-to-date symlink: /home/shesha/robot_ws/install/td3/share/td3/models/td_robot/velodyne_description/launch/example-launch.py
[1.907s] -- Up-to-date symlink: /home/shesha/robot_ws/install/td3/share/td3/models/td_robot/velodyne_description/meshes/HDL32E_base.dae
[1.907s] -- Up-to-date symlink: /home/shesha/robot_ws/install/td3/share/td3/models/td_robot/velodyne_description/meshes/HDL32E_base.stl
[1.908s] -- Up-to-date symlink: /home/shesha/robot_ws/install/td3/share/td3/models/td_robot/velodyne_description/meshes/HDL32E_scan.dae
[1.908s] -- Up-to-date symlink: /home/shesha/robot_ws/install/td3/share/td3/models/td_robot/velodyne_description/meshes/HDL32E_scan.stl
[1.908s] -- Up-to-date symlink: /home/shesha/robot_ws/install/td3/share/td3/models/td_robot/velodyne_description/meshes/VLP16_base_1.dae
[1.908s] -- Up-to-date symlink: /home/shesha/robot_ws/install/td3/share/td3/models/td_robot/velodyne_description/meshes/VLP16_base_1.stl
[1.908s] -- Up-to-date symlink: /home/shesha/robot_ws/install/td3/share/td3/models/td_robot/velodyne_description/meshes/VLP16_base_2.dae
[1.908s] -- Up-to-date symlink: /home/shesha/robot_ws/install/td3/share/td3/models/td_robot/velodyne_description/meshes/VLP16_base_2.stl
[1.908s] -- Up-to-date symlink: /home/shesha/robot_ws/install/td3/share/td3/models/td_robot/velodyne_description/meshes/VLP16_scan.dae
[1.908s] -- Up-to-date symlink: /home/shesha/robot_ws/install/td3/share/td3/models/td_robot/velodyne_description/meshes/VLP16_scan.stl
[1.908s] -- Up-to-date symlink: /home/shesha/robot_ws/install/td3/share/td3/models/td_robot/velodyne_description/models/rs_robot/meshes/DAE/base/base_link.dae
[1.909s] -- Up-to-date symlink: /home/shesha/robot_ws/install/td3/share/td3/models/td_robot/velodyne_description/models/rs_robot/meshes/DAE/base/base_linkOLD.dae
[1.909s] -- Up-to-date symlink: /home/shesha/robot_ws/install/td3/share/td3/models/td_robot/velodyne_description/models/rs_robot/meshes/DAE/lidar_base/YDlidar_base.dae
[1.909s] -- Up-to-date symlink: /home/shesha/robot_ws/install/td3/share/td3/models/td_robot/velodyne_description/models/rs_robot/meshes/DAE/lidar_head/YDlidar_head.dae
[1.909s] -- Up-to-date symlink: /home/shesha/robot_ws/install/td3/share/td3/models/td_robot/velodyne_description/models/rs_robot/meshes/DAE/sensors/camera/camera.dae
[1.909s] -- Up-to-date symlink: /home/shesha/robot_ws/install/td3/share/td3/models/td_robot/velodyne_description/models/rs_robot/meshes/DAE/sensors/front_lrf/front_lrf.dae
[1.909s] -- Up-to-date symlink: /home/shesha/robot_ws/install/td3/share/td3/models/td_robot/velodyne_description/models/rs_robot/meshes/DAE/sensors/front_lrf/lrf_texture.png
[1.909s] -- Up-to-date symlink: /home/shesha/robot_ws/install/td3/share/td3/models/td_robot/velodyne_description/models/rs_robot/meshes/DAE/sensors/gim30/gim30.dae
[1.910s] -- Up-to-date symlink: /home/shesha/robot_ws/install/td3/share/td3/models/td_robot/velodyne_description/models/rs_robot/meshes/DAE/sensors/gim30/gim30_lrf_texture.png
[1.910s] -- Up-to-date symlink: /home/shesha/robot_ws/install/td3/share/td3/models/td_robot/velodyne_description/models/rs_robot/meshes/DAE/sensors/gps/gps.dae
[1.910s] -- Up-to-date symlink: /home/shesha/robot_ws/install/td3/share/td3/models/td_robot/velodyne_description/models/rs_robot/meshes/DAE/sensors/gps/gps_texture.png
[1.910s] -- Up-to-date symlink: /home/shesha/robot_ws/install/td3/share/td3/models/td_robot/velodyne_description/models/rs_robot/meshes/DAE/sensors/rear_lrf/rear_lrf.dae
[1.910s] -- Up-to-date symlink: /home/shesha/robot_ws/install/td3/share/td3/models/td_robot/velodyne_description/models/rs_robot/meshes/DAE/sensors/rear_lrf/urg_texture.png
[1.910s] -- Up-to-date symlink: /home/shesha/robot_ws/install/td3/share/td3/models/td_robot/velodyne_description/models/rs_robot/meshes/DAE/suspension/front_left_link.dae
[1.910s] -- Up-to-date symlink: /home/shesha/robot_ws/install/td3/share/td3/models/td_robot/velodyne_description/models/rs_robot/meshes/DAE/suspension/front_right_link.dae
[1.911s] -- Up-to-date symlink: /home/shesha/robot_ws/install/td3/share/td3/models/td_robot/velodyne_description/models/rs_robot/meshes/DAE/suspension/rear_left_link.dae
[1.911s] -- Up-to-date symlink: /home/shesha/robot_ws/install/td3/share/td3/models/td_robot/velodyne_description/models/rs_robot/meshes/DAE/suspension/rear_right_link.dae
[1.911s] -- Up-to-date symlink: /home/shesha/robot_ws/install/td3/share/td3/models/td_robot/velodyne_description/models/rs_robot/meshes/DAE/wheel/wheel_link.dae
[1.911s] -- Up-to-date symlink: /home/shesha/robot_ws/install/td3/share/td3/models/td_robot/velodyne_description/models/rs_robot/meshes/STL/base/base_link.stl
[1.911s] -- Up-to-date symlink: /home/shesha/robot_ws/install/td3/share/td3/models/td_robot/velodyne_description/models/rs_robot/meshes/STL/base/base_link_old.stl
[1.911s] -- Up-to-date symlink: /home/shesha/robot_ws/install/td3/share/td3/models/td_robot/velodyne_description/models/rs_robot/meshes/STL/lidar_base/YDlidar_base.stl
[1.911s] -- Up-to-date symlink: /home/shesha/robot_ws/install/td3/share/td3/models/td_robot/velodyne_description/models/rs_robot/meshes/STL/lidar_head/YDlidar_head v4.stl
[1.911s] -- Up-to-date symlink: /home/shesha/robot_ws/install/td3/share/td3/models/td_robot/velodyne_description/models/rs_robot/meshes/STL/sensors/front_lrf/front_lrf.stl
[1.912s] -- Up-to-date symlink: /home/shesha/robot_ws/install/td3/share/td3/models/td_robot/velodyne_description/models/rs_robot/meshes/STL/sensors/gim30/gim30.stl
[1.912s] -- Up-to-date symlink: /home/shesha/robot_ws/install/td3/share/td3/models/td_robot/velodyne_description/models/rs_robot/meshes/STL/sensors/gps/gps.stl
[1.912s] -- Up-to-date symlink: /home/shesha/robot_ws/install/td3/share/td3/models/td_robot/velodyne_description/models/rs_robot/meshes/STL/sensors/rear_lrf/rear_lrf.stl
[1.912s] -- Up-to-date symlink: /home/shesha/robot_ws/install/td3/share/td3/models/td_robot/velodyne_description/models/rs_robot/meshes/STL/suspension/FRONT_LEFT_LINKSTL.stl
[1.912s] -- Up-to-date symlink: /home/shesha/robot_ws/install/td3/share/td3/models/td_robot/velodyne_description/models/rs_robot/meshes/STL/suspension/FRONT_RIGHT_LINKSTL.stl
[1.912s] -- Up-to-date symlink: /home/shesha/robot_ws/install/td3/share/td3/models/td_robot/velodyne_description/models/rs_robot/meshes/STL/suspension/REAR_LEFT_LINKSTL.stl
[1.912s] -- Up-to-date symlink: /home/shesha/robot_ws/install/td3/share/td3/models/td_robot/velodyne_description/models/rs_robot/meshes/STL/suspension/REAR_RIGHT_LINKSTL.stl
[1.913s] -- Up-to-date symlink: /home/shesha/robot_ws/install/td3/share/td3/models/td_robot/velodyne_description/models/rs_robot/meshes/STL/suspension/sus_link.stl
[1.913s] -- Up-to-date symlink: /home/shesha/robot_ws/install/td3/share/td3/models/td_robot/velodyne_description/models/rs_robot/meshes/STL/wheel/robot_wheel.stl
[1.913s] -- Up-to-date symlink: /home/shesha/robot_ws/install/td3/share/td3/models/td_robot/velodyne_description/models/rs_robot/model.config
[1.913s] -- Up-to-date symlink: /home/shesha/robot_ws/install/td3/share/td3/models/td_robot/velodyne_description/models/rs_robot/rs_robot.sdf
[1.913s] -- Up-to-date symlink: /home/shesha/robot_ws/install/td3/share/td3/models/td_robot/velodyne_description/package.xml
[1.913s] -- Up-to-date symlink: /home/shesha/robot_ws/install/td3/share/td3/models/td_robot/velodyne_description/rviz/example.rviz
[1.913s] -- Up-to-date symlink: /home/shesha/robot_ws/install/td3/share/td3/models/td_robot/velodyne_description/urdf/HDL-32E.urdf.xacro
[1.913s] -- Up-to-date symlink: /home/shesha/robot_ws/install/td3/share/td3/models/td_robot/velodyne_description/urdf/VLP-16.urdf.xacro
[1.913s] -- Up-to-date symlink: /home/shesha/robot_ws/install/td3/share/td3/models/td_robot/velodyne_description/urdf/VLP-32C.urdf.xacro
[1.914s] -- Up-to-date symlink: /home/shesha/robot_ws/install/td3/share/td3/models/td_robot/velodyne_description/urdf/example.urdf.xacro
[1.914s] -- Up-to-date symlink: /home/shesha/robot_ws/install/td3/share/td3/models/td_robot/velodyne_description/world/example.world
[1.914s] -- Up-to-date symlink: /home/shesha/robot_ws/install/td3/share/td3/models/td_robot/velodyne_description/world/lio_sam.model
[1.914s] -- Up-to-date symlink: /home/shesha/robot_ws/install/td3/share/td3/urdf/meshes/laser/hokuyo.dae
[1.914s] -- Up-to-date symlink: /home/shesha/robot_ws/install/td3/share/td3/urdf/meshes/p3dx/Coordinates
[1.914s] -- Up-to-date symlink: /home/shesha/robot_ws/install/td3/share/td3/urdf/meshes/p3dx/back_rim.stl
[1.915s] -- Up-to-date symlink: /home/shesha/robot_ws/install/td3/share/td3/urdf/meshes/p3dx/back_sonar.stl
[1.915s] -- Up-to-date symlink: /home/shesha/robot_ws/install/td3/share/td3/urdf/meshes/p3dx/center_hubcap.stl
[1.915s] -- Up-to-date symlink: /home/shesha/robot_ws/install/td3/share/td3/urdf/meshes/p3dx/center_wheel.stl
[1.915s] -- Up-to-date symlink: /home/shesha/robot_ws/install/td3/share/td3/urdf/meshes/p3dx/chassis.stl
[1.915s] -- Up-to-date symlink: /home/shesha/robot_ws/install/td3/share/td3/urdf/meshes/p3dx/front_rim.stl
[1.915s] -- Up-to-date symlink: /home/shesha/robot_ws/install/td3/share/td3/urdf/meshes/p3dx/front_sonar.stl
[1.915s] -- Up-to-date symlink: /home/shesha/robot_ws/install/td3/share/td3/urdf/meshes/p3dx/left_hubcap.stl
[1.915s] -- Up-to-date symlink: /home/shesha/robot_ws/install/td3/share/td3/urdf/meshes/p3dx/left_wheel.stl
[1.915s] -- Up-to-date symlink: /home/shesha/robot_ws/install/td3/share/td3/urdf/meshes/p3dx/right_hubcap.stl
[1.915s] -- Up-to-date symlink: /home/shesha/robot_ws/install/td3/share/td3/urdf/meshes/p3dx/right_wheel.stl
[1.916s] -- Up-to-date symlink: /home/shesha/robot_ws/install/td3/share/td3/urdf/meshes/p3dx/swivel.stl
[1.916s] -- Up-to-date symlink: /home/shesha/robot_ws/install/td3/share/td3/urdf/meshes/p3dx/top.stl
[1.916s] -- Up-to-date symlink: /home/shesha/robot_ws/install/td3/share/td3/urdf/td_robot.urdf
[1.916s] -- Up-to-date symlink: /home/shesha/robot_ws/install/td3/share/td3/worlds/td3.world
[1.916s] -- Symlinking: /home/shesha/robot_ws/install/td3/share/ament_index/resource_index/package_run_dependencies/td3
[1.926s] -- Symlinking: /home/shesha/robot_ws/install/td3/share/ament_index/resource_index/parent_prefix_path/td3
[1.935s] -- Symlinking: /home/shesha/robot_ws/install/td3/share/td3/environment/ament_prefix_path.sh
[1.945s] -- Symlinking: /home/shesha/robot_ws/install/td3/share/td3/environment/ament_prefix_path.dsv
[1.954s] -- Symlinking: /home/shesha/robot_ws/install/td3/share/td3/environment/path.sh
[1.964s] -- Symlinking: /home/shesha/robot_ws/install/td3/share/td3/environment/path.dsv
[1.973s] -- Symlinking: /home/shesha/robot_ws/install/td3/share/td3/local_setup.bash
[1.982s] -- Symlinking: /home/shesha/robot_ws/install/td3/share/td3/local_setup.sh
[1.991s] -- Symlinking: /home/shesha/robot_ws/install/td3/share/td3/local_setup.zsh
[2.002s] -- Symlinking: /home/shesha/robot_ws/install/td3/share/td3/local_setup.dsv
[2.011s] -- Symlinking: /home/shesha/robot_ws/install/td3/share/td3/package.dsv
[2.020s] -- Symlinking: /home/shesha/robot_ws/install/td3/share/ament_index/resource_index/packages/td3
[2.029s] -- Symlinking: /home/shesha/robot_ws/install/td3/share/td3/cmake/td3Config.cmake
[2.038s] -- Symlinking: /home/shesha/robot_ws/install/td3/share/td3/cmake/td3Config-version.cmake
[2.048s] -- Symlinking: /home/shesha/robot_ws/install/td3/share/td3/package.xml
[2.060s] Invoked command in '/home/shesha/robot_ws/build/td3' returned '0': CMAKE_PREFIX_PATH=${CMAKE_PREFIX_PATH}:/opt/ros/humble /usr/bin/cmake --install /home/shesha/robot_ws/build/td3
